GAS LISTING C:\Users\jean\AppData\Local\Temp\cc7DHRH8.s 			page 1


   1              		.file	"chsys.c"
   2              		.section	".text","axv"
   3              	.Ltext0:
   4              		.cfi_sections	.debug_frame
   5              		.section	.text._idle_thread,"axv",@progbits
   6              		.align 1
   7              		.p2align 4,,15
   8              		.globl _idle_thread
   9              		.type	_idle_thread, @function
  10              	_idle_thread:
  11              	.LFB15:
  12              		.file 1 "./components/chibios_rt_portable_kernel_component/lib/src/chsys.c"
  13              		.loc 1 61 0
  14              		.cfi_startproc
  15              	.LVL0:
  16              		.loc 1 64 0
  17 0000 7120E000 		e_lis %r9,rlist+24@ha
  18 0004 51490000 		e_lwz %r10,rlist+24@l(%r9)
  19 0008 7120E000 		e_lis %r9,.LC0@ha
  20 000c 1D290000 		e_la %r9,.LC0@l(%r9)
  21 0010 552A0018 		e_stw %r9,24(%r10)
  22              	.L2:
  23              		.loc 1 68 0 discriminator 1
  24 0014 78000000 		e_b .L2
  25              		.cfi_endproc
  26              	.LFE15:
  27              		.size	_idle_thread, .-_idle_thread
  28              		.section	.text.chSysInit,"axv",@progbits
  29              		.align 1
  30              		.p2align 4,,15
  31              		.globl chSysInit
  32              		.type	chSysInit, @function
  33              	chSysInit:
  34              	.LFB16:
  35              		.loc 1 84 0
  36              		.cfi_startproc
  37 0000 182106F8 		e_stwu %r1,-8(%r1)
  38              	.LCFI0:
  39              		.cfi_def_cfa_offset 8
  40 0004 0080     		se_mflr %r0
  41 0006 D301     		se_stw %r0,12(%r1)
  42              		.cfi_offset 65, 4
  43              		.loc 1 90 0
  44 0008 78000001 		e_bl port_init
  45              	.LVL1:
  46              		.loc 1 91 0
  47 000c 78000001 		e_bl _scheduler_init
  48              	.LVL2:
  49              		.loc 1 92 0
  50 0010 78000001 		e_bl _vt_init
  51              	.LVL3:
  52              		.loc 1 94 0
  53 0014 78000001 		e_bl _core_init
  54              	.LVL4:
  55              		.loc 1 97 0
  56 0018 78000001 		e_bl _heap_init
  57              	.LVL5:
GAS LISTING C:\Users\jean\AppData\Local\Temp\cc7DHRH8.s 			page 2


  58              		.loc 1 104 0
  59 001c 4C04     		se_li %r4,64
  60 001e 7060E000 		e_lis %r3,.LANCHOR0@ha
  61 0022 1C630000 		e_la %r3,.LANCHOR0@l(%r3)
  62 0026 78000001 		e_bl _thread_init
  63              	.LVL6:
  64              		.loc 1 105 0
  65 002a 71400001 		e_li %r10,1
  66              		.loc 1 104 0
  67 002e 7120E000 		e_lis %r9,rlist@ha
  68              		.loc 1 105 0
  69 0032 3543001C 		e_stb %r10,28(%r3)
  70              		.loc 1 104 0
  71 0036 1D290000 		e_la %r9,rlist@l(%r9)
  72 003a 54690018 		e_stw %r3,24(%r9)
  73              	.LBB10:
  74              	.LBB11:
  75              		.file 2 "./components/chibios_rt_portable_kernel_component/lib/include/chsys.h"
  76              		.loc 2 140 0
  77              	 # 140 "./components/chibios_rt_portable_kernel_component/lib/include/chsys.h" 1
  78 003e 7C008146 		wrteei  1
  79              	 # 0 "" 2
  80              	.LBE11:
  81              	.LBE10:
  82              		.loc 1 121 0
  83 0042 7060E000 		e_lis %r3,.LANCHOR1@ha
  84              		.loc 1 115 0
  85 0046 51490018 		e_lwz %r10,24(%r9)
  86              		.loc 1 124 0
  87 004a C301     		se_lwz %r0,12(%r1)
  88              		.loc 1 115 0
  89 004c 7120E000 		e_lis %r9,ch_debug@ha
  90              		.loc 1 121 0
  91 0050 70C0E000 		e_lis %r6,_idle_thread@ha
  92              		.loc 1 115 0
  93 0054 1D290000 		e_la %r9,ch_debug@l(%r9)
  94              		.loc 1 121 0
  95 0058 1C630000 		e_la %r3,.LANCHOR1@l(%r3)
  96              		.loc 1 115 0
  97 005c 552A0018 		e_stw %r9,24(%r10)
  98              		.loc 1 121 0
  99 0060 70800208 		e_li %r4,520
 100              		.loc 1 124 0
 101              		.loc 1 121 0
 102 0064 4815     		se_li %r5,1
 103 0066 1CC60000 		e_la %r6,_idle_thread@l(%r6)
 104 006a 4807     		se_li %r7,0
 105              		.loc 1 124 0
 106 006c 0090     		se_mtlr %r0
 107              		.cfi_restore 65
 108 006e 2071     		se_addi %r1,8
 109              	.LCFI1:
 110              		.cfi_def_cfa_offset 0
 111              		.loc 1 121 0
 112 0070 78000000 		e_b chThdCreateStatic
 113              	.LVL7:
 114              		.cfi_endproc
GAS LISTING C:\Users\jean\AppData\Local\Temp\cc7DHRH8.s 			page 3


 115              	.LFE16:
 116              		.size	chSysInit, .-chSysInit
 117              		.section	.text.chSysTimerHandlerI,"axv",@progbits
 118              		.align 1
 119              		.p2align 4,,15
 120              		.globl chSysTimerHandlerI
 121              		.type	chSysTimerHandlerI, @function
 122              	chSysTimerHandlerI:
 123              	.LFB17:
 124              		.loc 1 137 0
 125              		.cfi_startproc
 126 0000 182106F0 		e_stwu %r1,-16(%r1)
 127              	.LCFI2:
 128              		.cfi_def_cfa_offset 16
 129 0004 0080     		se_mflr %r0
 130 0006 1BC10908 		e_stmw %r30,8(%r1)
 131 000a D501     		se_stw %r0,20(%r1)
 132              		.cfi_offset 65, 4
 133              		.cfi_offset 30, -8
 134              		.cfi_offset 31, -4
 135              		.loc 1 143 0
 136 000c 7120E000 		e_lis %r9,rlist+24@ha
 137 0010 51290000 		e_lwz %r9,rlist+24@l(%r9)
 138 0014 3149001F 		e_lbz %r10,31(%r9)
 139 0018 182AA800 		e_cmpi %cr1,%r10,0
 140 001c 7A16000C 		e_beq %cr1,.L6
 141              		.loc 1 145 0
 142 0020 194A84FF 		e_addi %r10,%r10,-1
 143 0024 3549001F 		e_stb %r10,31(%r9)
 144              	.L6:
 145              		.loc 1 148 0
 146 0028 51490020 		e_lwz %r10,32(%r9)
 147              		.loc 1 150 0
 148 002c 7100E000 		e_lis %r8,vtlist@ha
 149              		.loc 1 148 0
 150 0030 194A8001 		e_addi %r10,%r10,1
 151              		.loc 1 150 0
 152 0034 1FE80000 		e_la %r31,vtlist@l(%r8)
 153              		.loc 1 148 0
 154 0038 55490020 		e_stw %r10,32(%r9)
 155              		.loc 1 150 0
 156 003c 51280000 		e_lwz %r9,vtlist@l(%r8)
 157 0040 515F000C 		e_lwz %r10,12(%r31)
 158 0044 7C89F800 		cmp %cr1,%r9,%r31
 159 0048 194A8001 		e_addi %r10,%r10,1
 160 004c 555F000C 		e_stw %r10,12(%r31)
 161 0050 7A160048 		e_beq %cr1,.L5
 162              	.LBB12:
 163              		.loc 1 150 0 is_stmt 0 discriminator 1
 164 0054 51490008 		e_lwz %r10,8(%r9)
 165 0058 194A84FF 		e_addi %r10,%r10,-1
 166 005c 55490008 		e_stw %r10,8(%r9)
 167              	.LVL8:
 168 0060 182AA800 		e_cmpi %cr1,%r10,0
 169 0064 7A060034 		e_bne %cr1,.L5
 170              	.LBB13:
 171              		.loc 1 150 0 discriminator 4
GAS LISTING C:\Users\jean\AppData\Local\Temp\cc7DHRH8.s 			page 4


 172 0068 480E     		se_li %r30,0
 173              	.L9:
 174 006a 5109000C 		e_lwz %r8,12(%r9)
 175              	.LVL9:
 176 006e 51490000 		e_lwz %r10,0(%r9)
 177 0072 57C9000C 		e_stw %r30,12(%r9)
 178 0076 50690010 		e_lwz %r3,16(%r9)
 179 007a 555F0000 		e_stw %r10,0(%r31)
 180 007e 57EA0004 		e_stw %r31,4(%r10)
 181 0082 7D0903A6 		mtctr %r8
 182 0086 0007     		se_bctrl
 183              	.LVL10:
 184              	.LBE13:
 185 0088 513F0000 		e_lwz %r9,0(%r31)
 186              	.LVL11:
 187 008c 51490008 		e_lwz %r10,8(%r9)
 188 0090 182AA800 		e_cmpi %cr1,%r10,0
 189 0094 7A16FFD6 		e_beq %cr1,.L9
 190              	.LVL12:
 191              	.L5:
 192              	.LBE12:
 193              		.loc 1 154 0 is_stmt 1
 194 0098 C501     		se_lwz %r0,20(%r1)
 195 009a 0090     		se_mtlr %r0
 196              		.cfi_restore 65
 197 009c 1BC10808 		e_lmw %r30,8(%r1)
 198 00a0 20F1     		se_addi %r1,16
 199              	.LCFI3:
 200              		.cfi_restore 31
 201              		.cfi_restore 30
 202              		.cfi_def_cfa_offset 0
 203 00a2 0004     		se_blr
 204              		.cfi_endproc
 205              	.LFE17:
 206              		.size	chSysTimerHandlerI, .-chSysTimerHandlerI
 207              		.globl _idle_thread_wa
 208              		.section	.rodata.str1.4,"aMS",@progbits,1
 209              		.align 2
 210              	.LC0:
 211 0000 69646C65 		.string	"idle"
 211      00
 212              		.section	.bss.mainthread.2127,"aw",@nobits
 213              		.align 2
 214              		.set	.LANCHOR0,. + 0
 215              		.type	mainthread.2127, @object
 216              		.size	mainthread.2127, 72
 217              	mainthread.2127:
 218 0000 00000000 		.zero	72
 218      00000000 
 218      00000000 
 218      00000000 
 218      00000000 
 219              		.section	.bss._idle_thread_wa,"aw",@nobits
 220              		.align 3
 221              		.set	.LANCHOR1,. + 0
 222              		.type	_idle_thread_wa, @object
 223              		.size	_idle_thread_wa, 520
GAS LISTING C:\Users\jean\AppData\Local\Temp\cc7DHRH8.s 			page 5


 224              	_idle_thread_wa:
 225 0000 00000000 		.zero	520
 225      00000000 
 225      00000000 
 225      00000000 
 225      00000000 
 226              		.section	".text","axv"
 227              	.Letext0:
 228              		.file 3 "c:\\spc5studio\\eclipse\\plugins\\com.st.tools.spc5.tools.gnu.gcc.ppcvle.win32_1.0.0.2016
 229              		.file 4 "c:\\spc5studio\\eclipse\\plugins\\com.st.tools.spc5.tools.gnu.gcc.ppcvle.win32_1.0.0.2016
 230              		.file 5 "c:\\spc5studio\\eclipse\\plugins\\com.st.tools.spc5.tools.gnu.gcc.ppcvle.win32_1.0.0.2016
 231              		.file 6 "./components/chibios_rt_spc560dxx_kernel_port_component/lib/include/chtypes.h"
 232              		.file 7 "./components/chibios_rt_portable_kernel_component/lib/include/chlists.h"
 233              		.file 8 "./components/chibios_rt_portable_kernel_component/lib/include/chthreads.h"
 234              		.file 9 "./components/chibios_rt_spc560dxx_kernel_port_component/lib/include/chcore.h"
 235              		.file 10 "./components/chibios_rt_portable_kernel_component/lib/include/chvt.h"
 236              		.file 11 "./components/chibios_rt_portable_kernel_component/lib/include/chschd.h"
 237              		.file 12 "./components/chibios_rt_portable_kernel_component/lib/include/chmtx.h"
 238              		.file 13 "./components/chibios_rt_portable_kernel_component/lib/include/chregistry.h"
 239              		.file 14 "./components/chibios_rt_portable_kernel_component/lib/include/chmemcore.h"
 240              		.file 15 "./components/chibios_rt_portable_kernel_component/lib/include/chheap.h"
 241              		.section	.debug_info,"",@progbits
 242              	.Ldebug_info0:
 243 0000 00000955 		.4byte	0x955
 244 0004 0002     		.2byte	0x2
 245 0006 00000000 		.4byte	.Ldebug_abbrev0
 246 000a 04       		.byte	0x4
 247 000b 01       		.uleb128 0x1
 248 000c 00000000 		.4byte	.LASF116
 249 0010 01       		.byte	0x1
 250 0011 00000000 		.4byte	.LASF117
 251 0015 00000000 		.4byte	.LASF118
 252 0019 00000000 		.4byte	.Ldebug_ranges0+0
 253 001d 00000000 		.4byte	0
 254 0021 00000000 		.4byte	0
 255 0025 00000000 		.4byte	.Ldebug_line0
 256 0029 02       		.uleb128 0x2
 257 002a 04       		.byte	0x4
 258 002b 05       		.byte	0x5
 259 002c 696E7400 		.string	"int"
 260 0030 03       		.uleb128 0x3
 261 0031 00000000 		.4byte	.LASF3
 262 0035 03       		.byte	0x3
 263 0036 D4       		.byte	0xd4
 264 0037 0000003B 		.4byte	0x3b
 265 003b 04       		.uleb128 0x4
 266 003c 04       		.byte	0x4
 267 003d 07       		.byte	0x7
 268 003e 00000000 		.4byte	.LASF0
 269 0042 04       		.uleb128 0x4
 270 0043 04       		.byte	0x4
 271 0044 05       		.byte	0x5
 272 0045 00000000 		.4byte	.LASF1
 273 0049 04       		.uleb128 0x4
 274 004a 01       		.byte	0x1
 275 004b 06       		.byte	0x6
 276 004c 00000000 		.4byte	.LASF2
GAS LISTING C:\Users\jean\AppData\Local\Temp\cc7DHRH8.s 			page 6


 277 0050 03       		.uleb128 0x3
 278 0051 00000000 		.4byte	.LASF4
 279 0055 04       		.byte	0x4
 280 0056 1D       		.byte	0x1d
 281 0057 0000005B 		.4byte	0x5b
 282 005b 04       		.uleb128 0x4
 283 005c 01       		.byte	0x1
 284 005d 08       		.byte	0x8
 285 005e 00000000 		.4byte	.LASF5
 286 0062 04       		.uleb128 0x4
 287 0063 02       		.byte	0x2
 288 0064 05       		.byte	0x5
 289 0065 00000000 		.4byte	.LASF6
 290 0069 03       		.uleb128 0x3
 291 006a 00000000 		.4byte	.LASF7
 292 006e 04       		.byte	0x4
 293 006f 2B       		.byte	0x2b
 294 0070 00000074 		.4byte	0x74
 295 0074 04       		.uleb128 0x4
 296 0075 02       		.byte	0x2
 297 0076 07       		.byte	0x7
 298 0077 00000000 		.4byte	.LASF8
 299 007b 03       		.uleb128 0x3
 300 007c 00000000 		.4byte	.LASF9
 301 0080 04       		.byte	0x4
 302 0081 3F       		.byte	0x3f
 303 0082 00000042 		.4byte	0x42
 304 0086 03       		.uleb128 0x3
 305 0087 00000000 		.4byte	.LASF10
 306 008b 04       		.byte	0x4
 307 008c 41       		.byte	0x41
 308 008d 00000091 		.4byte	0x91
 309 0091 04       		.uleb128 0x4
 310 0092 04       		.byte	0x4
 311 0093 07       		.byte	0x7
 312 0094 00000000 		.4byte	.LASF11
 313 0098 04       		.uleb128 0x4
 314 0099 08       		.byte	0x8
 315 009a 05       		.byte	0x5
 316 009b 00000000 		.4byte	.LASF12
 317 009f 04       		.uleb128 0x4
 318 00a0 08       		.byte	0x8
 319 00a1 07       		.byte	0x7
 320 00a2 00000000 		.4byte	.LASF13
 321 00a6 03       		.uleb128 0x3
 322 00a7 00000000 		.4byte	.LASF14
 323 00ab 05       		.byte	0x5
 324 00ac 15       		.byte	0x15
 325 00ad 00000050 		.4byte	0x50
 326 00b1 03       		.uleb128 0x3
 327 00b2 00000000 		.4byte	.LASF15
 328 00b6 05       		.byte	0x5
 329 00b7 21       		.byte	0x21
 330 00b8 00000069 		.4byte	0x69
 331 00bc 03       		.uleb128 0x3
 332 00bd 00000000 		.4byte	.LASF16
 333 00c1 05       		.byte	0x5
GAS LISTING C:\Users\jean\AppData\Local\Temp\cc7DHRH8.s 			page 7


 334 00c2 2C       		.byte	0x2c
 335 00c3 0000007B 		.4byte	0x7b
 336 00c7 03       		.uleb128 0x3
 337 00c8 00000000 		.4byte	.LASF17
 338 00cc 05       		.byte	0x5
 339 00cd 2D       		.byte	0x2d
 340 00ce 00000086 		.4byte	0x86
 341 00d2 04       		.uleb128 0x4
 342 00d3 01       		.byte	0x1
 343 00d4 02       		.byte	0x2
 344 00d5 00000000 		.4byte	.LASF18
 345 00d9 03       		.uleb128 0x3
 346 00da 00000000 		.4byte	.LASF19
 347 00de 06       		.byte	0x6
 348 00df 39       		.byte	0x39
 349 00e0 000000A6 		.4byte	0xa6
 350 00e4 03       		.uleb128 0x3
 351 00e5 00000000 		.4byte	.LASF20
 352 00e9 06       		.byte	0x6
 353 00ea 3A       		.byte	0x3a
 354 00eb 000000A6 		.4byte	0xa6
 355 00ef 03       		.uleb128 0x3
 356 00f0 00000000 		.4byte	.LASF21
 357 00f4 06       		.byte	0x6
 358 00f5 3B       		.byte	0x3b
 359 00f6 000000A6 		.4byte	0xa6
 360 00fa 03       		.uleb128 0x3
 361 00fb 00000000 		.4byte	.LASF22
 362 00ff 06       		.byte	0x6
 363 0100 3C       		.byte	0x3c
 364 0101 000000A6 		.4byte	0xa6
 365 0105 03       		.uleb128 0x3
 366 0106 00000000 		.4byte	.LASF23
 367 010a 06       		.byte	0x6
 368 010b 3D       		.byte	0x3d
 369 010c 000000C7 		.4byte	0xc7
 370 0110 03       		.uleb128 0x3
 371 0111 00000000 		.4byte	.LASF24
 372 0115 06       		.byte	0x6
 373 0116 3E       		.byte	0x3e
 374 0117 000000BC 		.4byte	0xbc
 375 011b 03       		.uleb128 0x3
 376 011c 00000000 		.4byte	.LASF25
 377 0120 06       		.byte	0x6
 378 0121 40       		.byte	0x40
 379 0122 000000C7 		.4byte	0xc7
 380 0126 03       		.uleb128 0x3
 381 0127 00000000 		.4byte	.LASF26
 382 012b 06       		.byte	0x6
 383 012c 42       		.byte	0x42
 384 012d 000000C7 		.4byte	0xc7
 385 0131 03       		.uleb128 0x3
 386 0132 00000000 		.4byte	.LASF27
 387 0136 07       		.byte	0x7
 388 0137 2A       		.byte	0x2a
 389 0138 0000013C 		.4byte	0x13c
 390 013c 05       		.uleb128 0x5
GAS LISTING C:\Users\jean\AppData\Local\Temp\cc7DHRH8.s 			page 8


 391 013d 00000000 		.4byte	.LASF27
 392 0141 48       		.byte	0x48
 393 0142 08       		.byte	0x8
 394 0143 5E       		.byte	0x5e
 395 0144 00000261 		.4byte	0x261
 396 0148 06       		.uleb128 0x6
 397 0149 00000000 		.4byte	.LASF28
 398 014d 08       		.byte	0x8
 399 014e 5F       		.byte	0x5f
 400 014f 00000286 		.4byte	0x286
 401 0153 02       		.byte	0x2
 402 0154 23       		.byte	0x23
 403 0155 00       		.uleb128 0
 404 0156 06       		.uleb128 0x6
 405 0157 00000000 		.4byte	.LASF29
 406 015b 08       		.byte	0x8
 407 015c 61       		.byte	0x61
 408 015d 00000286 		.4byte	0x286
 409 0161 02       		.byte	0x2
 410 0162 23       		.byte	0x23
 411 0163 04       		.uleb128 0x4
 412 0164 06       		.uleb128 0x6
 413 0165 00000000 		.4byte	.LASF30
 414 0169 08       		.byte	0x8
 415 016a 63       		.byte	0x63
 416 016b 00000105 		.4byte	0x105
 417 016f 02       		.byte	0x2
 418 0170 23       		.byte	0x23
 419 0171 08       		.uleb128 0x8
 420 0172 06       		.uleb128 0x6
 421 0173 00000000 		.4byte	.LASF31
 422 0177 08       		.byte	0x8
 423 0178 64       		.byte	0x64
 424 0179 00000421 		.4byte	0x421
 425 017d 02       		.byte	0x2
 426 017e 23       		.byte	0x23
 427 017f 0C       		.uleb128 0xc
 428 0180 06       		.uleb128 0x6
 429 0181 00000000 		.4byte	.LASF32
 430 0185 08       		.byte	0x8
 431 0186 66       		.byte	0x66
 432 0187 00000286 		.4byte	0x286
 433 018b 02       		.byte	0x2
 434 018c 23       		.byte	0x23
 435 018d 10       		.uleb128 0x10
 436 018e 06       		.uleb128 0x6
 437 018f 00000000 		.4byte	.LASF33
 438 0193 08       		.byte	0x8
 439 0194 67       		.byte	0x67
 440 0195 00000286 		.4byte	0x286
 441 0199 02       		.byte	0x2
 442 019a 23       		.byte	0x23
 443 019b 14       		.uleb128 0x14
 444 019c 06       		.uleb128 0x6
 445 019d 00000000 		.4byte	.LASF34
 446 01a1 08       		.byte	0x8
 447 01a2 6E       		.byte	0x6e
GAS LISTING C:\Users\jean\AppData\Local\Temp\cc7DHRH8.s 			page 9


 448 01a3 000005F8 		.4byte	0x5f8
 449 01a7 02       		.byte	0x2
 450 01a8 23       		.byte	0x23
 451 01a9 18       		.uleb128 0x18
 452 01aa 06       		.uleb128 0x6
 453 01ab 00000000 		.4byte	.LASF35
 454 01af 08       		.byte	0x8
 455 01b0 79       		.byte	0x79
 456 01b1 000000E4 		.4byte	0xe4
 457 01b5 02       		.byte	0x2
 458 01b6 23       		.byte	0x23
 459 01b7 1C       		.uleb128 0x1c
 460 01b8 06       		.uleb128 0x6
 461 01b9 00000000 		.4byte	.LASF36
 462 01bd 08       		.byte	0x8
 463 01be 7D       		.byte	0x7d
 464 01bf 000000D9 		.4byte	0xd9
 465 01c3 02       		.byte	0x2
 466 01c4 23       		.byte	0x23
 467 01c5 1D       		.uleb128 0x1d
 468 01c6 06       		.uleb128 0x6
 469 01c7 00000000 		.4byte	.LASF37
 470 01cb 08       		.byte	0x8
 471 01cc 82       		.byte	0x82
 472 01cd 000000EF 		.4byte	0xef
 473 01d1 02       		.byte	0x2
 474 01d2 23       		.byte	0x23
 475 01d3 1E       		.uleb128 0x1e
 476 01d4 06       		.uleb128 0x6
 477 01d5 00000000 		.4byte	.LASF38
 478 01d9 08       		.byte	0x8
 479 01da 88       		.byte	0x88
 480 01db 000000FA 		.4byte	0xfa
 481 01df 02       		.byte	0x2
 482 01e0 23       		.byte	0x23
 483 01e1 1F       		.uleb128 0x1f
 484 01e2 06       		.uleb128 0x6
 485 01e3 00000000 		.4byte	.LASF39
 486 01e7 08       		.byte	0x8
 487 01e8 8F       		.byte	0x8f
 488 01e9 00000503 		.4byte	0x503
 489 01ed 02       		.byte	0x2
 490 01ee 23       		.byte	0x23
 491 01ef 20       		.uleb128 0x20
 492 01f0 07       		.uleb128 0x7
 493 01f1 705F7500 		.string	"p_u"
 494 01f5 08       		.byte	0x8
 495 01f6 B4       		.byte	0xb4
 496 01f7 000005C3 		.4byte	0x5c3
 497 01fb 02       		.byte	0x2
 498 01fc 23       		.byte	0x23
 499 01fd 24       		.uleb128 0x24
 500 01fe 06       		.uleb128 0x6
 501 01ff 00000000 		.4byte	.LASF40
 502 0203 08       		.byte	0x8
 503 0204 B9       		.byte	0xb9
 504 0205 000002AE 		.4byte	0x2ae
GAS LISTING C:\Users\jean\AppData\Local\Temp\cc7DHRH8.s 			page 10


 505 0209 02       		.byte	0x2
 506 020a 23       		.byte	0x23
 507 020b 28       		.uleb128 0x28
 508 020c 06       		.uleb128 0x6
 509 020d 00000000 		.4byte	.LASF41
 510 0211 08       		.byte	0x8
 511 0212 BF       		.byte	0xbf
 512 0213 0000028C 		.4byte	0x28c
 513 0217 02       		.byte	0x2
 514 0218 23       		.byte	0x23
 515 0219 2C       		.uleb128 0x2c
 516 021a 06       		.uleb128 0x6
 517 021b 00000000 		.4byte	.LASF42
 518 021f 08       		.byte	0x8
 519 0220 C3       		.byte	0xc3
 520 0221 00000110 		.4byte	0x110
 521 0225 02       		.byte	0x2
 522 0226 23       		.byte	0x23
 523 0227 34       		.uleb128 0x34
 524 0228 06       		.uleb128 0x6
 525 0229 00000000 		.4byte	.LASF43
 526 022d 08       		.byte	0x8
 527 022e C9       		.byte	0xc9
 528 022f 0000011B 		.4byte	0x11b
 529 0233 02       		.byte	0x2
 530 0234 23       		.byte	0x23
 531 0235 38       		.uleb128 0x38
 532 0236 06       		.uleb128 0x6
 533 0237 00000000 		.4byte	.LASF44
 534 023b 08       		.byte	0x8
 535 023c D0       		.byte	0xd0
 536 023d 0000060A 		.4byte	0x60a
 537 0241 02       		.byte	0x2
 538 0242 23       		.byte	0x23
 539 0243 3C       		.uleb128 0x3c
 540 0244 06       		.uleb128 0x6
 541 0245 00000000 		.4byte	.LASF45
 542 0249 08       		.byte	0x8
 543 024a D4       		.byte	0xd4
 544 024b 00000105 		.4byte	0x105
 545 024f 02       		.byte	0x2
 546 0250 23       		.byte	0x23
 547 0251 40       		.uleb128 0x40
 548 0252 06       		.uleb128 0x6
 549 0253 00000000 		.4byte	.LASF46
 550 0257 08       		.byte	0x8
 551 0258 DA       		.byte	0xda
 552 0259 000002FB 		.4byte	0x2fb
 553 025d 02       		.byte	0x2
 554 025e 23       		.byte	0x23
 555 025f 44       		.uleb128 0x44
 556 0260 00       		.byte	0
 557 0261 08       		.uleb128 0x8
 558 0262 08       		.byte	0x8
 559 0263 07       		.byte	0x7
 560 0264 61       		.byte	0x61
 561 0265 00000286 		.4byte	0x286
GAS LISTING C:\Users\jean\AppData\Local\Temp\cc7DHRH8.s 			page 11


 562 0269 06       		.uleb128 0x6
 563 026a 00000000 		.4byte	.LASF28
 564 026e 07       		.byte	0x7
 565 026f 62       		.byte	0x62
 566 0270 00000286 		.4byte	0x286
 567 0274 02       		.byte	0x2
 568 0275 23       		.byte	0x23
 569 0276 00       		.uleb128 0
 570 0277 06       		.uleb128 0x6
 571 0278 00000000 		.4byte	.LASF29
 572 027c 07       		.byte	0x7
 573 027d 64       		.byte	0x64
 574 027e 00000286 		.4byte	0x286
 575 0282 02       		.byte	0x2
 576 0283 23       		.byte	0x23
 577 0284 04       		.uleb128 0x4
 578 0285 00       		.byte	0
 579 0286 09       		.uleb128 0x9
 580 0287 04       		.byte	0x4
 581 0288 00000131 		.4byte	0x131
 582 028c 03       		.uleb128 0x3
 583 028d 00000000 		.4byte	.LASF47
 584 0291 07       		.byte	0x7
 585 0292 66       		.byte	0x66
 586 0293 00000261 		.4byte	0x261
 587 0297 08       		.uleb128 0x8
 588 0298 04       		.byte	0x4
 589 0299 07       		.byte	0x7
 590 029a 6B       		.byte	0x6b
 591 029b 000002AE 		.4byte	0x2ae
 592 029f 06       		.uleb128 0x6
 593 02a0 00000000 		.4byte	.LASF28
 594 02a4 07       		.byte	0x7
 595 02a5 6D       		.byte	0x6d
 596 02a6 00000286 		.4byte	0x286
 597 02aa 02       		.byte	0x2
 598 02ab 23       		.byte	0x23
 599 02ac 00       		.uleb128 0
 600 02ad 00       		.byte	0
 601 02ae 03       		.uleb128 0x3
 602 02af 00000000 		.4byte	.LASF48
 603 02b3 07       		.byte	0x7
 604 02b4 70       		.byte	0x70
 605 02b5 00000297 		.4byte	0x297
 606 02b9 08       		.uleb128 0x8
 607 02ba 08       		.byte	0x8
 608 02bb 09       		.byte	0x9
 609 02bc 9C       		.byte	0x9c
 610 02bd 000002CE 		.4byte	0x2ce
 611 02c1 07       		.uleb128 0x7
 612 02c2 6100     		.string	"a"
 613 02c4 09       		.byte	0x9
 614 02c5 9D       		.byte	0x9d
 615 02c6 000002CE 		.4byte	0x2ce
 616 02ca 02       		.byte	0x2
 617 02cb 23       		.byte	0x23
 618 02cc 00       		.uleb128 0
GAS LISTING C:\Users\jean\AppData\Local\Temp\cc7DHRH8.s 			page 12


 619 02cd 00       		.byte	0
 620 02ce 0A       		.uleb128 0xa
 621 02cf 000000A6 		.4byte	0xa6
 622 02d3 000002DE 		.4byte	0x2de
 623 02d7 0B       		.uleb128 0xb
 624 02d8 000002DE 		.4byte	0x2de
 625 02dc 07       		.byte	0x7
 626 02dd 00       		.byte	0
 627 02de 04       		.uleb128 0x4
 628 02df 04       		.byte	0x4
 629 02e0 07       		.byte	0x7
 630 02e1 00000000 		.4byte	.LASF49
 631 02e5 03       		.uleb128 0x3
 632 02e6 00000000 		.4byte	.LASF50
 633 02ea 09       		.byte	0x9
 634 02eb 9E       		.byte	0x9e
 635 02ec 000002B9 		.4byte	0x2b9
 636 02f0 03       		.uleb128 0x3
 637 02f1 00000000 		.4byte	.LASF51
 638 02f5 09       		.byte	0x9
 639 02f6 A3       		.byte	0xa3
 640 02f7 000002FB 		.4byte	0x2fb
 641 02fb 0C       		.uleb128 0xc
 642 02fc 04       		.byte	0x4
 643 02fd 05       		.uleb128 0x5
 644 02fe 00000000 		.4byte	.LASF52
 645 0302 50       		.byte	0x50
 646 0303 09       		.byte	0x9
 647 0304 D6       		.byte	0xd6
 648 0305 00000421 		.4byte	0x421
 649 0309 07       		.uleb128 0x7
 650 030a 637200   		.string	"cr"
 651 030d 09       		.byte	0x9
 652 030e D7       		.byte	0xd7
 653 030f 000002F0 		.4byte	0x2f0
 654 0313 02       		.byte	0x2
 655 0314 23       		.byte	0x23
 656 0315 00       		.uleb128 0
 657 0316 07       		.uleb128 0x7
 658 0317 72313400 		.string	"r14"
 659 031b 09       		.byte	0x9
 660 031c D8       		.byte	0xd8
 661 031d 000002F0 		.4byte	0x2f0
 662 0321 02       		.byte	0x2
 663 0322 23       		.byte	0x23
 664 0323 04       		.uleb128 0x4
 665 0324 07       		.uleb128 0x7
 666 0325 72313500 		.string	"r15"
 667 0329 09       		.byte	0x9
 668 032a D9       		.byte	0xd9
 669 032b 000002F0 		.4byte	0x2f0
 670 032f 02       		.byte	0x2
 671 0330 23       		.byte	0x23
 672 0331 08       		.uleb128 0x8
 673 0332 07       		.uleb128 0x7
 674 0333 72313600 		.string	"r16"
 675 0337 09       		.byte	0x9
GAS LISTING C:\Users\jean\AppData\Local\Temp\cc7DHRH8.s 			page 13


 676 0338 DA       		.byte	0xda
 677 0339 000002F0 		.4byte	0x2f0
 678 033d 02       		.byte	0x2
 679 033e 23       		.byte	0x23
 680 033f 0C       		.uleb128 0xc
 681 0340 07       		.uleb128 0x7
 682 0341 72313700 		.string	"r17"
 683 0345 09       		.byte	0x9
 684 0346 DB       		.byte	0xdb
 685 0347 000002F0 		.4byte	0x2f0
 686 034b 02       		.byte	0x2
 687 034c 23       		.byte	0x23
 688 034d 10       		.uleb128 0x10
 689 034e 07       		.uleb128 0x7
 690 034f 72313800 		.string	"r18"
 691 0353 09       		.byte	0x9
 692 0354 DC       		.byte	0xdc
 693 0355 000002F0 		.4byte	0x2f0
 694 0359 02       		.byte	0x2
 695 035a 23       		.byte	0x23
 696 035b 14       		.uleb128 0x14
 697 035c 07       		.uleb128 0x7
 698 035d 72313900 		.string	"r19"
 699 0361 09       		.byte	0x9
 700 0362 DD       		.byte	0xdd
 701 0363 000002F0 		.4byte	0x2f0
 702 0367 02       		.byte	0x2
 703 0368 23       		.byte	0x23
 704 0369 18       		.uleb128 0x18
 705 036a 07       		.uleb128 0x7
 706 036b 72323000 		.string	"r20"
 707 036f 09       		.byte	0x9
 708 0370 DE       		.byte	0xde
 709 0371 000002F0 		.4byte	0x2f0
 710 0375 02       		.byte	0x2
 711 0376 23       		.byte	0x23
 712 0377 1C       		.uleb128 0x1c
 713 0378 07       		.uleb128 0x7
 714 0379 72323100 		.string	"r21"
 715 037d 09       		.byte	0x9
 716 037e DF       		.byte	0xdf
 717 037f 000002F0 		.4byte	0x2f0
 718 0383 02       		.byte	0x2
 719 0384 23       		.byte	0x23
 720 0385 20       		.uleb128 0x20
 721 0386 07       		.uleb128 0x7
 722 0387 72323200 		.string	"r22"
 723 038b 09       		.byte	0x9
 724 038c E0       		.byte	0xe0
 725 038d 000002F0 		.4byte	0x2f0
 726 0391 02       		.byte	0x2
 727 0392 23       		.byte	0x23
 728 0393 24       		.uleb128 0x24
 729 0394 07       		.uleb128 0x7
 730 0395 72323300 		.string	"r23"
 731 0399 09       		.byte	0x9
 732 039a E1       		.byte	0xe1
GAS LISTING C:\Users\jean\AppData\Local\Temp\cc7DHRH8.s 			page 14


 733 039b 000002F0 		.4byte	0x2f0
 734 039f 02       		.byte	0x2
 735 03a0 23       		.byte	0x23
 736 03a1 28       		.uleb128 0x28
 737 03a2 07       		.uleb128 0x7
 738 03a3 72323400 		.string	"r24"
 739 03a7 09       		.byte	0x9
 740 03a8 E2       		.byte	0xe2
 741 03a9 000002F0 		.4byte	0x2f0
 742 03ad 02       		.byte	0x2
 743 03ae 23       		.byte	0x23
 744 03af 2C       		.uleb128 0x2c
 745 03b0 07       		.uleb128 0x7
 746 03b1 72323500 		.string	"r25"
 747 03b5 09       		.byte	0x9
 748 03b6 E3       		.byte	0xe3
 749 03b7 000002F0 		.4byte	0x2f0
 750 03bb 02       		.byte	0x2
 751 03bc 23       		.byte	0x23
 752 03bd 30       		.uleb128 0x30
 753 03be 07       		.uleb128 0x7
 754 03bf 72323600 		.string	"r26"
 755 03c3 09       		.byte	0x9
 756 03c4 E4       		.byte	0xe4
 757 03c5 000002F0 		.4byte	0x2f0
 758 03c9 02       		.byte	0x2
 759 03ca 23       		.byte	0x23
 760 03cb 34       		.uleb128 0x34
 761 03cc 07       		.uleb128 0x7
 762 03cd 72323700 		.string	"r27"
 763 03d1 09       		.byte	0x9
 764 03d2 E5       		.byte	0xe5
 765 03d3 000002F0 		.4byte	0x2f0
 766 03d7 02       		.byte	0x2
 767 03d8 23       		.byte	0x23
 768 03d9 38       		.uleb128 0x38
 769 03da 07       		.uleb128 0x7
 770 03db 72323800 		.string	"r28"
 771 03df 09       		.byte	0x9
 772 03e0 E6       		.byte	0xe6
 773 03e1 000002F0 		.4byte	0x2f0
 774 03e5 02       		.byte	0x2
 775 03e6 23       		.byte	0x23
 776 03e7 3C       		.uleb128 0x3c
 777 03e8 07       		.uleb128 0x7
 778 03e9 72323900 		.string	"r29"
 779 03ed 09       		.byte	0x9
 780 03ee E7       		.byte	0xe7
 781 03ef 000002F0 		.4byte	0x2f0
 782 03f3 02       		.byte	0x2
 783 03f4 23       		.byte	0x23
 784 03f5 40       		.uleb128 0x40
 785 03f6 07       		.uleb128 0x7
 786 03f7 72333000 		.string	"r30"
 787 03fb 09       		.byte	0x9
 788 03fc E8       		.byte	0xe8
 789 03fd 000002F0 		.4byte	0x2f0
GAS LISTING C:\Users\jean\AppData\Local\Temp\cc7DHRH8.s 			page 15


 790 0401 02       		.byte	0x2
 791 0402 23       		.byte	0x23
 792 0403 44       		.uleb128 0x44
 793 0404 07       		.uleb128 0x7
 794 0405 72333100 		.string	"r31"
 795 0409 09       		.byte	0x9
 796 040a E9       		.byte	0xe9
 797 040b 000002F0 		.4byte	0x2f0
 798 040f 02       		.byte	0x2
 799 0410 23       		.byte	0x23
 800 0411 48       		.uleb128 0x48
 801 0412 06       		.uleb128 0x6
 802 0413 00000000 		.4byte	.LASF53
 803 0417 09       		.byte	0x9
 804 0418 EA       		.byte	0xea
 805 0419 000002F0 		.4byte	0x2f0
 806 041d 02       		.byte	0x2
 807 041e 23       		.byte	0x23
 808 041f 4C       		.uleb128 0x4c
 809 0420 00       		.byte	0
 810 0421 05       		.uleb128 0x5
 811 0422 00000000 		.4byte	.LASF54
 812 0426 04       		.byte	0x4
 813 0427 09       		.byte	0x9
 814 0428 F2       		.byte	0xf2
 815 0429 0000043B 		.4byte	0x43b
 816 042d 07       		.uleb128 0x7
 817 042e 737000   		.string	"sp"
 818 0431 09       		.byte	0x9
 819 0432 F3       		.byte	0xf3
 820 0433 0000043B 		.4byte	0x43b
 821 0437 02       		.byte	0x2
 822 0438 23       		.byte	0x23
 823 0439 00       		.uleb128 0
 824 043a 00       		.byte	0
 825 043b 09       		.uleb128 0x9
 826 043c 04       		.byte	0x4
 827 043d 000002FD 		.4byte	0x2fd
 828 0441 03       		.uleb128 0x3
 829 0442 00000000 		.4byte	.LASF55
 830 0446 0A       		.byte	0xa
 831 0447 58       		.byte	0x58
 832 0448 0000044C 		.4byte	0x44c
 833 044c 09       		.uleb128 0x9
 834 044d 04       		.byte	0x4
 835 044e 00000452 		.4byte	0x452
 836 0452 0D       		.uleb128 0xd
 837 0453 01       		.byte	0x1
 838 0454 0000045E 		.4byte	0x45e
 839 0458 0E       		.uleb128 0xe
 840 0459 000002FB 		.4byte	0x2fb
 841 045d 00       		.byte	0
 842 045e 03       		.uleb128 0x3
 843 045f 00000000 		.4byte	.LASF56
 844 0463 0A       		.byte	0xa
 845 0464 5D       		.byte	0x5d
 846 0465 00000469 		.4byte	0x469
GAS LISTING C:\Users\jean\AppData\Local\Temp\cc7DHRH8.s 			page 16


 847 0469 05       		.uleb128 0x5
 848 046a 00000000 		.4byte	.LASF56
 849 046e 14       		.byte	0x14
 850 046f 0A       		.byte	0xa
 851 0470 64       		.byte	0x64
 852 0471 000004BC 		.4byte	0x4bc
 853 0475 06       		.uleb128 0x6
 854 0476 00000000 		.4byte	.LASF57
 855 047a 0A       		.byte	0xa
 856 047b 65       		.byte	0x65
 857 047c 000004BC 		.4byte	0x4bc
 858 0480 02       		.byte	0x2
 859 0481 23       		.byte	0x23
 860 0482 00       		.uleb128 0
 861 0483 06       		.uleb128 0x6
 862 0484 00000000 		.4byte	.LASF58
 863 0488 0A       		.byte	0xa
 864 0489 67       		.byte	0x67
 865 048a 000004BC 		.4byte	0x4bc
 866 048e 02       		.byte	0x2
 867 048f 23       		.byte	0x23
 868 0490 04       		.uleb128 0x4
 869 0491 06       		.uleb128 0x6
 870 0492 00000000 		.4byte	.LASF59
 871 0496 0A       		.byte	0xa
 872 0497 69       		.byte	0x69
 873 0498 00000126 		.4byte	0x126
 874 049c 02       		.byte	0x2
 875 049d 23       		.byte	0x23
 876 049e 08       		.uleb128 0x8
 877 049f 06       		.uleb128 0x6
 878 04a0 00000000 		.4byte	.LASF60
 879 04a4 0A       		.byte	0xa
 880 04a5 6A       		.byte	0x6a
 881 04a6 00000441 		.4byte	0x441
 882 04aa 02       		.byte	0x2
 883 04ab 23       		.byte	0x23
 884 04ac 0C       		.uleb128 0xc
 885 04ad 06       		.uleb128 0x6
 886 04ae 00000000 		.4byte	.LASF61
 887 04b2 0A       		.byte	0xa
 888 04b3 6C       		.byte	0x6c
 889 04b4 000002FB 		.4byte	0x2fb
 890 04b8 02       		.byte	0x2
 891 04b9 23       		.byte	0x23
 892 04ba 10       		.uleb128 0x10
 893 04bb 00       		.byte	0
 894 04bc 09       		.uleb128 0x9
 895 04bd 04       		.byte	0x4
 896 04be 0000045E 		.4byte	0x45e
 897 04c2 08       		.uleb128 0x8
 898 04c3 10       		.byte	0x10
 899 04c4 0A       		.byte	0xa
 900 04c5 76       		.byte	0x76
 901 04c6 00000503 		.4byte	0x503
 902 04ca 06       		.uleb128 0x6
 903 04cb 00000000 		.4byte	.LASF57
GAS LISTING C:\Users\jean\AppData\Local\Temp\cc7DHRH8.s 			page 17


 904 04cf 0A       		.byte	0xa
 905 04d0 77       		.byte	0x77
 906 04d1 000004BC 		.4byte	0x4bc
 907 04d5 02       		.byte	0x2
 908 04d6 23       		.byte	0x23
 909 04d7 00       		.uleb128 0
 910 04d8 06       		.uleb128 0x6
 911 04d9 00000000 		.4byte	.LASF58
 912 04dd 0A       		.byte	0xa
 913 04de 79       		.byte	0x79
 914 04df 000004BC 		.4byte	0x4bc
 915 04e3 02       		.byte	0x2
 916 04e4 23       		.byte	0x23
 917 04e5 04       		.uleb128 0x4
 918 04e6 06       		.uleb128 0x6
 919 04e7 00000000 		.4byte	.LASF59
 920 04eb 0A       		.byte	0xa
 921 04ec 7B       		.byte	0x7b
 922 04ed 00000126 		.4byte	0x126
 923 04f1 02       		.byte	0x2
 924 04f2 23       		.byte	0x23
 925 04f3 08       		.uleb128 0x8
 926 04f4 06       		.uleb128 0x6
 927 04f5 00000000 		.4byte	.LASF62
 928 04f9 0A       		.byte	0xa
 929 04fa 7C       		.byte	0x7c
 930 04fb 00000503 		.4byte	0x503
 931 04ff 02       		.byte	0x2
 932 0500 23       		.byte	0x23
 933 0501 0C       		.uleb128 0xc
 934 0502 00       		.byte	0
 935 0503 0F       		.uleb128 0xf
 936 0504 00000126 		.4byte	0x126
 937 0508 03       		.uleb128 0x3
 938 0509 00000000 		.4byte	.LASF63
 939 050d 0A       		.byte	0xa
 940 050e 7D       		.byte	0x7d
 941 050f 000004C2 		.4byte	0x4c2
 942 0513 08       		.uleb128 0x8
 943 0514 1C       		.byte	0x1c
 944 0515 0B       		.byte	0xb
 945 0516 5E       		.byte	0x5e
 946 0517 00000570 		.4byte	0x570
 947 051b 06       		.uleb128 0x6
 948 051c 00000000 		.4byte	.LASF64
 949 0520 0B       		.byte	0xb
 950 0521 5F       		.byte	0x5f
 951 0522 0000028C 		.4byte	0x28c
 952 0526 02       		.byte	0x2
 953 0527 23       		.byte	0x23
 954 0528 00       		.uleb128 0
 955 0529 06       		.uleb128 0x6
 956 052a 00000000 		.4byte	.LASF65
 957 052e 0B       		.byte	0xb
 958 052f 60       		.byte	0x60
 959 0530 00000105 		.4byte	0x105
 960 0534 02       		.byte	0x2
GAS LISTING C:\Users\jean\AppData\Local\Temp\cc7DHRH8.s 			page 18


 961 0535 23       		.byte	0x23
 962 0536 08       		.uleb128 0x8
 963 0537 06       		.uleb128 0x6
 964 0538 00000000 		.4byte	.LASF66
 965 053c 0B       		.byte	0xb
 966 053d 62       		.byte	0x62
 967 053e 00000421 		.4byte	0x421
 968 0542 02       		.byte	0x2
 969 0543 23       		.byte	0x23
 970 0544 0C       		.uleb128 0xc
 971 0545 06       		.uleb128 0x6
 972 0546 00000000 		.4byte	.LASF67
 973 054a 0B       		.byte	0xb
 974 054b 65       		.byte	0x65
 975 054c 00000286 		.4byte	0x286
 976 0550 02       		.byte	0x2
 977 0551 23       		.byte	0x23
 978 0552 10       		.uleb128 0x10
 979 0553 06       		.uleb128 0x6
 980 0554 00000000 		.4byte	.LASF68
 981 0558 0B       		.byte	0xb
 982 0559 66       		.byte	0x66
 983 055a 00000286 		.4byte	0x286
 984 055e 02       		.byte	0x2
 985 055f 23       		.byte	0x23
 986 0560 14       		.uleb128 0x14
 987 0561 06       		.uleb128 0x6
 988 0562 00000000 		.4byte	.LASF69
 989 0566 0B       		.byte	0xb
 990 0567 69       		.byte	0x69
 991 0568 00000286 		.4byte	0x286
 992 056c 02       		.byte	0x2
 993 056d 23       		.byte	0x23
 994 056e 18       		.uleb128 0x18
 995 056f 00       		.byte	0
 996 0570 03       		.uleb128 0x3
 997 0571 00000000 		.4byte	.LASF70
 998 0575 0B       		.byte	0xb
 999 0576 6B       		.byte	0x6b
 1000 0577 00000513 		.4byte	0x513
 1001 057b 05       		.uleb128 0x5
 1002 057c 00000000 		.4byte	.LASF71
 1003 0580 10       		.byte	0x10
 1004 0581 0C       		.byte	0xc
 1005 0582 2C       		.byte	0x2c
 1006 0583 000005B2 		.4byte	0x5b2
 1007 0587 06       		.uleb128 0x6
 1008 0588 00000000 		.4byte	.LASF72
 1009 058c 0C       		.byte	0xc
 1010 058d 2D       		.byte	0x2d
 1011 058e 0000028C 		.4byte	0x28c
 1012 0592 02       		.byte	0x2
 1013 0593 23       		.byte	0x23
 1014 0594 00       		.uleb128 0
 1015 0595 06       		.uleb128 0x6
 1016 0596 00000000 		.4byte	.LASF73
 1017 059a 0C       		.byte	0xc
GAS LISTING C:\Users\jean\AppData\Local\Temp\cc7DHRH8.s 			page 19


 1018 059b 2F       		.byte	0x2f
 1019 059c 00000286 		.4byte	0x286
 1020 05a0 02       		.byte	0x2
 1021 05a1 23       		.byte	0x23
 1022 05a2 08       		.uleb128 0x8
 1023 05a3 06       		.uleb128 0x6
 1024 05a4 00000000 		.4byte	.LASF74
 1025 05a8 0C       		.byte	0xc
 1026 05a9 31       		.byte	0x31
 1027 05aa 000005B2 		.4byte	0x5b2
 1028 05ae 02       		.byte	0x2
 1029 05af 23       		.byte	0x23
 1030 05b0 0C       		.uleb128 0xc
 1031 05b1 00       		.byte	0
 1032 05b2 09       		.uleb128 0x9
 1033 05b3 04       		.byte	0x4
 1034 05b4 0000057B 		.4byte	0x57b
 1035 05b8 03       		.uleb128 0x3
 1036 05b9 00000000 		.4byte	.LASF71
 1037 05bd 0C       		.byte	0xc
 1038 05be 33       		.byte	0x33
 1039 05bf 0000057B 		.4byte	0x57b
 1040 05c3 10       		.uleb128 0x10
 1041 05c4 04       		.byte	0x4
 1042 05c5 08       		.byte	0x8
 1043 05c6 96       		.byte	0x96
 1044 05c7 000005F8 		.4byte	0x5f8
 1045 05cb 11       		.uleb128 0x11
 1046 05cc 00000000 		.4byte	.LASF75
 1047 05d0 08       		.byte	0x8
 1048 05d1 9D       		.byte	0x9d
 1049 05d2 00000110 		.4byte	0x110
 1050 05d6 11       		.uleb128 0x11
 1051 05d7 00000000 		.4byte	.LASF76
 1052 05db 08       		.byte	0x8
 1053 05dc A4       		.byte	0xa4
 1054 05dd 00000110 		.4byte	0x110
 1055 05e1 11       		.uleb128 0x11
 1056 05e2 00000000 		.4byte	.LASF77
 1057 05e6 08       		.byte	0x8
 1058 05e7 AB       		.byte	0xab
 1059 05e8 000002FB 		.4byte	0x2fb
 1060 05ec 11       		.uleb128 0x11
 1061 05ed 00000000 		.4byte	.LASF78
 1062 05f1 08       		.byte	0x8
 1063 05f2 B2       		.byte	0xb2
 1064 05f3 0000011B 		.4byte	0x11b
 1065 05f7 00       		.byte	0
 1066 05f8 09       		.uleb128 0x9
 1067 05f9 04       		.byte	0x4
 1068 05fa 000005FE 		.4byte	0x5fe
 1069 05fe 12       		.uleb128 0x12
 1070 05ff 00000603 		.4byte	0x603
 1071 0603 04       		.uleb128 0x4
 1072 0604 01       		.byte	0x1
 1073 0605 08       		.byte	0x8
 1074 0606 00000000 		.4byte	.LASF79
GAS LISTING C:\Users\jean\AppData\Local\Temp\cc7DHRH8.s 			page 20


 1075 060a 09       		.uleb128 0x9
 1076 060b 04       		.byte	0x4
 1077 060c 000005B8 		.4byte	0x5b8
 1078 0610 03       		.uleb128 0x3
 1079 0611 00000000 		.4byte	.LASF80
 1080 0615 08       		.byte	0x8
 1081 0616 E5       		.byte	0xe5
 1082 0617 0000061B 		.4byte	0x61b
 1083 061b 09       		.uleb128 0x9
 1084 061c 04       		.byte	0x4
 1085 061d 00000621 		.4byte	0x621
 1086 0621 13       		.uleb128 0x13
 1087 0622 01       		.byte	0x1
 1088 0623 00000110 		.4byte	0x110
 1089 0627 00000631 		.4byte	0x631
 1090 062b 0E       		.uleb128 0xe
 1091 062c 000002FB 		.4byte	0x2fb
 1092 0630 00       		.byte	0
 1093 0631 08       		.uleb128 0x8
 1094 0632 16       		.byte	0x16
 1095 0633 0D       		.byte	0xd
 1096 0634 2C       		.byte	0x2c
 1097 0635 00000736 		.4byte	0x736
 1098 0639 06       		.uleb128 0x6
 1099 063a 00000000 		.4byte	.LASF81
 1100 063e 0D       		.byte	0xd
 1101 063f 2D       		.byte	0x2d
 1102 0640 00000736 		.4byte	0x736
 1103 0644 02       		.byte	0x2
 1104 0645 23       		.byte	0x23
 1105 0646 00       		.uleb128 0
 1106 0647 06       		.uleb128 0x6
 1107 0648 00000000 		.4byte	.LASF82
 1108 064c 0D       		.byte	0xd
 1109 064d 2E       		.byte	0x2e
 1110 064e 000000A6 		.4byte	0xa6
 1111 0652 02       		.byte	0x2
 1112 0653 23       		.byte	0x23
 1113 0654 04       		.uleb128 0x4
 1114 0655 06       		.uleb128 0x6
 1115 0656 00000000 		.4byte	.LASF83
 1116 065a 0D       		.byte	0xd
 1117 065b 2F       		.byte	0x2f
 1118 065c 000000A6 		.4byte	0xa6
 1119 0660 02       		.byte	0x2
 1120 0661 23       		.byte	0x23
 1121 0662 05       		.uleb128 0x5
 1122 0663 06       		.uleb128 0x6
 1123 0664 00000000 		.4byte	.LASF84
 1124 0668 0D       		.byte	0xd
 1125 0669 30       		.byte	0x30
 1126 066a 000000B1 		.4byte	0xb1
 1127 066e 02       		.byte	0x2
 1128 066f 23       		.byte	0x23
 1129 0670 06       		.uleb128 0x6
 1130 0671 06       		.uleb128 0x6
 1131 0672 00000000 		.4byte	.LASF85
GAS LISTING C:\Users\jean\AppData\Local\Temp\cc7DHRH8.s 			page 21


 1132 0676 0D       		.byte	0xd
 1133 0677 31       		.byte	0x31
 1134 0678 000000A6 		.4byte	0xa6
 1135 067c 02       		.byte	0x2
 1136 067d 23       		.byte	0x23
 1137 067e 08       		.uleb128 0x8
 1138 067f 06       		.uleb128 0x6
 1139 0680 00000000 		.4byte	.LASF86
 1140 0684 0D       		.byte	0xd
 1141 0685 32       		.byte	0x32
 1142 0686 000000A6 		.4byte	0xa6
 1143 068a 02       		.byte	0x2
 1144 068b 23       		.byte	0x23
 1145 068c 09       		.uleb128 0x9
 1146 068d 06       		.uleb128 0x6
 1147 068e 00000000 		.4byte	.LASF87
 1148 0692 0D       		.byte	0xd
 1149 0693 33       		.byte	0x33
 1150 0694 000000A6 		.4byte	0xa6
 1151 0698 02       		.byte	0x2
 1152 0699 23       		.byte	0x23
 1153 069a 0A       		.uleb128 0xa
 1154 069b 06       		.uleb128 0x6
 1155 069c 00000000 		.4byte	.LASF88
 1156 06a0 0D       		.byte	0xd
 1157 06a1 34       		.byte	0x34
 1158 06a2 000000A6 		.4byte	0xa6
 1159 06a6 02       		.byte	0x2
 1160 06a7 23       		.byte	0x23
 1161 06a8 0B       		.uleb128 0xb
 1162 06a9 06       		.uleb128 0x6
 1163 06aa 00000000 		.4byte	.LASF89
 1164 06ae 0D       		.byte	0xd
 1165 06af 35       		.byte	0x35
 1166 06b0 000000A6 		.4byte	0xa6
 1167 06b4 02       		.byte	0x2
 1168 06b5 23       		.byte	0x23
 1169 06b6 0C       		.uleb128 0xc
 1170 06b7 06       		.uleb128 0x6
 1171 06b8 00000000 		.4byte	.LASF90
 1172 06bc 0D       		.byte	0xd
 1173 06bd 36       		.byte	0x36
 1174 06be 000000A6 		.4byte	0xa6
 1175 06c2 02       		.byte	0x2
 1176 06c3 23       		.byte	0x23
 1177 06c4 0D       		.uleb128 0xd
 1178 06c5 06       		.uleb128 0x6
 1179 06c6 00000000 		.4byte	.LASF91
 1180 06ca 0D       		.byte	0xd
 1181 06cb 37       		.byte	0x37
 1182 06cc 000000A6 		.4byte	0xa6
 1183 06d0 02       		.byte	0x2
 1184 06d1 23       		.byte	0x23
 1185 06d2 0E       		.uleb128 0xe
 1186 06d3 06       		.uleb128 0x6
 1187 06d4 00000000 		.4byte	.LASF92
 1188 06d8 0D       		.byte	0xd
GAS LISTING C:\Users\jean\AppData\Local\Temp\cc7DHRH8.s 			page 22


 1189 06d9 38       		.byte	0x38
 1190 06da 000000A6 		.4byte	0xa6
 1191 06de 02       		.byte	0x2
 1192 06df 23       		.byte	0x23
 1193 06e0 0F       		.uleb128 0xf
 1194 06e1 06       		.uleb128 0x6
 1195 06e2 00000000 		.4byte	.LASF93
 1196 06e6 0D       		.byte	0xd
 1197 06e7 39       		.byte	0x39
 1198 06e8 000000A6 		.4byte	0xa6
 1199 06ec 02       		.byte	0x2
 1200 06ed 23       		.byte	0x23
 1201 06ee 10       		.uleb128 0x10
 1202 06ef 06       		.uleb128 0x6
 1203 06f0 00000000 		.4byte	.LASF94
 1204 06f4 0D       		.byte	0xd
 1205 06f5 3B       		.byte	0x3b
 1206 06f6 000000A6 		.4byte	0xa6
 1207 06fa 02       		.byte	0x2
 1208 06fb 23       		.byte	0x23
 1209 06fc 11       		.uleb128 0x11
 1210 06fd 06       		.uleb128 0x6
 1211 06fe 00000000 		.4byte	.LASF95
 1212 0702 0D       		.byte	0xd
 1213 0703 3C       		.byte	0x3c
 1214 0704 000000A6 		.4byte	0xa6
 1215 0708 02       		.byte	0x2
 1216 0709 23       		.byte	0x23
 1217 070a 12       		.uleb128 0x12
 1218 070b 06       		.uleb128 0x6
 1219 070c 00000000 		.4byte	.LASF96
 1220 0710 0D       		.byte	0xd
 1221 0711 3D       		.byte	0x3d
 1222 0712 000000A6 		.4byte	0xa6
 1223 0716 02       		.byte	0x2
 1224 0717 23       		.byte	0x23
 1225 0718 13       		.uleb128 0x13
 1226 0719 06       		.uleb128 0x6
 1227 071a 00000000 		.4byte	.LASF97
 1228 071e 0D       		.byte	0xd
 1229 071f 3E       		.byte	0x3e
 1230 0720 000000A6 		.4byte	0xa6
 1231 0724 02       		.byte	0x2
 1232 0725 23       		.byte	0x23
 1233 0726 14       		.uleb128 0x14
 1234 0727 06       		.uleb128 0x6
 1235 0728 00000000 		.4byte	.LASF98
 1236 072c 0D       		.byte	0xd
 1237 072d 40       		.byte	0x40
 1238 072e 000000A6 		.4byte	0xa6
 1239 0732 02       		.byte	0x2
 1240 0733 23       		.byte	0x23
 1241 0734 15       		.uleb128 0x15
 1242 0735 00       		.byte	0
 1243 0736 0A       		.uleb128 0xa
 1244 0737 00000603 		.4byte	0x603
 1245 073b 00000746 		.4byte	0x746
GAS LISTING C:\Users\jean\AppData\Local\Temp\cc7DHRH8.s 			page 23


 1246 073f 0B       		.uleb128 0xb
 1247 0740 000002DE 		.4byte	0x2de
 1248 0744 03       		.byte	0x3
 1249 0745 00       		.byte	0
 1250 0746 03       		.uleb128 0x3
 1251 0747 00000000 		.4byte	.LASF99
 1252 074b 0D       		.byte	0xd
 1253 074c 41       		.byte	0x41
 1254 074d 00000631 		.4byte	0x631
 1255 0751 14       		.uleb128 0x14
 1256 0752 00000000 		.4byte	.LASF100
 1257 0756 02       		.byte	0x2
 1258 0757 88       		.byte	0x88
 1259 0758 01       		.byte	0x1
 1260 0759 03       		.byte	0x3
 1261 075a 14       		.uleb128 0x14
 1262 075b 00000000 		.4byte	.LASF101
 1263 075f 02       		.byte	0x2
 1264 0760 C7       		.byte	0xc7
 1265 0761 01       		.byte	0x1
 1266 0762 03       		.byte	0x3
 1267 0763 14       		.uleb128 0x14
 1268 0764 00000000 		.4byte	.LASF102
 1269 0768 02       		.byte	0x2
 1270 0769 B3       		.byte	0xb3
 1271 076a 01       		.byte	0x1
 1272 076b 03       		.byte	0x3
 1273 076c 15       		.uleb128 0x15
 1274 076d 01       		.byte	0x1
 1275 076e 00000000 		.4byte	.LASF103
 1276 0772 01       		.byte	0x1
 1277 0773 3D       		.byte	0x3d
 1278 0774 01       		.byte	0x1
 1279 0775 00000000 		.4byte	.LFB15
 1280 0779 00000000 		.4byte	.LFE15
 1281 077d 02       		.byte	0x2
 1282 077e 71       		.byte	0x71
 1283 077f 00       		.sleb128 0
 1284 0780 01       		.byte	0x1
 1285 0781 00000791 		.4byte	0x791
 1286 0785 16       		.uleb128 0x16
 1287 0786 7000     		.string	"p"
 1288 0788 01       		.byte	0x1
 1289 0789 3D       		.byte	0x3d
 1290 078a 000002FB 		.4byte	0x2fb
 1291 078e 01       		.byte	0x1
 1292 078f 53       		.byte	0x53
 1293 0790 00       		.byte	0
 1294 0791 17       		.uleb128 0x17
 1295 0792 01       		.byte	0x1
 1296 0793 00000000 		.4byte	.LASF104
 1297 0797 01       		.byte	0x1
 1298 0798 54       		.byte	0x54
 1299 0799 01       		.byte	0x1
 1300 079a 00000000 		.4byte	.LFB16
 1301 079e 00000000 		.4byte	.LFE16
 1302 07a2 00000000 		.4byte	.LLST0
GAS LISTING C:\Users\jean\AppData\Local\Temp\cc7DHRH8.s 			page 24


 1303 07a6 01       		.byte	0x1
 1304 07a7 00000844 		.4byte	0x844
 1305 07ab 18       		.uleb128 0x18
 1306 07ac 00000000 		.4byte	.LASF106
 1307 07b0 01       		.byte	0x1
 1308 07b1 55       		.byte	0x55
 1309 07b2 00000131 		.4byte	0x131
 1310 07b6 05       		.byte	0x5
 1311 07b7 03       		.byte	0x3
 1312 07b8 00000000 		.4byte	mainthread.2127
 1313 07bc 19       		.uleb128 0x19
 1314 07bd 00000751 		.4byte	0x751
 1315 07c1 00000000 		.4byte	.LBB10
 1316 07c5 00000000 		.4byte	.LBE10
 1317 07c9 01       		.byte	0x1
 1318 07ca 6F       		.byte	0x6f
 1319 07cb 1A       		.uleb128 0x1a
 1320 07cc 00000000 		.4byte	.LVL1
 1321 07d0 000008DE 		.4byte	0x8de
 1322 07d4 1A       		.uleb128 0x1a
 1323 07d5 00000000 		.4byte	.LVL2
 1324 07d9 000008E9 		.4byte	0x8e9
 1325 07dd 1A       		.uleb128 0x1a
 1326 07de 00000000 		.4byte	.LVL3
 1327 07e2 000008F3 		.4byte	0x8f3
 1328 07e6 1A       		.uleb128 0x1a
 1329 07e7 00000000 		.4byte	.LVL4
 1330 07eb 000008FD 		.4byte	0x8fd
 1331 07ef 1A       		.uleb128 0x1a
 1332 07f0 00000000 		.4byte	.LVL5
 1333 07f4 00000907 		.4byte	0x907
 1334 07f8 1B       		.uleb128 0x1b
 1335 07f9 00000000 		.4byte	.LVL6
 1336 07fd 00000911 		.4byte	0x911
 1337 0801 00000815 		.4byte	0x815
 1338 0805 1C       		.uleb128 0x1c
 1339 0806 01       		.byte	0x1
 1340 0807 54       		.byte	0x54
 1341 0808 02       		.byte	0x2
 1342 0809 08       		.byte	0x8
 1343 080a 40       		.byte	0x40
 1344 080b 1C       		.uleb128 0x1c
 1345 080c 01       		.byte	0x1
 1346 080d 53       		.byte	0x53
 1347 080e 05       		.byte	0x5
 1348 080f 03       		.byte	0x3
 1349 0810 00000000 		.4byte	.LANCHOR0
 1350 0814 00       		.byte	0
 1351 0815 1D       		.uleb128 0x1d
 1352 0816 00000000 		.4byte	.LVL7
 1353 081a 01       		.byte	0x1
 1354 081b 0000092F 		.4byte	0x92f
 1355 081f 1C       		.uleb128 0x1c
 1356 0820 01       		.byte	0x1
 1357 0821 57       		.byte	0x57
 1358 0822 01       		.byte	0x1
 1359 0823 30       		.byte	0x30
GAS LISTING C:\Users\jean\AppData\Local\Temp\cc7DHRH8.s 			page 25


 1360 0824 1C       		.uleb128 0x1c
 1361 0825 01       		.byte	0x1
 1362 0826 56       		.byte	0x56
 1363 0827 05       		.byte	0x5
 1364 0828 03       		.byte	0x3
 1365 0829 00000000 		.4byte	_idle_thread
 1366 082d 1C       		.uleb128 0x1c
 1367 082e 01       		.byte	0x1
 1368 082f 55       		.byte	0x55
 1369 0830 01       		.byte	0x1
 1370 0831 31       		.byte	0x31
 1371 0832 1C       		.uleb128 0x1c
 1372 0833 01       		.byte	0x1
 1373 0834 54       		.byte	0x54
 1374 0835 03       		.byte	0x3
 1375 0836 0A       		.byte	0xa
 1376 0837 0208     		.2byte	0x208
 1377 0839 1C       		.uleb128 0x1c
 1378 083a 01       		.byte	0x1
 1379 083b 53       		.byte	0x53
 1380 083c 05       		.byte	0x5
 1381 083d 03       		.byte	0x3
 1382 083e 00000000 		.4byte	.LANCHOR1
 1383 0842 00       		.byte	0
 1384 0843 00       		.byte	0
 1385 0844 1E       		.uleb128 0x1e
 1386 0845 01       		.byte	0x1
 1387 0846 00000000 		.4byte	.LASF105
 1388 084a 01       		.byte	0x1
 1389 084b 89       		.byte	0x89
 1390 084c 01       		.byte	0x1
 1391 084d 00000000 		.4byte	.LFB17
 1392 0851 00000000 		.4byte	.LFE17
 1393 0855 00000000 		.4byte	.LLST1
 1394 0859 01       		.byte	0x1
 1395 085a 00000890 		.4byte	0x890
 1396 085e 1F       		.uleb128 0x1f
 1397 085f 00000000 		.4byte	.LBB12
 1398 0863 00000000 		.4byte	.LBE12
 1399 0867 20       		.uleb128 0x20
 1400 0868 76747000 		.string	"vtp"
 1401 086c 01       		.byte	0x1
 1402 086d 96       		.byte	0x96
 1403 086e 000004BC 		.4byte	0x4bc
 1404 0872 00000000 		.4byte	.LLST2
 1405 0876 1F       		.uleb128 0x1f
 1406 0877 00000000 		.4byte	.LBB13
 1407 087b 00000000 		.4byte	.LBE13
 1408 087f 20       		.uleb128 0x20
 1409 0880 666E00   		.string	"fn"
 1410 0883 01       		.byte	0x1
 1411 0884 96       		.byte	0x96
 1412 0885 00000441 		.4byte	0x441
 1413 0889 00000000 		.4byte	.LLST3
 1414 088d 00       		.byte	0
 1415 088e 00       		.byte	0
 1416 088f 00       		.byte	0
GAS LISTING C:\Users\jean\AppData\Local\Temp\cc7DHRH8.s 			page 26


 1417 0890 21       		.uleb128 0x21
 1418 0891 00000000 		.4byte	.LASF107
 1419 0895 0A       		.byte	0xa
 1420 0896 F5       		.byte	0xf5
 1421 0897 00000508 		.4byte	0x508
 1422 089b 01       		.byte	0x1
 1423 089c 01       		.byte	0x1
 1424 089d 21       		.uleb128 0x21
 1425 089e 00000000 		.4byte	.LASF108
 1426 08a2 0B       		.byte	0xb
 1427 08a3 6F       		.byte	0x6f
 1428 08a4 00000570 		.4byte	0x570
 1429 08a8 01       		.byte	0x1
 1430 08a9 01       		.byte	0x1
 1431 08aa 21       		.uleb128 0x21
 1432 08ab 00000000 		.4byte	.LASF109
 1433 08af 0D       		.byte	0xd
 1434 08b0 7E       		.byte	0x7e
 1435 08b1 000008B7 		.4byte	0x8b7
 1436 08b5 01       		.byte	0x1
 1437 08b6 01       		.byte	0x1
 1438 08b7 12       		.uleb128 0x12
 1439 08b8 00000746 		.4byte	0x746
 1440 08bc 0A       		.uleb128 0xa
 1441 08bd 000002E5 		.4byte	0x2e5
 1442 08c1 000008CC 		.4byte	0x8cc
 1443 08c5 0B       		.uleb128 0xb
 1444 08c6 000002DE 		.4byte	0x2de
 1445 08ca 40       		.byte	0x40
 1446 08cb 00       		.byte	0
 1447 08cc 22       		.uleb128 0x22
 1448 08cd 00000000 		.4byte	.LASF110
 1449 08d1 01       		.byte	0x1
 1450 08d2 31       		.byte	0x31
 1451 08d3 000008BC 		.4byte	0x8bc
 1452 08d7 01       		.byte	0x1
 1453 08d8 05       		.byte	0x5
 1454 08d9 03       		.byte	0x3
 1455 08da 00000000 		.4byte	_idle_thread_wa
 1456 08de 23       		.uleb128 0x23
 1457 08df 01       		.byte	0x1
 1458 08e0 00000000 		.4byte	.LASF111
 1459 08e4 09       		.byte	0x9
 1460 08e5 01CE     		.2byte	0x1ce
 1461 08e7 01       		.byte	0x1
 1462 08e8 01       		.byte	0x1
 1463 08e9 24       		.uleb128 0x24
 1464 08ea 01       		.byte	0x1
 1465 08eb 00000000 		.4byte	.LASF112
 1466 08ef 0B       		.byte	0xb
 1467 08f0 8E       		.byte	0x8e
 1468 08f1 01       		.byte	0x1
 1469 08f2 01       		.byte	0x1
 1470 08f3 24       		.uleb128 0x24
 1471 08f4 01       		.byte	0x1
 1472 08f5 00000000 		.4byte	.LASF113
 1473 08f9 0A       		.byte	0xa
GAS LISTING C:\Users\jean\AppData\Local\Temp\cc7DHRH8.s 			page 27


 1474 08fa FD       		.byte	0xfd
 1475 08fb 01       		.byte	0x1
 1476 08fc 01       		.byte	0x1
 1477 08fd 24       		.uleb128 0x24
 1478 08fe 01       		.byte	0x1
 1479 08ff 00000000 		.4byte	.LASF114
 1480 0903 0E       		.byte	0xe
 1481 0904 4F       		.byte	0x4f
 1482 0905 01       		.byte	0x1
 1483 0906 01       		.byte	0x1
 1484 0907 24       		.uleb128 0x24
 1485 0908 01       		.byte	0x1
 1486 0909 00000000 		.4byte	.LASF115
 1487 090d 0F       		.byte	0xf
 1488 090e 55       		.byte	0x55
 1489 090f 01       		.byte	0x1
 1490 0910 01       		.byte	0x1
 1491 0911 25       		.uleb128 0x25
 1492 0912 01       		.byte	0x1
 1493 0913 00000000 		.4byte	.LASF119
 1494 0917 08       		.byte	0x8
 1495 0918 016A     		.2byte	0x16a
 1496 091a 01       		.byte	0x1
 1497 091b 00000286 		.4byte	0x286
 1498 091f 01       		.byte	0x1
 1499 0920 0000092F 		.4byte	0x92f
 1500 0924 0E       		.uleb128 0xe
 1501 0925 00000286 		.4byte	0x286
 1502 0929 0E       		.uleb128 0xe
 1503 092a 00000105 		.4byte	0x105
 1504 092e 00       		.byte	0
 1505 092f 26       		.uleb128 0x26
 1506 0930 01       		.byte	0x1
 1507 0931 00000000 		.4byte	.LASF120
 1508 0935 08       		.byte	0x8
 1509 0936 0170     		.2byte	0x170
 1510 0938 01       		.byte	0x1
 1511 0939 00000286 		.4byte	0x286
 1512 093d 01       		.byte	0x1
 1513 093e 0E       		.uleb128 0xe
 1514 093f 000002FB 		.4byte	0x2fb
 1515 0943 0E       		.uleb128 0xe
 1516 0944 00000030 		.4byte	0x30
 1517 0948 0E       		.uleb128 0xe
 1518 0949 00000105 		.4byte	0x105
 1519 094d 0E       		.uleb128 0xe
 1520 094e 00000610 		.4byte	0x610
 1521 0952 0E       		.uleb128 0xe
 1522 0953 000002FB 		.4byte	0x2fb
 1523 0957 00       		.byte	0
 1524 0958 00       		.byte	0
 1525              		.section	.debug_abbrev,"",@progbits
 1526              	.Ldebug_abbrev0:
 1527 0000 01       		.uleb128 0x1
 1528 0001 11       		.uleb128 0x11
 1529 0002 01       		.byte	0x1
 1530 0003 25       		.uleb128 0x25
GAS LISTING C:\Users\jean\AppData\Local\Temp\cc7DHRH8.s 			page 28


 1531 0004 0E       		.uleb128 0xe
 1532 0005 13       		.uleb128 0x13
 1533 0006 0B       		.uleb128 0xb
 1534 0007 03       		.uleb128 0x3
 1535 0008 0E       		.uleb128 0xe
 1536 0009 1B       		.uleb128 0x1b
 1537 000a 0E       		.uleb128 0xe
 1538 000b 55       		.uleb128 0x55
 1539 000c 06       		.uleb128 0x6
 1540 000d 11       		.uleb128 0x11
 1541 000e 01       		.uleb128 0x1
 1542 000f 52       		.uleb128 0x52
 1543 0010 01       		.uleb128 0x1
 1544 0011 10       		.uleb128 0x10
 1545 0012 06       		.uleb128 0x6
 1546 0013 00       		.byte	0
 1547 0014 00       		.byte	0
 1548 0015 02       		.uleb128 0x2
 1549 0016 24       		.uleb128 0x24
 1550 0017 00       		.byte	0
 1551 0018 0B       		.uleb128 0xb
 1552 0019 0B       		.uleb128 0xb
 1553 001a 3E       		.uleb128 0x3e
 1554 001b 0B       		.uleb128 0xb
 1555 001c 03       		.uleb128 0x3
 1556 001d 08       		.uleb128 0x8
 1557 001e 00       		.byte	0
 1558 001f 00       		.byte	0
 1559 0020 03       		.uleb128 0x3
 1560 0021 16       		.uleb128 0x16
 1561 0022 00       		.byte	0
 1562 0023 03       		.uleb128 0x3
 1563 0024 0E       		.uleb128 0xe
 1564 0025 3A       		.uleb128 0x3a
 1565 0026 0B       		.uleb128 0xb
 1566 0027 3B       		.uleb128 0x3b
 1567 0028 0B       		.uleb128 0xb
 1568 0029 49       		.uleb128 0x49
 1569 002a 13       		.uleb128 0x13
 1570 002b 00       		.byte	0
 1571 002c 00       		.byte	0
 1572 002d 04       		.uleb128 0x4
 1573 002e 24       		.uleb128 0x24
 1574 002f 00       		.byte	0
 1575 0030 0B       		.uleb128 0xb
 1576 0031 0B       		.uleb128 0xb
 1577 0032 3E       		.uleb128 0x3e
 1578 0033 0B       		.uleb128 0xb
 1579 0034 03       		.uleb128 0x3
 1580 0035 0E       		.uleb128 0xe
 1581 0036 00       		.byte	0
 1582 0037 00       		.byte	0
 1583 0038 05       		.uleb128 0x5
 1584 0039 13       		.uleb128 0x13
 1585 003a 01       		.byte	0x1
 1586 003b 03       		.uleb128 0x3
 1587 003c 0E       		.uleb128 0xe
GAS LISTING C:\Users\jean\AppData\Local\Temp\cc7DHRH8.s 			page 29


 1588 003d 0B       		.uleb128 0xb
 1589 003e 0B       		.uleb128 0xb
 1590 003f 3A       		.uleb128 0x3a
 1591 0040 0B       		.uleb128 0xb
 1592 0041 3B       		.uleb128 0x3b
 1593 0042 0B       		.uleb128 0xb
 1594 0043 01       		.uleb128 0x1
 1595 0044 13       		.uleb128 0x13
 1596 0045 00       		.byte	0
 1597 0046 00       		.byte	0
 1598 0047 06       		.uleb128 0x6
 1599 0048 0D       		.uleb128 0xd
 1600 0049 00       		.byte	0
 1601 004a 03       		.uleb128 0x3
 1602 004b 0E       		.uleb128 0xe
 1603 004c 3A       		.uleb128 0x3a
 1604 004d 0B       		.uleb128 0xb
 1605 004e 3B       		.uleb128 0x3b
 1606 004f 0B       		.uleb128 0xb
 1607 0050 49       		.uleb128 0x49
 1608 0051 13       		.uleb128 0x13
 1609 0052 38       		.uleb128 0x38
 1610 0053 0A       		.uleb128 0xa
 1611 0054 00       		.byte	0
 1612 0055 00       		.byte	0
 1613 0056 07       		.uleb128 0x7
 1614 0057 0D       		.uleb128 0xd
 1615 0058 00       		.byte	0
 1616 0059 03       		.uleb128 0x3
 1617 005a 08       		.uleb128 0x8
 1618 005b 3A       		.uleb128 0x3a
 1619 005c 0B       		.uleb128 0xb
 1620 005d 3B       		.uleb128 0x3b
 1621 005e 0B       		.uleb128 0xb
 1622 005f 49       		.uleb128 0x49
 1623 0060 13       		.uleb128 0x13
 1624 0061 38       		.uleb128 0x38
 1625 0062 0A       		.uleb128 0xa
 1626 0063 00       		.byte	0
 1627 0064 00       		.byte	0
 1628 0065 08       		.uleb128 0x8
 1629 0066 13       		.uleb128 0x13
 1630 0067 01       		.byte	0x1
 1631 0068 0B       		.uleb128 0xb
 1632 0069 0B       		.uleb128 0xb
 1633 006a 3A       		.uleb128 0x3a
 1634 006b 0B       		.uleb128 0xb
 1635 006c 3B       		.uleb128 0x3b
 1636 006d 0B       		.uleb128 0xb
 1637 006e 01       		.uleb128 0x1
 1638 006f 13       		.uleb128 0x13
 1639 0070 00       		.byte	0
 1640 0071 00       		.byte	0
 1641 0072 09       		.uleb128 0x9
 1642 0073 0F       		.uleb128 0xf
 1643 0074 00       		.byte	0
 1644 0075 0B       		.uleb128 0xb
GAS LISTING C:\Users\jean\AppData\Local\Temp\cc7DHRH8.s 			page 30


 1645 0076 0B       		.uleb128 0xb
 1646 0077 49       		.uleb128 0x49
 1647 0078 13       		.uleb128 0x13
 1648 0079 00       		.byte	0
 1649 007a 00       		.byte	0
 1650 007b 0A       		.uleb128 0xa
 1651 007c 01       		.uleb128 0x1
 1652 007d 01       		.byte	0x1
 1653 007e 49       		.uleb128 0x49
 1654 007f 13       		.uleb128 0x13
 1655 0080 01       		.uleb128 0x1
 1656 0081 13       		.uleb128 0x13
 1657 0082 00       		.byte	0
 1658 0083 00       		.byte	0
 1659 0084 0B       		.uleb128 0xb
 1660 0085 21       		.uleb128 0x21
 1661 0086 00       		.byte	0
 1662 0087 49       		.uleb128 0x49
 1663 0088 13       		.uleb128 0x13
 1664 0089 2F       		.uleb128 0x2f
 1665 008a 0B       		.uleb128 0xb
 1666 008b 00       		.byte	0
 1667 008c 00       		.byte	0
 1668 008d 0C       		.uleb128 0xc
 1669 008e 0F       		.uleb128 0xf
 1670 008f 00       		.byte	0
 1671 0090 0B       		.uleb128 0xb
 1672 0091 0B       		.uleb128 0xb
 1673 0092 00       		.byte	0
 1674 0093 00       		.byte	0
 1675 0094 0D       		.uleb128 0xd
 1676 0095 15       		.uleb128 0x15
 1677 0096 01       		.byte	0x1
 1678 0097 27       		.uleb128 0x27
 1679 0098 0C       		.uleb128 0xc
 1680 0099 01       		.uleb128 0x1
 1681 009a 13       		.uleb128 0x13
 1682 009b 00       		.byte	0
 1683 009c 00       		.byte	0
 1684 009d 0E       		.uleb128 0xe
 1685 009e 05       		.uleb128 0x5
 1686 009f 00       		.byte	0
 1687 00a0 49       		.uleb128 0x49
 1688 00a1 13       		.uleb128 0x13
 1689 00a2 00       		.byte	0
 1690 00a3 00       		.byte	0
 1691 00a4 0F       		.uleb128 0xf
 1692 00a5 35       		.uleb128 0x35
 1693 00a6 00       		.byte	0
 1694 00a7 49       		.uleb128 0x49
 1695 00a8 13       		.uleb128 0x13
 1696 00a9 00       		.byte	0
 1697 00aa 00       		.byte	0
 1698 00ab 10       		.uleb128 0x10
 1699 00ac 17       		.uleb128 0x17
 1700 00ad 01       		.byte	0x1
 1701 00ae 0B       		.uleb128 0xb
GAS LISTING C:\Users\jean\AppData\Local\Temp\cc7DHRH8.s 			page 31


 1702 00af 0B       		.uleb128 0xb
 1703 00b0 3A       		.uleb128 0x3a
 1704 00b1 0B       		.uleb128 0xb
 1705 00b2 3B       		.uleb128 0x3b
 1706 00b3 0B       		.uleb128 0xb
 1707 00b4 01       		.uleb128 0x1
 1708 00b5 13       		.uleb128 0x13
 1709 00b6 00       		.byte	0
 1710 00b7 00       		.byte	0
 1711 00b8 11       		.uleb128 0x11
 1712 00b9 0D       		.uleb128 0xd
 1713 00ba 00       		.byte	0
 1714 00bb 03       		.uleb128 0x3
 1715 00bc 0E       		.uleb128 0xe
 1716 00bd 3A       		.uleb128 0x3a
 1717 00be 0B       		.uleb128 0xb
 1718 00bf 3B       		.uleb128 0x3b
 1719 00c0 0B       		.uleb128 0xb
 1720 00c1 49       		.uleb128 0x49
 1721 00c2 13       		.uleb128 0x13
 1722 00c3 00       		.byte	0
 1723 00c4 00       		.byte	0
 1724 00c5 12       		.uleb128 0x12
 1725 00c6 26       		.uleb128 0x26
 1726 00c7 00       		.byte	0
 1727 00c8 49       		.uleb128 0x49
 1728 00c9 13       		.uleb128 0x13
 1729 00ca 00       		.byte	0
 1730 00cb 00       		.byte	0
 1731 00cc 13       		.uleb128 0x13
 1732 00cd 15       		.uleb128 0x15
 1733 00ce 01       		.byte	0x1
 1734 00cf 27       		.uleb128 0x27
 1735 00d0 0C       		.uleb128 0xc
 1736 00d1 49       		.uleb128 0x49
 1737 00d2 13       		.uleb128 0x13
 1738 00d3 01       		.uleb128 0x1
 1739 00d4 13       		.uleb128 0x13
 1740 00d5 00       		.byte	0
 1741 00d6 00       		.byte	0
 1742 00d7 14       		.uleb128 0x14
 1743 00d8 2E       		.uleb128 0x2e
 1744 00d9 00       		.byte	0
 1745 00da 03       		.uleb128 0x3
 1746 00db 0E       		.uleb128 0xe
 1747 00dc 3A       		.uleb128 0x3a
 1748 00dd 0B       		.uleb128 0xb
 1749 00de 3B       		.uleb128 0x3b
 1750 00df 0B       		.uleb128 0xb
 1751 00e0 27       		.uleb128 0x27
 1752 00e1 0C       		.uleb128 0xc
 1753 00e2 20       		.uleb128 0x20
 1754 00e3 0B       		.uleb128 0xb
 1755 00e4 00       		.byte	0
 1756 00e5 00       		.byte	0
 1757 00e6 15       		.uleb128 0x15
 1758 00e7 2E       		.uleb128 0x2e
GAS LISTING C:\Users\jean\AppData\Local\Temp\cc7DHRH8.s 			page 32


 1759 00e8 01       		.byte	0x1
 1760 00e9 3F       		.uleb128 0x3f
 1761 00ea 0C       		.uleb128 0xc
 1762 00eb 03       		.uleb128 0x3
 1763 00ec 0E       		.uleb128 0xe
 1764 00ed 3A       		.uleb128 0x3a
 1765 00ee 0B       		.uleb128 0xb
 1766 00ef 3B       		.uleb128 0x3b
 1767 00f0 0B       		.uleb128 0xb
 1768 00f1 27       		.uleb128 0x27
 1769 00f2 0C       		.uleb128 0xc
 1770 00f3 11       		.uleb128 0x11
 1771 00f4 01       		.uleb128 0x1
 1772 00f5 12       		.uleb128 0x12
 1773 00f6 01       		.uleb128 0x1
 1774 00f7 40       		.uleb128 0x40
 1775 00f8 0A       		.uleb128 0xa
 1776 00f9 9742     		.uleb128 0x2117
 1777 00fb 0C       		.uleb128 0xc
 1778 00fc 01       		.uleb128 0x1
 1779 00fd 13       		.uleb128 0x13
 1780 00fe 00       		.byte	0
 1781 00ff 00       		.byte	0
 1782 0100 16       		.uleb128 0x16
 1783 0101 05       		.uleb128 0x5
 1784 0102 00       		.byte	0
 1785 0103 03       		.uleb128 0x3
 1786 0104 08       		.uleb128 0x8
 1787 0105 3A       		.uleb128 0x3a
 1788 0106 0B       		.uleb128 0xb
 1789 0107 3B       		.uleb128 0x3b
 1790 0108 0B       		.uleb128 0xb
 1791 0109 49       		.uleb128 0x49
 1792 010a 13       		.uleb128 0x13
 1793 010b 02       		.uleb128 0x2
 1794 010c 0A       		.uleb128 0xa
 1795 010d 00       		.byte	0
 1796 010e 00       		.byte	0
 1797 010f 17       		.uleb128 0x17
 1798 0110 2E       		.uleb128 0x2e
 1799 0111 01       		.byte	0x1
 1800 0112 3F       		.uleb128 0x3f
 1801 0113 0C       		.uleb128 0xc
 1802 0114 03       		.uleb128 0x3
 1803 0115 0E       		.uleb128 0xe
 1804 0116 3A       		.uleb128 0x3a
 1805 0117 0B       		.uleb128 0xb
 1806 0118 3B       		.uleb128 0x3b
 1807 0119 0B       		.uleb128 0xb
 1808 011a 27       		.uleb128 0x27
 1809 011b 0C       		.uleb128 0xc
 1810 011c 11       		.uleb128 0x11
 1811 011d 01       		.uleb128 0x1
 1812 011e 12       		.uleb128 0x12
 1813 011f 01       		.uleb128 0x1
 1814 0120 40       		.uleb128 0x40
 1815 0121 06       		.uleb128 0x6
GAS LISTING C:\Users\jean\AppData\Local\Temp\cc7DHRH8.s 			page 33


 1816 0122 9742     		.uleb128 0x2117
 1817 0124 0C       		.uleb128 0xc
 1818 0125 01       		.uleb128 0x1
 1819 0126 13       		.uleb128 0x13
 1820 0127 00       		.byte	0
 1821 0128 00       		.byte	0
 1822 0129 18       		.uleb128 0x18
 1823 012a 34       		.uleb128 0x34
 1824 012b 00       		.byte	0
 1825 012c 03       		.uleb128 0x3
 1826 012d 0E       		.uleb128 0xe
 1827 012e 3A       		.uleb128 0x3a
 1828 012f 0B       		.uleb128 0xb
 1829 0130 3B       		.uleb128 0x3b
 1830 0131 0B       		.uleb128 0xb
 1831 0132 49       		.uleb128 0x49
 1832 0133 13       		.uleb128 0x13
 1833 0134 02       		.uleb128 0x2
 1834 0135 0A       		.uleb128 0xa
 1835 0136 00       		.byte	0
 1836 0137 00       		.byte	0
 1837 0138 19       		.uleb128 0x19
 1838 0139 1D       		.uleb128 0x1d
 1839 013a 00       		.byte	0
 1840 013b 31       		.uleb128 0x31
 1841 013c 13       		.uleb128 0x13
 1842 013d 11       		.uleb128 0x11
 1843 013e 01       		.uleb128 0x1
 1844 013f 12       		.uleb128 0x12
 1845 0140 01       		.uleb128 0x1
 1846 0141 58       		.uleb128 0x58
 1847 0142 0B       		.uleb128 0xb
 1848 0143 59       		.uleb128 0x59
 1849 0144 0B       		.uleb128 0xb
 1850 0145 00       		.byte	0
 1851 0146 00       		.byte	0
 1852 0147 1A       		.uleb128 0x1a
 1853 0148 898201   		.uleb128 0x4109
 1854 014b 00       		.byte	0
 1855 014c 11       		.uleb128 0x11
 1856 014d 01       		.uleb128 0x1
 1857 014e 31       		.uleb128 0x31
 1858 014f 13       		.uleb128 0x13
 1859 0150 00       		.byte	0
 1860 0151 00       		.byte	0
 1861 0152 1B       		.uleb128 0x1b
 1862 0153 898201   		.uleb128 0x4109
 1863 0156 01       		.byte	0x1
 1864 0157 11       		.uleb128 0x11
 1865 0158 01       		.uleb128 0x1
 1866 0159 31       		.uleb128 0x31
 1867 015a 13       		.uleb128 0x13
 1868 015b 01       		.uleb128 0x1
 1869 015c 13       		.uleb128 0x13
 1870 015d 00       		.byte	0
 1871 015e 00       		.byte	0
 1872 015f 1C       		.uleb128 0x1c
GAS LISTING C:\Users\jean\AppData\Local\Temp\cc7DHRH8.s 			page 34


 1873 0160 8A8201   		.uleb128 0x410a
 1874 0163 00       		.byte	0
 1875 0164 02       		.uleb128 0x2
 1876 0165 0A       		.uleb128 0xa
 1877 0166 9142     		.uleb128 0x2111
 1878 0168 0A       		.uleb128 0xa
 1879 0169 00       		.byte	0
 1880 016a 00       		.byte	0
 1881 016b 1D       		.uleb128 0x1d
 1882 016c 898201   		.uleb128 0x4109
 1883 016f 01       		.byte	0x1
 1884 0170 11       		.uleb128 0x11
 1885 0171 01       		.uleb128 0x1
 1886 0172 9542     		.uleb128 0x2115
 1887 0174 0C       		.uleb128 0xc
 1888 0175 31       		.uleb128 0x31
 1889 0176 13       		.uleb128 0x13
 1890 0177 00       		.byte	0
 1891 0178 00       		.byte	0
 1892 0179 1E       		.uleb128 0x1e
 1893 017a 2E       		.uleb128 0x2e
 1894 017b 01       		.byte	0x1
 1895 017c 3F       		.uleb128 0x3f
 1896 017d 0C       		.uleb128 0xc
 1897 017e 03       		.uleb128 0x3
 1898 017f 0E       		.uleb128 0xe
 1899 0180 3A       		.uleb128 0x3a
 1900 0181 0B       		.uleb128 0xb
 1901 0182 3B       		.uleb128 0x3b
 1902 0183 0B       		.uleb128 0xb
 1903 0184 27       		.uleb128 0x27
 1904 0185 0C       		.uleb128 0xc
 1905 0186 11       		.uleb128 0x11
 1906 0187 01       		.uleb128 0x1
 1907 0188 12       		.uleb128 0x12
 1908 0189 01       		.uleb128 0x1
 1909 018a 40       		.uleb128 0x40
 1910 018b 06       		.uleb128 0x6
 1911 018c 9642     		.uleb128 0x2116
 1912 018e 0C       		.uleb128 0xc
 1913 018f 01       		.uleb128 0x1
 1914 0190 13       		.uleb128 0x13
 1915 0191 00       		.byte	0
 1916 0192 00       		.byte	0
 1917 0193 1F       		.uleb128 0x1f
 1918 0194 0B       		.uleb128 0xb
 1919 0195 01       		.byte	0x1
 1920 0196 11       		.uleb128 0x11
 1921 0197 01       		.uleb128 0x1
 1922 0198 12       		.uleb128 0x12
 1923 0199 01       		.uleb128 0x1
 1924 019a 00       		.byte	0
 1925 019b 00       		.byte	0
 1926 019c 20       		.uleb128 0x20
 1927 019d 34       		.uleb128 0x34
 1928 019e 00       		.byte	0
 1929 019f 03       		.uleb128 0x3
GAS LISTING C:\Users\jean\AppData\Local\Temp\cc7DHRH8.s 			page 35


 1930 01a0 08       		.uleb128 0x8
 1931 01a1 3A       		.uleb128 0x3a
 1932 01a2 0B       		.uleb128 0xb
 1933 01a3 3B       		.uleb128 0x3b
 1934 01a4 0B       		.uleb128 0xb
 1935 01a5 49       		.uleb128 0x49
 1936 01a6 13       		.uleb128 0x13
 1937 01a7 02       		.uleb128 0x2
 1938 01a8 06       		.uleb128 0x6
 1939 01a9 00       		.byte	0
 1940 01aa 00       		.byte	0
 1941 01ab 21       		.uleb128 0x21
 1942 01ac 34       		.uleb128 0x34
 1943 01ad 00       		.byte	0
 1944 01ae 03       		.uleb128 0x3
 1945 01af 0E       		.uleb128 0xe
 1946 01b0 3A       		.uleb128 0x3a
 1947 01b1 0B       		.uleb128 0xb
 1948 01b2 3B       		.uleb128 0x3b
 1949 01b3 0B       		.uleb128 0xb
 1950 01b4 49       		.uleb128 0x49
 1951 01b5 13       		.uleb128 0x13
 1952 01b6 3F       		.uleb128 0x3f
 1953 01b7 0C       		.uleb128 0xc
 1954 01b8 3C       		.uleb128 0x3c
 1955 01b9 0C       		.uleb128 0xc
 1956 01ba 00       		.byte	0
 1957 01bb 00       		.byte	0
 1958 01bc 22       		.uleb128 0x22
 1959 01bd 34       		.uleb128 0x34
 1960 01be 00       		.byte	0
 1961 01bf 03       		.uleb128 0x3
 1962 01c0 0E       		.uleb128 0xe
 1963 01c1 3A       		.uleb128 0x3a
 1964 01c2 0B       		.uleb128 0xb
 1965 01c3 3B       		.uleb128 0x3b
 1966 01c4 0B       		.uleb128 0xb
 1967 01c5 49       		.uleb128 0x49
 1968 01c6 13       		.uleb128 0x13
 1969 01c7 3F       		.uleb128 0x3f
 1970 01c8 0C       		.uleb128 0xc
 1971 01c9 02       		.uleb128 0x2
 1972 01ca 0A       		.uleb128 0xa
 1973 01cb 00       		.byte	0
 1974 01cc 00       		.byte	0
 1975 01cd 23       		.uleb128 0x23
 1976 01ce 2E       		.uleb128 0x2e
 1977 01cf 00       		.byte	0
 1978 01d0 3F       		.uleb128 0x3f
 1979 01d1 0C       		.uleb128 0xc
 1980 01d2 03       		.uleb128 0x3
 1981 01d3 0E       		.uleb128 0xe
 1982 01d4 3A       		.uleb128 0x3a
 1983 01d5 0B       		.uleb128 0xb
 1984 01d6 3B       		.uleb128 0x3b
 1985 01d7 05       		.uleb128 0x5
 1986 01d8 27       		.uleb128 0x27
GAS LISTING C:\Users\jean\AppData\Local\Temp\cc7DHRH8.s 			page 36


 1987 01d9 0C       		.uleb128 0xc
 1988 01da 3C       		.uleb128 0x3c
 1989 01db 0C       		.uleb128 0xc
 1990 01dc 00       		.byte	0
 1991 01dd 00       		.byte	0
 1992 01de 24       		.uleb128 0x24
 1993 01df 2E       		.uleb128 0x2e
 1994 01e0 00       		.byte	0
 1995 01e1 3F       		.uleb128 0x3f
 1996 01e2 0C       		.uleb128 0xc
 1997 01e3 03       		.uleb128 0x3
 1998 01e4 0E       		.uleb128 0xe
 1999 01e5 3A       		.uleb128 0x3a
 2000 01e6 0B       		.uleb128 0xb
 2001 01e7 3B       		.uleb128 0x3b
 2002 01e8 0B       		.uleb128 0xb
 2003 01e9 27       		.uleb128 0x27
 2004 01ea 0C       		.uleb128 0xc
 2005 01eb 3C       		.uleb128 0x3c
 2006 01ec 0C       		.uleb128 0xc
 2007 01ed 00       		.byte	0
 2008 01ee 00       		.byte	0
 2009 01ef 25       		.uleb128 0x25
 2010 01f0 2E       		.uleb128 0x2e
 2011 01f1 01       		.byte	0x1
 2012 01f2 3F       		.uleb128 0x3f
 2013 01f3 0C       		.uleb128 0xc
 2014 01f4 03       		.uleb128 0x3
 2015 01f5 0E       		.uleb128 0xe
 2016 01f6 3A       		.uleb128 0x3a
 2017 01f7 0B       		.uleb128 0xb
 2018 01f8 3B       		.uleb128 0x3b
 2019 01f9 05       		.uleb128 0x5
 2020 01fa 27       		.uleb128 0x27
 2021 01fb 0C       		.uleb128 0xc
 2022 01fc 49       		.uleb128 0x49
 2023 01fd 13       		.uleb128 0x13
 2024 01fe 3C       		.uleb128 0x3c
 2025 01ff 0C       		.uleb128 0xc
 2026 0200 01       		.uleb128 0x1
 2027 0201 13       		.uleb128 0x13
 2028 0202 00       		.byte	0
 2029 0203 00       		.byte	0
 2030 0204 26       		.uleb128 0x26
 2031 0205 2E       		.uleb128 0x2e
 2032 0206 01       		.byte	0x1
 2033 0207 3F       		.uleb128 0x3f
 2034 0208 0C       		.uleb128 0xc
 2035 0209 03       		.uleb128 0x3
 2036 020a 0E       		.uleb128 0xe
 2037 020b 3A       		.uleb128 0x3a
 2038 020c 0B       		.uleb128 0xb
 2039 020d 3B       		.uleb128 0x3b
 2040 020e 05       		.uleb128 0x5
 2041 020f 27       		.uleb128 0x27
 2042 0210 0C       		.uleb128 0xc
 2043 0211 49       		.uleb128 0x49
GAS LISTING C:\Users\jean\AppData\Local\Temp\cc7DHRH8.s 			page 37


 2044 0212 13       		.uleb128 0x13
 2045 0213 3C       		.uleb128 0x3c
 2046 0214 0C       		.uleb128 0xc
 2047 0215 00       		.byte	0
 2048 0216 00       		.byte	0
 2049 0217 00       		.byte	0
 2050              		.section	.debug_loc,"",@progbits
 2051              	.Ldebug_loc0:
 2052              	.LLST0:
 2053 0000 00000000 		.4byte	.LFB16
 2054 0004 00000000 		.4byte	.LCFI0
 2055 0008 0002     		.2byte	0x2
 2056 000a 71       		.byte	0x71
 2057 000b 00       		.sleb128 0
 2058 000c 00000000 		.4byte	.LCFI0
 2059 0010 00000000 		.4byte	.LCFI1
 2060 0014 0002     		.2byte	0x2
 2061 0016 71       		.byte	0x71
 2062 0017 08       		.sleb128 8
 2063 0018 00000000 		.4byte	.LCFI1
 2064 001c 00000000 		.4byte	.LFE16
 2065 0020 0002     		.2byte	0x2
 2066 0022 71       		.byte	0x71
 2067 0023 00       		.sleb128 0
 2068 0024 00000000 		.4byte	0
 2069 0028 00000000 		.4byte	0
 2070              	.LLST1:
 2071 002c 00000000 		.4byte	.LFB17
 2072 0030 00000000 		.4byte	.LCFI2
 2073 0034 0002     		.2byte	0x2
 2074 0036 71       		.byte	0x71
 2075 0037 00       		.sleb128 0
 2076 0038 00000000 		.4byte	.LCFI2
 2077 003c 00000000 		.4byte	.LCFI3
 2078 0040 0002     		.2byte	0x2
 2079 0042 71       		.byte	0x71
 2080 0043 10       		.sleb128 16
 2081 0044 00000000 		.4byte	.LCFI3
 2082 0048 00000000 		.4byte	.LFE17
 2083 004c 0002     		.2byte	0x2
 2084 004e 71       		.byte	0x71
 2085 004f 00       		.sleb128 0
 2086 0050 00000000 		.4byte	0
 2087 0054 00000000 		.4byte	0
 2088              	.LLST2:
 2089 0058 00000000 		.4byte	.LVL8
 2090 005c 00000000 		.4byte	.LVL10-1
 2091 0060 0001     		.2byte	0x1
 2092 0062 59       		.byte	0x59
 2093 0063 00000000 		.4byte	.LVL11
 2094 0067 00000000 		.4byte	.LVL12
 2095 006b 0001     		.2byte	0x1
 2096 006d 59       		.byte	0x59
 2097 006e 00000000 		.4byte	0
 2098 0072 00000000 		.4byte	0
 2099              	.LLST3:
 2100 0076 00000000 		.4byte	.LVL9
GAS LISTING C:\Users\jean\AppData\Local\Temp\cc7DHRH8.s 			page 38


 2101 007a 00000000 		.4byte	.LVL10-1
 2102 007e 0001     		.2byte	0x1
 2103 0080 58       		.byte	0x58
 2104 0081 00000000 		.4byte	0
 2105 0085 00000000 		.4byte	0
 2106              		.section	.debug_aranges,"",@progbits
 2107 0000 0000002C 		.4byte	0x2c
 2108 0004 0002     		.2byte	0x2
 2109 0006 00000000 		.4byte	.Ldebug_info0
 2110 000a 04       		.byte	0x4
 2111 000b 00       		.byte	0
 2112 000c 0000     		.2byte	0
 2113 000e 0000     		.2byte	0
 2114 0010 00000000 		.4byte	.LFB15
 2115 0014 00000018 		.4byte	.LFE15-.LFB15
 2116 0018 00000000 		.4byte	.LFB16
 2117 001c 00000074 		.4byte	.LFE16-.LFB16
 2118 0020 00000000 		.4byte	.LFB17
 2119 0024 000000A4 		.4byte	.LFE17-.LFB17
 2120 0028 00000000 		.4byte	0
 2121 002c 00000000 		.4byte	0
 2122              		.section	.debug_ranges,"",@progbits
 2123              	.Ldebug_ranges0:
 2124 0000 00000000 		.4byte	.LFB15
 2125 0004 00000000 		.4byte	.LFE15
 2126 0008 00000000 		.4byte	.LFB16
 2127 000c 00000000 		.4byte	.LFE16
 2128 0010 00000000 		.4byte	.LFB17
 2129 0014 00000000 		.4byte	.LFE17
 2130 0018 00000000 		.4byte	0
 2131 001c 00000000 		.4byte	0
 2132              		.section	.debug_line,"",@progbits
 2133              	.Ldebug_line0:
 2134 0000 000003A3 		.section	.debug_str,"MS",@progbits,1
 2134      00020000 
 2134      03280201 
 2134      FB0E0D00 
 2134      01010101 
 2135              	.LASF80:
 2136 0000 7466756E 		.string	"tfunc_t"
 2136      635F7400 
 2137              	.LASF91:
 2138 0008 63665F6F 		.string	"cf_off_older"
 2138      66665F6F 
 2138      6C646572 
 2138      00
 2139              	.LASF53:
 2140 0015 70616464 		.string	"padding"
 2140      696E6700 
 2141              	.LASF42:
 2142 001d 705F6D73 		.string	"p_msg"
 2142      6700
 2143              	.LASF74:
 2144 0023 6D5F6E65 		.string	"m_next"
 2144      787400
 2145              	.LASF3:
 2146 002a 73697A65 		.string	"size_t"
GAS LISTING C:\Users\jean\AppData\Local\Temp\cc7DHRH8.s 			page 39


 2146      5F7400
 2147              	.LASF75:
 2148 0031 7264796D 		.string	"rdymsg"
 2148      736700
 2149              	.LASF103:
 2150 0038 5F69646C 		.string	"_idle_thread"
 2150      655F7468 
 2150      72656164 
 2150      00
 2151              	.LASF4:
 2152 0045 5F5F7569 		.string	"__uint8_t"
 2152      6E74385F 
 2152      7400
 2153              	.LASF107:
 2154 004f 76746C69 		.string	"vtlist"
 2154      737400
 2155              	.LASF105:
 2156 0056 63685379 		.string	"chSysTimerHandlerI"
 2156      7354696D 
 2156      65724861 
 2156      6E646C65 
 2156      724900
 2157              	.LASF13:
 2158 0069 6C6F6E67 		.string	"long long unsigned int"
 2158      206C6F6E 
 2158      6720756E 
 2158      7369676E 
 2158      65642069 
 2159              	.LASF87:
 2160 0080 63685F74 		.string	"ch_threadsize"
 2160      68726561 
 2160      6473697A 
 2160      6500
 2161              	.LASF76:
 2162 008e 65786974 		.string	"exitcode"
 2162      636F6465 
 2162      00
 2163              	.LASF106:
 2164 0097 6D61696E 		.string	"mainthread"
 2164      74687265 
 2164      616400
 2165              	.LASF30:
 2166 00a2 705F7072 		.string	"p_prio"
 2166      696F00
 2167              	.LASF94:
 2168 00a9 63665F6F 		.string	"cf_off_state"
 2168      66665F73 
 2168      74617465 
 2168      00
 2169              	.LASF112:
 2170 00b6 5F736368 		.string	"_scheduler_init"
 2170      6564756C 
 2170      65725F69 
 2170      6E697400 
 2171              	.LASF12:
 2172 00c6 6C6F6E67 		.string	"long long int"
 2172      206C6F6E 
GAS LISTING C:\Users\jean\AppData\Local\Temp\cc7DHRH8.s 			page 40


 2172      6720696E 
 2172      7400
 2173              	.LASF2:
 2174 00d4 7369676E 		.string	"signed char"
 2174      65642063 
 2174      68617200 
 2175              	.LASF104:
 2176 00e0 63685379 		.string	"chSysInit"
 2176      73496E69 
 2176      7400
 2177              	.LASF95:
 2178 00ea 63665F6F 		.string	"cf_off_flags"
 2178      66665F66 
 2178      6C616773 
 2178      00
 2179              	.LASF46:
 2180 00f7 705F6D70 		.string	"p_mpool"
 2180      6F6F6C00 
 2181              	.LASF72:
 2182 00ff 6D5F7175 		.string	"m_queue"
 2182      65756500 
 2183              	.LASF22:
 2184 0107 74736C69 		.string	"tslices_t"
 2184      6365735F 
 2184      7400
 2185              	.LASF1:
 2186 0111 6C6F6E67 		.string	"long int"
 2186      20696E74 
 2186      00
 2187              	.LASF102:
 2188 011a 63685379 		.string	"chSysLockFromIsr"
 2188      734C6F63 
 2188      6B46726F 
 2188      6D497372 
 2188      00
 2189              	.LASF20:
 2190 012b 74737461 		.string	"tstate_t"
 2190      74655F74 
 2190      00
 2191              	.LASF100:
 2192 0134 63685379 		.string	"chSysEnable"
 2192      73456E61 
 2192      626C6500 
 2193              	.LASF15:
 2194 0140 75696E74 		.string	"uint16_t"
 2194      31365F74 
 2194      00
 2195              	.LASF99:
 2196 0149 63686465 		.string	"chdebug_t"
 2196      6275675F 
 2196      7400
 2197              	.LASF32:
 2198 0153 705F6E65 		.string	"p_newer"
 2198      77657200 
 2199              	.LASF110:
 2200 015b 5F69646C 		.string	"_idle_thread_wa"
 2200      655F7468 
GAS LISTING C:\Users\jean\AppData\Local\Temp\cc7DHRH8.s 			page 41


 2200      72656164 
 2200      5F776100 
 2201              	.LASF93:
 2202 016b 63665F6F 		.string	"cf_off_stklimit"
 2202      66665F73 
 2202      746B6C69 
 2202      6D697400 
 2203              	.LASF10:
 2204 017b 5F5F7569 		.string	"__uint32_t"
 2204      6E743332 
 2204      5F7400
 2205              	.LASF58:
 2206 0186 76745F70 		.string	"vt_prev"
 2206      72657600 
 2207              	.LASF115:
 2208 018e 5F686561 		.string	"_heap_init"
 2208      705F696E 
 2208      697400
 2209              	.LASF0:
 2210 0199 756E7369 		.string	"unsigned int"
 2210      676E6564 
 2210      20696E74 
 2210      00
 2211              	.LASF119:
 2212 01a6 5F746872 		.string	"_thread_init"
 2212      6561645F 
 2212      696E6974 
 2212      00
 2213              	.LASF57:
 2214 01b3 76745F6E 		.string	"vt_next"
 2214      65787400 
 2215              	.LASF11:
 2216 01bb 6C6F6E67 		.string	"long unsigned int"
 2216      20756E73 
 2216      69676E65 
 2216      6420696E 
 2216      7400
 2217              	.LASF109:
 2218 01cd 63685F64 		.string	"ch_debug"
 2218      65627567 
 2218      00
 2219              	.LASF55:
 2220 01d6 76746675 		.string	"vtfunc_t"
 2220      6E635F74 
 2220      00
 2221              	.LASF81:
 2222 01df 63685F69 		.string	"ch_identifier"
 2222      64656E74 
 2222      69666965 
 2222      7200
 2223              	.LASF56:
 2224 01ed 56697274 		.string	"VirtualTimer"
 2224      75616C54 
 2224      696D6572 
 2224      00
 2225              	.LASF54:
 2226 01fa 636F6E74 		.string	"context"
GAS LISTING C:\Users\jean\AppData\Local\Temp\cc7DHRH8.s 			page 42


 2226      65787400 
 2227              	.LASF8:
 2228 0202 73686F72 		.string	"short unsigned int"
 2228      7420756E 
 2228      7369676E 
 2228      65642069 
 2228      6E7400
 2229              	.LASF111:
 2230 0215 706F7274 		.string	"port_init"
 2230      5F696E69 
 2230      7400
 2231              	.LASF24:
 2232 021f 6D73675F 		.string	"msg_t"
 2232      7400
 2233              	.LASF19:
 2234 0225 746D6F64 		.string	"tmode_t"
 2234      655F7400 
 2235              	.LASF48:
 2236 022d 54687265 		.string	"ThreadsList"
 2236      6164734C 
 2236      69737400 
 2237              	.LASF25:
 2238 0239 6576656E 		.string	"eventmask_t"
 2238      746D6173 
 2238      6B5F7400 
 2239              	.LASF71:
 2240 0245 4D757465 		.string	"Mutex"
 2240      7800
 2241              	.LASF50:
 2242 024b 73746B61 		.string	"stkalign_t"
 2242      6C69676E 
 2242      5F7400
 2243              	.LASF120:
 2244 0256 63685468 		.string	"chThdCreateStatic"
 2244      64437265 
 2244      61746553 
 2244      74617469 
 2244      6300
 2245              	.LASF82:
 2246 0268 63685F7A 		.string	"ch_zero"
 2246      65726F00 
 2247              	.LASF96:
 2248 0270 63665F6F 		.string	"cf_off_refs"
 2248      66665F72 
 2248      65667300 
 2249              	.LASF59:
 2250 027c 76745F74 		.string	"vt_time"
 2250      696D6500 
 2251              	.LASF117:
 2252 0284 2E2F636F 		.string	"./components/chibios_rt_portable_kernel_component/lib/src/chsys.c"
 2252      6D706F6E 
 2252      656E7473 
 2252      2F636869 
 2252      62696F73 
 2253              	.LASF49:
 2254 02c6 73697A65 		.string	"sizetype"
 2254      74797065 
GAS LISTING C:\Users\jean\AppData\Local\Temp\cc7DHRH8.s 			page 43


 2254      00
 2255              	.LASF60:
 2256 02cf 76745F66 		.string	"vt_func"
 2256      756E6300 
 2257              	.LASF86:
 2258 02d7 63685F74 		.string	"ch_timesize"
 2258      696D6573 
 2258      697A6500 
 2259              	.LASF92:
 2260 02e3 63665F6F 		.string	"cf_off_name"
 2260      66665F6E 
 2260      616D6500 
 2261              	.LASF33:
 2262 02ef 705F6F6C 		.string	"p_older"
 2262      64657200 
 2263              	.LASF66:
 2264 02f7 725F6374 		.string	"r_ctx"
 2264      7800
 2265              	.LASF67:
 2266 02fd 725F6E65 		.string	"r_newer"
 2266      77657200 
 2267              	.LASF47:
 2268 0305 54687265 		.string	"ThreadsQueue"
 2268      61647351 
 2268      75657565 
 2268      00
 2269              	.LASF118:
 2270 0312 433A5C53 		.string	"C:\\SPC5Studio\\workspace\\ChibiOS-RT SPC560Dxx CARSIMU FW"
 2270      50433553 
 2270      74756469 
 2270      6F5C776F 
 2270      726B7370 
 2271              	.LASF69:
 2272 034a 725F6375 		.string	"r_current"
 2272      7272656E 
 2272      7400
 2273              	.LASF68:
 2274 0354 725F6F6C 		.string	"r_older"
 2274      64657200 
 2275              	.LASF21:
 2276 035c 74726566 		.string	"trefs_t"
 2276      735F7400 
 2277              	.LASF85:
 2278 0364 63685F70 		.string	"ch_ptrsize"
 2278      74727369 
 2278      7A6500
 2279              	.LASF29:
 2280 036f 705F7072 		.string	"p_prev"
 2280      657600
 2281              	.LASF23:
 2282 0376 74707269 		.string	"tprio_t"
 2282      6F5F7400 
 2283              	.LASF18:
 2284 037e 5F426F6F 		.string	"_Bool"
 2284      6C00
 2285              	.LASF16:
 2286 0384 696E7433 		.string	"int32_t"
GAS LISTING C:\Users\jean\AppData\Local\Temp\cc7DHRH8.s 			page 44


 2286      325F7400 
 2287              	.LASF5:
 2288 038c 756E7369 		.string	"unsigned char"
 2288      676E6564 
 2288      20636861 
 2288      7200
 2289              	.LASF114:
 2290 039a 5F636F72 		.string	"_core_init"
 2290      655F696E 
 2290      697400
 2291              	.LASF44:
 2292 03a5 705F6D74 		.string	"p_mtxlist"
 2292      786C6973 
 2292      7400
 2293              	.LASF6:
 2294 03af 73686F72 		.string	"short int"
 2294      7420696E 
 2294      7400
 2295              	.LASF35:
 2296 03b9 705F7374 		.string	"p_state"
 2296      61746500 
 2297              	.LASF38:
 2298 03c1 705F7072 		.string	"p_preempt"
 2298      65656D70 
 2298      7400
 2299              	.LASF98:
 2300 03cb 63665F6F 		.string	"cf_off_time"
 2300      66665F74 
 2300      696D6500 
 2301              	.LASF65:
 2302 03d7 725F7072 		.string	"r_prio"
 2302      696F00
 2303              	.LASF78:
 2304 03de 65776D61 		.string	"ewmask"
 2304      736B00
 2305              	.LASF28:
 2306 03e5 705F6E65 		.string	"p_next"
 2306      787400
 2307              	.LASF97:
 2308 03ec 63665F6F 		.string	"cf_off_preempt"
 2308      66665F70 
 2308      7265656D 
 2308      707400
 2309              	.LASF36:
 2310 03fb 705F666C 		.string	"p_flags"
 2310      61677300 
 2311              	.LASF27:
 2312 0403 54687265 		.string	"Thread"
 2312      616400
 2313              	.LASF90:
 2314 040a 63665F6F 		.string	"cf_off_newer"
 2314      66665F6E 
 2314      65776572 
 2314      00
 2315              	.LASF43:
 2316 0417 705F6570 		.string	"p_epending"
 2316      656E6469 
GAS LISTING C:\Users\jean\AppData\Local\Temp\cc7DHRH8.s 			page 45


 2316      6E6700
 2317              	.LASF17:
 2318 0422 75696E74 		.string	"uint32_t"
 2318      33325F74 
 2318      00
 2319              	.LASF88:
 2320 042b 63665F6F 		.string	"cf_off_prio"
 2320      66665F70 
 2320      72696F00 
 2321              	.LASF64:
 2322 0437 725F7175 		.string	"r_queue"
 2322      65756500 
 2323              	.LASF51:
 2324 043f 72656770 		.string	"regppc_t"
 2324      70635F74 
 2324      00
 2325              	.LASF83:
 2326 0448 63685F73 		.string	"ch_size"
 2326      697A6500 
 2327              	.LASF79:
 2328 0450 63686172 		.string	"char"
 2328      00
 2329              	.LASF7:
 2330 0455 5F5F7569 		.string	"__uint16_t"
 2330      6E743136 
 2330      5F7400
 2331              	.LASF26:
 2332 0460 73797374 		.string	"systime_t"
 2332      696D655F 
 2332      7400
 2333              	.LASF45:
 2334 046a 705F7265 		.string	"p_realprio"
 2334      616C7072 
 2334      696F00
 2335              	.LASF9:
 2336 0475 5F5F696E 		.string	"__int32_t"
 2336      7433325F 
 2336      7400
 2337              	.LASF113:
 2338 047f 5F76745F 		.string	"_vt_init"
 2338      696E6974 
 2338      00
 2339              	.LASF39:
 2340 0488 705F7469 		.string	"p_time"
 2340      6D6500
 2341              	.LASF52:
 2342 048f 696E7463 		.string	"intctx"
 2342      747800
 2343              	.LASF41:
 2344 0496 705F6D73 		.string	"p_msgqueue"
 2344      67717565 
 2344      756500
 2345              	.LASF61:
 2346 04a1 76745F70 		.string	"vt_par"
 2346      617200
 2347              	.LASF89:
 2348 04a8 63665F6F 		.string	"cf_off_ctx"
GAS LISTING C:\Users\jean\AppData\Local\Temp\cc7DHRH8.s 			page 46


 2348      66665F63 
 2348      747800
 2349              	.LASF37:
 2350 04b3 705F7265 		.string	"p_refs"
 2350      667300
 2351              	.LASF70:
 2352 04ba 52656164 		.string	"ReadyList"
 2352      794C6973 
 2352      7400
 2353              	.LASF108:
 2354 04c4 726C6973 		.string	"rlist"
 2354      7400
 2355              	.LASF14:
 2356 04ca 75696E74 		.string	"uint8_t"
 2356      385F7400 
 2357              	.LASF101:
 2358 04d2 63685379 		.string	"chSysUnlockFromIsr"
 2358      73556E6C 
 2358      6F636B46 
 2358      726F6D49 
 2358      737200
 2359              	.LASF77:
 2360 04e5 77746F62 		.string	"wtobjp"
 2360      6A7000
 2361              	.LASF34:
 2362 04ec 705F6E61 		.string	"p_name"
 2362      6D6500
 2363              	.LASF62:
 2364 04f3 76745F73 		.string	"vt_systime"
 2364      79737469 
 2364      6D6500
 2365              	.LASF84:
 2366 04fe 63685F76 		.string	"ch_version"
 2366      65727369 
 2366      6F6E00
 2367              	.LASF63:
 2368 0509 56544C69 		.string	"VTList"
 2368      737400
 2369              	.LASF116:
 2370 0510 47       		.ascii	"G"
 2371 0511 4E552043 		.string	"NU C 4.9.2 20141030 (Wed Jun 8 08:37:55 MSK 2016         build.sh rev= ELvle) -mcall-sysv
 2371      20342E39 
 2371      2E322032 
 2371      30313431 
 2371      30333020 
 2372              	.LASF73:
 2373 0612 6D5F6F77 		.string	"m_owner"
 2373      6E657200 
 2374              	.LASF31:
 2375 061a 705F6374 		.string	"p_ctx"
 2375      7800
 2376              	.LASF40:
 2377 0620 705F7761 		.string	"p_waiting"
 2377      6974696E 
 2377      6700
 2378              		.ident	"GCC: (GNU) 4.9.2 20141030 (Wed Jun 8 08:37:55 MSK 2016         build.sh rev= ELvle)"
GAS LISTING C:\Users\jean\AppData\Local\Temp\cc7DHRH8.s 			page 47


DEFINED SYMBOLS
                            *ABS*:00000000 chsys.c
C:\Users\jean\AppData\Local\Temp\cc7DHRH8.s:10     .text._idle_thread:00000000 _idle_thread
C:\Users\jean\AppData\Local\Temp\cc7DHRH8.s:33     .text.chSysInit:00000000 chSysInit
C:\Users\jean\AppData\Local\Temp\cc7DHRH8.s:122    .text.chSysTimerHandlerI:00000000 chSysTimerHandlerI
C:\Users\jean\AppData\Local\Temp\cc7DHRH8.s:224    .bss._idle_thread_wa:00000000 _idle_thread_wa
C:\Users\jean\AppData\Local\Temp\cc7DHRH8.s:217    .bss.mainthread.2127:00000000 mainthread.2127

UNDEFINED SYMBOLS
rlist
port_init
_scheduler_init
_vt_init
_core_init
_heap_init
_thread_init
ch_debug
chThdCreateStatic
vtlist
