GAS LISTING C:\Users\jean\AppData\Local\Temp\ccY7yYuY.s 			page 1


   1              		.file	"shellbt.c"
   2              		.section	".text","axv"
   3              	.Ltext0:
   4              		.cfi_sections	.debug_frame
   5              		.section	.text.chprintf.constprop.0,"axv",@progbits
   6              		.align 1
   7              		.p2align 4,,15
   8              		.type	chprintf.constprop.0, @function
   9              	chprintf.constprop.0:
  10              	.LFB47:
  11              		.file 1 "./components/chibios_rt_portable_output_formatter_component/lib/include/chprintf.h"
  12              		.loc 1 69 0
  13              		.cfi_startproc
  14              	.LVL0:
  15 0000 182106D0 		e_stwu %r1,-48(%r1)
  16              	.LCFI0:
  17              		.cfi_def_cfa_offset 48
  18 0004 0080     		se_mflr %r0
  19 0006 D651     		se_stw %r5,24(%r1)
  20 0008 DD01     		se_stw %r0,52(%r1)
  21              		.cfi_offset 65, 4
  22              		.loc 1 69 0
  23 000a 55210028 		e_stw %r9,40(%r1)
  24 000e D761     		se_stw %r6,28(%r1)
  25 0010 D871     		se_stw %r7,32(%r1)
  26 0012 55010024 		e_stw %r8,36(%r1)
  27 0016 5541002C 		e_stw %r10,44(%r1)
  28              		.loc 1 72 0
  29 001a 71200002 		e_li %r9,2
  30              		.loc 1 73 0
  31 001e 18A18008 		e_addi %r5,%r1,8
  32              		.loc 1 72 0
  33 0022 35210008 		e_stb %r9,8(%r1)
  34              		.loc 1 73 0
  35 0026 7080E000 		e_lis %r4,.LC0@ha
  36              	.LVL1:
  37              		.loc 1 72 0
  38 002a 71200000 		e_li %r9,0
  39              		.loc 1 73 0
  40 002e 1C840000 		e_la %r4,.LC0@l(%r4)
  41              		.loc 1 72 0
  42 0032 35210009 		e_stb %r9,9(%r1)
  43 0036 19218038 		e_addi %r9,%r1,56
  44 003a 5521000C 		e_stw %r9,12(%r1)
  45 003e 19218010 		e_addi %r9,%r1,16
  46 0042 55210010 		e_stw %r9,16(%r1)
  47              		.loc 1 73 0
  48 0046 78000001 		e_bl chvprintf
  49              	.LVL2:
  50              		.loc 1 75 0
  51 004a CD01     		se_lwz %r0,52(%r1)
  52 004c 0090     		se_mtlr %r0
  53              		.cfi_restore 65
  54 004e 18218030 		e_addi %r1,%r1,48
  55              	.LCFI1:
  56              		.cfi_def_cfa_offset 0
  57 0052 0004     		se_blr
GAS LISTING C:\Users\jean\AppData\Local\Temp\ccY7yYuY.s 			page 2


  58              		.cfi_endproc
  59              	.LFE47:
  60              		.size	chprintf.constprop.0, .-chprintf.constprop.0
  61              		.section	.text.ThreadGPS,"axv",@progbits
  62              		.align 1
  63              		.p2align 4,,15
  64              		.globl ThreadGPS
  65              		.type	ThreadGPS, @function
  66              	ThreadGPS:
  67              	.LFB46:
  68              		.file 2 "./source/shellbt.c"
  69              		.loc 2 34 0
  70              		.cfi_startproc
  71              	.LVL3:
  72 0000 182106E8 		e_stwu %r1,-24(%r1)
  73              	.LCFI2:
  74              		.cfi_def_cfa_offset 24
  75              		.loc 2 38 0
  76 0004 7120E000 		e_lis %r9,rlist+24@ha
  77              		.loc 2 34 0
  78 0008 1B810908 		e_stmw %r28,8(%r1)
  79              		.loc 2 38 0
  80 000c 51090000 		e_lwz %r8,rlist+24@l(%r9)
  81              		.loc 2 34 0
  82 0010 0080     		se_mflr %r0
  83              		.cfi_offset 28, -16
  84              		.cfi_offset 29, -12
  85              		.cfi_offset 30, -8
  86              		.cfi_offset 31, -4
  87              		.cfi_register 65, 0
  88              		.loc 2 40 0
  89 0012 73C0E000 		e_lis %r30,.LANCHOR0@ha
  90              		.loc 2 34 0
  91 0016 D701     		se_stw %r0,28(%r1)
  92              		.cfi_offset 65, 4
  93              		.loc 2 40 0
  94 0018 313E0000 		e_lbz %r9,.LANCHOR0@l(%r30)
  95              		.loc 2 38 0
  96 001c 7140E000 		e_lis %r10,.LC1@ha
  97              		.loc 2 34 0
  98 0020 013C     		se_mr %r28,%r3
  99              		.loc 2 38 0
 100 0022 1D4A0000 		e_la %r10,.LC1@l(%r10)
 101              		.loc 2 40 0
 102 0026 1829A800 		e_cmpi %cr1,%r9,0
 103              		.loc 2 38 0
 104 002a 55480018 		e_stw %r10,24(%r8)
 105              		.loc 2 40 0
 106 002e 7A160030 		e_beq %cr1,.L4
 107 0032 73A0E000 		e_lis %r29,.LC0@ha
 108 0036 480F     		se_li %r31,0
 109 0038 1FBD0000 		e_la %r29,.LC0@l(%r29)
 110 003c 1FDE0000 		e_la %r30,.LANCHOR0@l(%r30)
 111              	.LVL4:
 112              	.L3:
 113              		.loc 2 41 0
 114 0040 01F5     		se_mr %r5,%r31
GAS LISTING C:\Users\jean\AppData\Local\Temp\ccY7yYuY.s 			page 3


 115 0042 01C3     		se_mr %r3,%r28
 116 0044 01D4     		se_mr %r4,%r29
 117              		.loc 2 43 0
 118 0046 200F     		se_addi %r31,1
 119              	.LVL5:
 120              		.loc 2 41 0
 121 0048 78000001 		e_bl chprintf.constprop.0
 122              	.LVL6:
 123              		.loc 2 44 0
 124 004c 4E43     		se_li %r3,100
 125 004e 78000001 		e_bl chThdSleep
 126              	.LVL7:
 127              		.loc 2 40 0
 128 0052 313E0000 		e_lbz %r9,0(%r30)
 129 0056 1829A800 		e_cmpi %cr1,%r9,0
 130 005a 7A06FFE6 		e_bne %cr1,.L3
 131              	.LVL8:
 132              	.L4:
 133              		.loc 2 47 0
 134 005e 4803     		se_li %r3,0
 135 0060 78000001 		e_bl chThdExit
 136              	.LVL9:
 137              		.loc 2 50 0
 138 0064 C701     		se_lwz %r0,28(%r1)
 139 0066 0090     		se_mtlr %r0
 140              		.cfi_restore 65
 141 0068 1B810808 		e_lmw %r28,8(%r1)
 142              	.LVL10:
 143 006c 4803     		se_li %r3,0
 144 006e 2171     		se_addi %r1,24
 145              	.LCFI3:
 146              		.cfi_restore 31
 147              		.cfi_restore 30
 148              		.cfi_restore 29
 149              		.cfi_restore 28
 150              		.cfi_def_cfa_offset 0
 151 0070 0004     		se_blr
 152              		.cfi_endproc
 153              	.LFE46:
 154              		.size	ThreadGPS, .-ThreadGPS
 155              		.globl shell_commands_car
 156              		.globl waThreadGPS
 157              		.globl bGpsRunning
 158              		.globl tpgps
 159              		.section	.bss.bGpsRunning,"aw",@nobits
 160              		.set	.LANCHOR0,. + 0
 161              		.type	bGpsRunning, @object
 162              		.size	bGpsRunning, 1
 163              	bGpsRunning:
 164 0000 00       		.zero	1
 165              		.section	.rodata.shell_commands_car,"a",@progbits
 166              		.align 2
 167              		.type	shell_commands_car, @object
 168              		.size	shell_commands_car, 72
 169              	shell_commands_car:
 170 0000 00000000 		.long	.LC2
 171 0004 00000000 		.long	startgps
GAS LISTING C:\Users\jean\AppData\Local\Temp\ccY7yYuY.s 			page 4


 172 0008 00000000 		.long	.LC3
 173 000c 00000000 		.long	stopgps
 174 0010 00000000 		.long	.LC4
 175 0014 00000000 		.long	speed
 176 0018 00000000 		.long	.LC5
 177 001c 00000000 		.long	drive
 178 0020 00000000 		.long	.LC6
 179 0024 00000000 		.long	turn
 180 0028 00000000 		.long	.LC7
 181 002c 00000000 		.long	blink
 182 0030 00000000 		.long	.LC8
 183 0034 00000000 		.long	startdemo
 184 0038 00000000 		.long	.LC9
 185 003c 00000000 		.long	stopdemo
 186 0040 00000000 		.long	0
 187 0044 00000000 		.long	0
 188              		.section	.rodata.str1.4,"aMS",@progbits,1
 189              		.align 2
 190              	.LC0:
 191 0000 24475047 		.string	"$GPGGA,162431.531,%d,N,07602.498,W,0,00,,,M,,M,,*51\r\n"
 191      47412C31 
 191      36323433 
 191      312E3533 
 191      312C2564 
 192 0036 0000     		.zero	2
 193              	.LC1:
 194 0038 54687265 		.string	"ThreadGPS"
 194      61644750 
 194      5300
 195 0042 0000     		.zero	2
 196              	.LC2:
 197 0044 73746172 		.string	"startgps"
 197      74677073 
 197      00
 198 004d 000000   		.zero	3
 199              	.LC3:
 200 0050 73746F70 		.string	"stopgps"
 200      67707300 
 201              	.LC4:
 202 0058 73706565 		.string	"speed"
 202      6400
 203 005e 0000     		.zero	2
 204              	.LC5:
 205 0060 64726976 		.string	"drive"
 205      6500
 206 0066 0000     		.zero	2
 207              	.LC6:
 208 0068 7475726E 		.string	"turn"
 208      00
 209 006d 000000   		.zero	3
 210              	.LC7:
 211 0070 626C696E 		.string	"blink"
 211      6B00
 212 0076 0000     		.zero	2
 213              	.LC8:
 214 0078 73746172 		.string	"startdemo"
 214      7464656D 
GAS LISTING C:\Users\jean\AppData\Local\Temp\ccY7yYuY.s 			page 5


 214      6F00
 215 0082 0000     		.zero	2
 216              	.LC9:
 217 0084 73746F70 		.string	"stopdemo"
 217      64656D6F 
 217      00
 218              		.section	.bss.waThreadGPS,"aw",@nobits
 219              		.align 3
 220              		.type	waThreadGPS, @object
 221              		.size	waThreadGPS, 616
 222              	waThreadGPS:
 223 0000 00000000 		.zero	616
 223      00000000 
 223      00000000 
 223      00000000 
 223      00000000 
 224              		.section	.bss.tpgps,"aw",@nobits
 225              		.align 2
 226              		.type	tpgps, @object
 227              		.size	tpgps, 4
 228              	tpgps:
 229 0000 00000000 		.zero	4
 230              		.section	".text","axv"
 231              	.Letext0:
 232              		.file 3 "c:\\spc5studio\\eclipse\\plugins\\com.st.tools.spc5.tools.gnu.gcc.ppcvle.win32_1.0.0.2016
 233              		.file 4 "c:\\spc5studio\\eclipse\\plugins\\com.st.tools.spc5.tools.gnu.gcc.ppcvle.win32_1.0.0.2016
 234              		.file 5 "c:\\spc5studio\\eclipse\\plugins\\com.st.tools.spc5.tools.gnu.gcc.ppcvle.win32_1.0.0.2016
 235              		.file 6 "./components/chibios_rt_spc560dxx_kernel_port_component/lib/include/chtypes.h"
 236              		.file 7 "./components/chibios_rt_portable_kernel_component/lib/include/chlists.h"
 237              		.file 8 "./components/chibios_rt_portable_kernel_component/lib/include/chthreads.h"
 238              		.file 9 "./components/chibios_rt_spc560dxx_kernel_port_component/lib/include/chcore.h"
 239              		.file 10 "./components/chibios_rt_portable_kernel_component/lib/include/chvt.h"
 240              		.file 11 "./components/chibios_rt_portable_kernel_component/lib/include/chschd.h"
 241              		.file 12 "./components/chibios_rt_portable_kernel_component/lib/include/chmtx.h"
 242              		.file 13 "./components/chibios_rt_portable_kernel_component/lib/include/chstreams.h"
 243              		.file 14 "./components/chibios_rt_portable_mini_shell_component/lib/include/shell.h"
 244              		.file 15 "c:\\spc5studio\\eclipse\\plugins\\com.st.tools.spc5.tools.gnu.gcc.ppcvle.win32_1.0.0.201
 245              		.file 16 "<built-in>"
 246              		.section	.debug_info,"",@progbits
 247              	.Ldebug_info0:
 248 0000 000009B4 		.4byte	0x9b4
 249 0004 0002     		.2byte	0x2
 250 0006 00000000 		.4byte	.Ldebug_abbrev0
 251 000a 04       		.byte	0x4
 252 000b 01       		.uleb128 0x1
 253 000c 00000000 		.4byte	.LASF101
 254 0010 01       		.byte	0x1
 255 0011 00000000 		.4byte	.LASF102
 256 0015 00000000 		.4byte	.LASF103
 257 0019 00000000 		.4byte	.Ldebug_ranges0+0
 258 001d 00000000 		.4byte	0
 259 0021 00000000 		.4byte	0
 260 0025 00000000 		.4byte	.Ldebug_line0
 261 0029 02       		.uleb128 0x2
 262 002a 04       		.byte	0x4
 263 002b 05       		.byte	0x5
 264 002c 696E7400 		.string	"int"
GAS LISTING C:\Users\jean\AppData\Local\Temp\ccY7yYuY.s 			page 6


 265 0030 03       		.uleb128 0x3
 266 0031 00000000 		.4byte	.LASF3
 267 0035 03       		.byte	0x3
 268 0036 D4       		.byte	0xd4
 269 0037 0000003B 		.4byte	0x3b
 270 003b 04       		.uleb128 0x4
 271 003c 04       		.byte	0x4
 272 003d 07       		.byte	0x7
 273 003e 00000000 		.4byte	.LASF0
 274 0042 04       		.uleb128 0x4
 275 0043 04       		.byte	0x4
 276 0044 05       		.byte	0x5
 277 0045 00000000 		.4byte	.LASF1
 278 0049 04       		.uleb128 0x4
 279 004a 01       		.byte	0x1
 280 004b 06       		.byte	0x6
 281 004c 00000000 		.4byte	.LASF2
 282 0050 03       		.uleb128 0x3
 283 0051 00000000 		.4byte	.LASF4
 284 0055 04       		.byte	0x4
 285 0056 1D       		.byte	0x1d
 286 0057 0000005B 		.4byte	0x5b
 287 005b 04       		.uleb128 0x4
 288 005c 01       		.byte	0x1
 289 005d 08       		.byte	0x8
 290 005e 00000000 		.4byte	.LASF5
 291 0062 04       		.uleb128 0x4
 292 0063 02       		.byte	0x2
 293 0064 05       		.byte	0x5
 294 0065 00000000 		.4byte	.LASF6
 295 0069 04       		.uleb128 0x4
 296 006a 02       		.byte	0x2
 297 006b 07       		.byte	0x7
 298 006c 00000000 		.4byte	.LASF7
 299 0070 03       		.uleb128 0x3
 300 0071 00000000 		.4byte	.LASF8
 301 0075 04       		.byte	0x4
 302 0076 3F       		.byte	0x3f
 303 0077 00000042 		.4byte	0x42
 304 007b 03       		.uleb128 0x3
 305 007c 00000000 		.4byte	.LASF9
 306 0080 04       		.byte	0x4
 307 0081 41       		.byte	0x41
 308 0082 00000086 		.4byte	0x86
 309 0086 04       		.uleb128 0x4
 310 0087 04       		.byte	0x4
 311 0088 07       		.byte	0x7
 312 0089 00000000 		.4byte	.LASF10
 313 008d 04       		.uleb128 0x4
 314 008e 08       		.byte	0x8
 315 008f 05       		.byte	0x5
 316 0090 00000000 		.4byte	.LASF11
 317 0094 04       		.uleb128 0x4
 318 0095 08       		.byte	0x8
 319 0096 07       		.byte	0x7
 320 0097 00000000 		.4byte	.LASF12
 321 009b 03       		.uleb128 0x3
GAS LISTING C:\Users\jean\AppData\Local\Temp\ccY7yYuY.s 			page 7


 322 009c 00000000 		.4byte	.LASF13
 323 00a0 05       		.byte	0x5
 324 00a1 15       		.byte	0x15
 325 00a2 00000050 		.4byte	0x50
 326 00a6 03       		.uleb128 0x3
 327 00a7 00000000 		.4byte	.LASF14
 328 00ab 05       		.byte	0x5
 329 00ac 2C       		.byte	0x2c
 330 00ad 00000070 		.4byte	0x70
 331 00b1 03       		.uleb128 0x3
 332 00b2 00000000 		.4byte	.LASF15
 333 00b6 05       		.byte	0x5
 334 00b7 2D       		.byte	0x2d
 335 00b8 0000007B 		.4byte	0x7b
 336 00bc 03       		.uleb128 0x3
 337 00bd 00000000 		.4byte	.LASF16
 338 00c1 06       		.byte	0x6
 339 00c2 38       		.byte	0x38
 340 00c3 000000C7 		.4byte	0xc7
 341 00c7 04       		.uleb128 0x4
 342 00c8 01       		.byte	0x1
 343 00c9 02       		.byte	0x2
 344 00ca 00000000 		.4byte	.LASF17
 345 00ce 03       		.uleb128 0x3
 346 00cf 00000000 		.4byte	.LASF18
 347 00d3 06       		.byte	0x6
 348 00d4 39       		.byte	0x39
 349 00d5 0000009B 		.4byte	0x9b
 350 00d9 03       		.uleb128 0x3
 351 00da 00000000 		.4byte	.LASF19
 352 00de 06       		.byte	0x6
 353 00df 3A       		.byte	0x3a
 354 00e0 0000009B 		.4byte	0x9b
 355 00e4 03       		.uleb128 0x3
 356 00e5 00000000 		.4byte	.LASF20
 357 00e9 06       		.byte	0x6
 358 00ea 3B       		.byte	0x3b
 359 00eb 0000009B 		.4byte	0x9b
 360 00ef 03       		.uleb128 0x3
 361 00f0 00000000 		.4byte	.LASF21
 362 00f4 06       		.byte	0x6
 363 00f5 3C       		.byte	0x3c
 364 00f6 0000009B 		.4byte	0x9b
 365 00fa 03       		.uleb128 0x3
 366 00fb 00000000 		.4byte	.LASF22
 367 00ff 06       		.byte	0x6
 368 0100 3D       		.byte	0x3d
 369 0101 000000B1 		.4byte	0xb1
 370 0105 03       		.uleb128 0x3
 371 0106 00000000 		.4byte	.LASF23
 372 010a 06       		.byte	0x6
 373 010b 3E       		.byte	0x3e
 374 010c 000000A6 		.4byte	0xa6
 375 0110 03       		.uleb128 0x3
 376 0111 00000000 		.4byte	.LASF24
 377 0115 06       		.byte	0x6
 378 0116 40       		.byte	0x40
GAS LISTING C:\Users\jean\AppData\Local\Temp\ccY7yYuY.s 			page 8


 379 0117 000000B1 		.4byte	0xb1
 380 011b 03       		.uleb128 0x3
 381 011c 00000000 		.4byte	.LASF25
 382 0120 06       		.byte	0x6
 383 0121 42       		.byte	0x42
 384 0122 000000B1 		.4byte	0xb1
 385 0126 03       		.uleb128 0x3
 386 0127 00000000 		.4byte	.LASF26
 387 012b 07       		.byte	0x7
 388 012c 2A       		.byte	0x2a
 389 012d 00000131 		.4byte	0x131
 390 0131 05       		.uleb128 0x5
 391 0132 00000000 		.4byte	.LASF26
 392 0136 48       		.byte	0x48
 393 0137 08       		.byte	0x8
 394 0138 5E       		.byte	0x5e
 395 0139 00000256 		.4byte	0x256
 396 013d 06       		.uleb128 0x6
 397 013e 00000000 		.4byte	.LASF27
 398 0142 08       		.byte	0x8
 399 0143 5F       		.byte	0x5f
 400 0144 0000027B 		.4byte	0x27b
 401 0148 02       		.byte	0x2
 402 0149 23       		.byte	0x23
 403 014a 00       		.uleb128 0
 404 014b 06       		.uleb128 0x6
 405 014c 00000000 		.4byte	.LASF28
 406 0150 08       		.byte	0x8
 407 0151 61       		.byte	0x61
 408 0152 0000027B 		.4byte	0x27b
 409 0156 02       		.byte	0x2
 410 0157 23       		.byte	0x23
 411 0158 04       		.uleb128 0x4
 412 0159 06       		.uleb128 0x6
 413 015a 00000000 		.4byte	.LASF29
 414 015e 08       		.byte	0x8
 415 015f 63       		.byte	0x63
 416 0160 000000FA 		.4byte	0xfa
 417 0164 02       		.byte	0x2
 418 0165 23       		.byte	0x23
 419 0166 08       		.uleb128 0x8
 420 0167 06       		.uleb128 0x6
 421 0168 00000000 		.4byte	.LASF30
 422 016c 08       		.byte	0x8
 423 016d 64       		.byte	0x64
 424 016e 00000416 		.4byte	0x416
 425 0172 02       		.byte	0x2
 426 0173 23       		.byte	0x23
 427 0174 0C       		.uleb128 0xc
 428 0175 06       		.uleb128 0x6
 429 0176 00000000 		.4byte	.LASF31
 430 017a 08       		.byte	0x8
 431 017b 66       		.byte	0x66
 432 017c 0000027B 		.4byte	0x27b
 433 0180 02       		.byte	0x2
 434 0181 23       		.byte	0x23
 435 0182 10       		.uleb128 0x10
GAS LISTING C:\Users\jean\AppData\Local\Temp\ccY7yYuY.s 			page 9


 436 0183 06       		.uleb128 0x6
 437 0184 00000000 		.4byte	.LASF32
 438 0188 08       		.byte	0x8
 439 0189 67       		.byte	0x67
 440 018a 0000027B 		.4byte	0x27b
 441 018e 02       		.byte	0x2
 442 018f 23       		.byte	0x23
 443 0190 14       		.uleb128 0x14
 444 0191 06       		.uleb128 0x6
 445 0192 00000000 		.4byte	.LASF33
 446 0196 08       		.byte	0x8
 447 0197 6E       		.byte	0x6e
 448 0198 000005ED 		.4byte	0x5ed
 449 019c 02       		.byte	0x2
 450 019d 23       		.byte	0x23
 451 019e 18       		.uleb128 0x18
 452 019f 06       		.uleb128 0x6
 453 01a0 00000000 		.4byte	.LASF34
 454 01a4 08       		.byte	0x8
 455 01a5 79       		.byte	0x79
 456 01a6 000000D9 		.4byte	0xd9
 457 01aa 02       		.byte	0x2
 458 01ab 23       		.byte	0x23
 459 01ac 1C       		.uleb128 0x1c
 460 01ad 06       		.uleb128 0x6
 461 01ae 00000000 		.4byte	.LASF35
 462 01b2 08       		.byte	0x8
 463 01b3 7D       		.byte	0x7d
 464 01b4 000000CE 		.4byte	0xce
 465 01b8 02       		.byte	0x2
 466 01b9 23       		.byte	0x23
 467 01ba 1D       		.uleb128 0x1d
 468 01bb 06       		.uleb128 0x6
 469 01bc 00000000 		.4byte	.LASF36
 470 01c0 08       		.byte	0x8
 471 01c1 82       		.byte	0x82
 472 01c2 000000E4 		.4byte	0xe4
 473 01c6 02       		.byte	0x2
 474 01c7 23       		.byte	0x23
 475 01c8 1E       		.uleb128 0x1e
 476 01c9 06       		.uleb128 0x6
 477 01ca 00000000 		.4byte	.LASF37
 478 01ce 08       		.byte	0x8
 479 01cf 88       		.byte	0x88
 480 01d0 000000EF 		.4byte	0xef
 481 01d4 02       		.byte	0x2
 482 01d5 23       		.byte	0x23
 483 01d6 1F       		.uleb128 0x1f
 484 01d7 06       		.uleb128 0x6
 485 01d8 00000000 		.4byte	.LASF38
 486 01dc 08       		.byte	0x8
 487 01dd 8F       		.byte	0x8f
 488 01de 000004F8 		.4byte	0x4f8
 489 01e2 02       		.byte	0x2
 490 01e3 23       		.byte	0x23
 491 01e4 20       		.uleb128 0x20
 492 01e5 07       		.uleb128 0x7
GAS LISTING C:\Users\jean\AppData\Local\Temp\ccY7yYuY.s 			page 10


 493 01e6 705F7500 		.string	"p_u"
 494 01ea 08       		.byte	0x8
 495 01eb B4       		.byte	0xb4
 496 01ec 000005B8 		.4byte	0x5b8
 497 01f0 02       		.byte	0x2
 498 01f1 23       		.byte	0x23
 499 01f2 24       		.uleb128 0x24
 500 01f3 06       		.uleb128 0x6
 501 01f4 00000000 		.4byte	.LASF39
 502 01f8 08       		.byte	0x8
 503 01f9 B9       		.byte	0xb9
 504 01fa 000002A3 		.4byte	0x2a3
 505 01fe 02       		.byte	0x2
 506 01ff 23       		.byte	0x23
 507 0200 28       		.uleb128 0x28
 508 0201 06       		.uleb128 0x6
 509 0202 00000000 		.4byte	.LASF40
 510 0206 08       		.byte	0x8
 511 0207 BF       		.byte	0xbf
 512 0208 00000281 		.4byte	0x281
 513 020c 02       		.byte	0x2
 514 020d 23       		.byte	0x23
 515 020e 2C       		.uleb128 0x2c
 516 020f 06       		.uleb128 0x6
 517 0210 00000000 		.4byte	.LASF41
 518 0214 08       		.byte	0x8
 519 0215 C3       		.byte	0xc3
 520 0216 00000105 		.4byte	0x105
 521 021a 02       		.byte	0x2
 522 021b 23       		.byte	0x23
 523 021c 34       		.uleb128 0x34
 524 021d 06       		.uleb128 0x6
 525 021e 00000000 		.4byte	.LASF42
 526 0222 08       		.byte	0x8
 527 0223 C9       		.byte	0xc9
 528 0224 00000110 		.4byte	0x110
 529 0228 02       		.byte	0x2
 530 0229 23       		.byte	0x23
 531 022a 38       		.uleb128 0x38
 532 022b 06       		.uleb128 0x6
 533 022c 00000000 		.4byte	.LASF43
 534 0230 08       		.byte	0x8
 535 0231 D0       		.byte	0xd0
 536 0232 000005FF 		.4byte	0x5ff
 537 0236 02       		.byte	0x2
 538 0237 23       		.byte	0x23
 539 0238 3C       		.uleb128 0x3c
 540 0239 06       		.uleb128 0x6
 541 023a 00000000 		.4byte	.LASF44
 542 023e 08       		.byte	0x8
 543 023f D4       		.byte	0xd4
 544 0240 000000FA 		.4byte	0xfa
 545 0244 02       		.byte	0x2
 546 0245 23       		.byte	0x23
 547 0246 40       		.uleb128 0x40
 548 0247 06       		.uleb128 0x6
 549 0248 00000000 		.4byte	.LASF45
GAS LISTING C:\Users\jean\AppData\Local\Temp\ccY7yYuY.s 			page 11


 550 024c 08       		.byte	0x8
 551 024d DA       		.byte	0xda
 552 024e 000002F0 		.4byte	0x2f0
 553 0252 02       		.byte	0x2
 554 0253 23       		.byte	0x23
 555 0254 44       		.uleb128 0x44
 556 0255 00       		.byte	0
 557 0256 08       		.uleb128 0x8
 558 0257 08       		.byte	0x8
 559 0258 07       		.byte	0x7
 560 0259 61       		.byte	0x61
 561 025a 0000027B 		.4byte	0x27b
 562 025e 06       		.uleb128 0x6
 563 025f 00000000 		.4byte	.LASF27
 564 0263 07       		.byte	0x7
 565 0264 62       		.byte	0x62
 566 0265 0000027B 		.4byte	0x27b
 567 0269 02       		.byte	0x2
 568 026a 23       		.byte	0x23
 569 026b 00       		.uleb128 0
 570 026c 06       		.uleb128 0x6
 571 026d 00000000 		.4byte	.LASF28
 572 0271 07       		.byte	0x7
 573 0272 64       		.byte	0x64
 574 0273 0000027B 		.4byte	0x27b
 575 0277 02       		.byte	0x2
 576 0278 23       		.byte	0x23
 577 0279 04       		.uleb128 0x4
 578 027a 00       		.byte	0
 579 027b 09       		.uleb128 0x9
 580 027c 04       		.byte	0x4
 581 027d 00000126 		.4byte	0x126
 582 0281 03       		.uleb128 0x3
 583 0282 00000000 		.4byte	.LASF46
 584 0286 07       		.byte	0x7
 585 0287 66       		.byte	0x66
 586 0288 00000256 		.4byte	0x256
 587 028c 08       		.uleb128 0x8
 588 028d 04       		.byte	0x4
 589 028e 07       		.byte	0x7
 590 028f 6B       		.byte	0x6b
 591 0290 000002A3 		.4byte	0x2a3
 592 0294 06       		.uleb128 0x6
 593 0295 00000000 		.4byte	.LASF27
 594 0299 07       		.byte	0x7
 595 029a 6D       		.byte	0x6d
 596 029b 0000027B 		.4byte	0x27b
 597 029f 02       		.byte	0x2
 598 02a0 23       		.byte	0x23
 599 02a1 00       		.uleb128 0
 600 02a2 00       		.byte	0
 601 02a3 03       		.uleb128 0x3
 602 02a4 00000000 		.4byte	.LASF47
 603 02a8 07       		.byte	0x7
 604 02a9 70       		.byte	0x70
 605 02aa 0000028C 		.4byte	0x28c
 606 02ae 08       		.uleb128 0x8
GAS LISTING C:\Users\jean\AppData\Local\Temp\ccY7yYuY.s 			page 12


 607 02af 08       		.byte	0x8
 608 02b0 09       		.byte	0x9
 609 02b1 9C       		.byte	0x9c
 610 02b2 000002C3 		.4byte	0x2c3
 611 02b6 07       		.uleb128 0x7
 612 02b7 6100     		.string	"a"
 613 02b9 09       		.byte	0x9
 614 02ba 9D       		.byte	0x9d
 615 02bb 000002C3 		.4byte	0x2c3
 616 02bf 02       		.byte	0x2
 617 02c0 23       		.byte	0x23
 618 02c1 00       		.uleb128 0
 619 02c2 00       		.byte	0
 620 02c3 0A       		.uleb128 0xa
 621 02c4 0000009B 		.4byte	0x9b
 622 02c8 000002D3 		.4byte	0x2d3
 623 02cc 0B       		.uleb128 0xb
 624 02cd 000002D3 		.4byte	0x2d3
 625 02d1 07       		.byte	0x7
 626 02d2 00       		.byte	0
 627 02d3 04       		.uleb128 0x4
 628 02d4 04       		.byte	0x4
 629 02d5 07       		.byte	0x7
 630 02d6 00000000 		.4byte	.LASF48
 631 02da 03       		.uleb128 0x3
 632 02db 00000000 		.4byte	.LASF49
 633 02df 09       		.byte	0x9
 634 02e0 9E       		.byte	0x9e
 635 02e1 000002AE 		.4byte	0x2ae
 636 02e5 03       		.uleb128 0x3
 637 02e6 00000000 		.4byte	.LASF50
 638 02ea 09       		.byte	0x9
 639 02eb A3       		.byte	0xa3
 640 02ec 000002F0 		.4byte	0x2f0
 641 02f0 0C       		.uleb128 0xc
 642 02f1 04       		.byte	0x4
 643 02f2 05       		.uleb128 0x5
 644 02f3 00000000 		.4byte	.LASF51
 645 02f7 50       		.byte	0x50
 646 02f8 09       		.byte	0x9
 647 02f9 D6       		.byte	0xd6
 648 02fa 00000416 		.4byte	0x416
 649 02fe 07       		.uleb128 0x7
 650 02ff 637200   		.string	"cr"
 651 0302 09       		.byte	0x9
 652 0303 D7       		.byte	0xd7
 653 0304 000002E5 		.4byte	0x2e5
 654 0308 02       		.byte	0x2
 655 0309 23       		.byte	0x23
 656 030a 00       		.uleb128 0
 657 030b 07       		.uleb128 0x7
 658 030c 72313400 		.string	"r14"
 659 0310 09       		.byte	0x9
 660 0311 D8       		.byte	0xd8
 661 0312 000002E5 		.4byte	0x2e5
 662 0316 02       		.byte	0x2
 663 0317 23       		.byte	0x23
GAS LISTING C:\Users\jean\AppData\Local\Temp\ccY7yYuY.s 			page 13


 664 0318 04       		.uleb128 0x4
 665 0319 07       		.uleb128 0x7
 666 031a 72313500 		.string	"r15"
 667 031e 09       		.byte	0x9
 668 031f D9       		.byte	0xd9
 669 0320 000002E5 		.4byte	0x2e5
 670 0324 02       		.byte	0x2
 671 0325 23       		.byte	0x23
 672 0326 08       		.uleb128 0x8
 673 0327 07       		.uleb128 0x7
 674 0328 72313600 		.string	"r16"
 675 032c 09       		.byte	0x9
 676 032d DA       		.byte	0xda
 677 032e 000002E5 		.4byte	0x2e5
 678 0332 02       		.byte	0x2
 679 0333 23       		.byte	0x23
 680 0334 0C       		.uleb128 0xc
 681 0335 07       		.uleb128 0x7
 682 0336 72313700 		.string	"r17"
 683 033a 09       		.byte	0x9
 684 033b DB       		.byte	0xdb
 685 033c 000002E5 		.4byte	0x2e5
 686 0340 02       		.byte	0x2
 687 0341 23       		.byte	0x23
 688 0342 10       		.uleb128 0x10
 689 0343 07       		.uleb128 0x7
 690 0344 72313800 		.string	"r18"
 691 0348 09       		.byte	0x9
 692 0349 DC       		.byte	0xdc
 693 034a 000002E5 		.4byte	0x2e5
 694 034e 02       		.byte	0x2
 695 034f 23       		.byte	0x23
 696 0350 14       		.uleb128 0x14
 697 0351 07       		.uleb128 0x7
 698 0352 72313900 		.string	"r19"
 699 0356 09       		.byte	0x9
 700 0357 DD       		.byte	0xdd
 701 0358 000002E5 		.4byte	0x2e5
 702 035c 02       		.byte	0x2
 703 035d 23       		.byte	0x23
 704 035e 18       		.uleb128 0x18
 705 035f 07       		.uleb128 0x7
 706 0360 72323000 		.string	"r20"
 707 0364 09       		.byte	0x9
 708 0365 DE       		.byte	0xde
 709 0366 000002E5 		.4byte	0x2e5
 710 036a 02       		.byte	0x2
 711 036b 23       		.byte	0x23
 712 036c 1C       		.uleb128 0x1c
 713 036d 07       		.uleb128 0x7
 714 036e 72323100 		.string	"r21"
 715 0372 09       		.byte	0x9
 716 0373 DF       		.byte	0xdf
 717 0374 000002E5 		.4byte	0x2e5
 718 0378 02       		.byte	0x2
 719 0379 23       		.byte	0x23
 720 037a 20       		.uleb128 0x20
GAS LISTING C:\Users\jean\AppData\Local\Temp\ccY7yYuY.s 			page 14


 721 037b 07       		.uleb128 0x7
 722 037c 72323200 		.string	"r22"
 723 0380 09       		.byte	0x9
 724 0381 E0       		.byte	0xe0
 725 0382 000002E5 		.4byte	0x2e5
 726 0386 02       		.byte	0x2
 727 0387 23       		.byte	0x23
 728 0388 24       		.uleb128 0x24
 729 0389 07       		.uleb128 0x7
 730 038a 72323300 		.string	"r23"
 731 038e 09       		.byte	0x9
 732 038f E1       		.byte	0xe1
 733 0390 000002E5 		.4byte	0x2e5
 734 0394 02       		.byte	0x2
 735 0395 23       		.byte	0x23
 736 0396 28       		.uleb128 0x28
 737 0397 07       		.uleb128 0x7
 738 0398 72323400 		.string	"r24"
 739 039c 09       		.byte	0x9
 740 039d E2       		.byte	0xe2
 741 039e 000002E5 		.4byte	0x2e5
 742 03a2 02       		.byte	0x2
 743 03a3 23       		.byte	0x23
 744 03a4 2C       		.uleb128 0x2c
 745 03a5 07       		.uleb128 0x7
 746 03a6 72323500 		.string	"r25"
 747 03aa 09       		.byte	0x9
 748 03ab E3       		.byte	0xe3
 749 03ac 000002E5 		.4byte	0x2e5
 750 03b0 02       		.byte	0x2
 751 03b1 23       		.byte	0x23
 752 03b2 30       		.uleb128 0x30
 753 03b3 07       		.uleb128 0x7
 754 03b4 72323600 		.string	"r26"
 755 03b8 09       		.byte	0x9
 756 03b9 E4       		.byte	0xe4
 757 03ba 000002E5 		.4byte	0x2e5
 758 03be 02       		.byte	0x2
 759 03bf 23       		.byte	0x23
 760 03c0 34       		.uleb128 0x34
 761 03c1 07       		.uleb128 0x7
 762 03c2 72323700 		.string	"r27"
 763 03c6 09       		.byte	0x9
 764 03c7 E5       		.byte	0xe5
 765 03c8 000002E5 		.4byte	0x2e5
 766 03cc 02       		.byte	0x2
 767 03cd 23       		.byte	0x23
 768 03ce 38       		.uleb128 0x38
 769 03cf 07       		.uleb128 0x7
 770 03d0 72323800 		.string	"r28"
 771 03d4 09       		.byte	0x9
 772 03d5 E6       		.byte	0xe6
 773 03d6 000002E5 		.4byte	0x2e5
 774 03da 02       		.byte	0x2
 775 03db 23       		.byte	0x23
 776 03dc 3C       		.uleb128 0x3c
 777 03dd 07       		.uleb128 0x7
GAS LISTING C:\Users\jean\AppData\Local\Temp\ccY7yYuY.s 			page 15


 778 03de 72323900 		.string	"r29"
 779 03e2 09       		.byte	0x9
 780 03e3 E7       		.byte	0xe7
 781 03e4 000002E5 		.4byte	0x2e5
 782 03e8 02       		.byte	0x2
 783 03e9 23       		.byte	0x23
 784 03ea 40       		.uleb128 0x40
 785 03eb 07       		.uleb128 0x7
 786 03ec 72333000 		.string	"r30"
 787 03f0 09       		.byte	0x9
 788 03f1 E8       		.byte	0xe8
 789 03f2 000002E5 		.4byte	0x2e5
 790 03f6 02       		.byte	0x2
 791 03f7 23       		.byte	0x23
 792 03f8 44       		.uleb128 0x44
 793 03f9 07       		.uleb128 0x7
 794 03fa 72333100 		.string	"r31"
 795 03fe 09       		.byte	0x9
 796 03ff E9       		.byte	0xe9
 797 0400 000002E5 		.4byte	0x2e5
 798 0404 02       		.byte	0x2
 799 0405 23       		.byte	0x23
 800 0406 48       		.uleb128 0x48
 801 0407 06       		.uleb128 0x6
 802 0408 00000000 		.4byte	.LASF52
 803 040c 09       		.byte	0x9
 804 040d EA       		.byte	0xea
 805 040e 000002E5 		.4byte	0x2e5
 806 0412 02       		.byte	0x2
 807 0413 23       		.byte	0x23
 808 0414 4C       		.uleb128 0x4c
 809 0415 00       		.byte	0
 810 0416 05       		.uleb128 0x5
 811 0417 00000000 		.4byte	.LASF53
 812 041b 04       		.byte	0x4
 813 041c 09       		.byte	0x9
 814 041d F2       		.byte	0xf2
 815 041e 00000430 		.4byte	0x430
 816 0422 07       		.uleb128 0x7
 817 0423 737000   		.string	"sp"
 818 0426 09       		.byte	0x9
 819 0427 F3       		.byte	0xf3
 820 0428 00000430 		.4byte	0x430
 821 042c 02       		.byte	0x2
 822 042d 23       		.byte	0x23
 823 042e 00       		.uleb128 0
 824 042f 00       		.byte	0
 825 0430 09       		.uleb128 0x9
 826 0431 04       		.byte	0x4
 827 0432 000002F2 		.4byte	0x2f2
 828 0436 03       		.uleb128 0x3
 829 0437 00000000 		.4byte	.LASF54
 830 043b 0A       		.byte	0xa
 831 043c 58       		.byte	0x58
 832 043d 00000441 		.4byte	0x441
 833 0441 09       		.uleb128 0x9
 834 0442 04       		.byte	0x4
GAS LISTING C:\Users\jean\AppData\Local\Temp\ccY7yYuY.s 			page 16


 835 0443 00000447 		.4byte	0x447
 836 0447 0D       		.uleb128 0xd
 837 0448 01       		.byte	0x1
 838 0449 00000453 		.4byte	0x453
 839 044d 0E       		.uleb128 0xe
 840 044e 000002F0 		.4byte	0x2f0
 841 0452 00       		.byte	0
 842 0453 03       		.uleb128 0x3
 843 0454 00000000 		.4byte	.LASF55
 844 0458 0A       		.byte	0xa
 845 0459 5D       		.byte	0x5d
 846 045a 0000045E 		.4byte	0x45e
 847 045e 05       		.uleb128 0x5
 848 045f 00000000 		.4byte	.LASF55
 849 0463 14       		.byte	0x14
 850 0464 0A       		.byte	0xa
 851 0465 64       		.byte	0x64
 852 0466 000004B1 		.4byte	0x4b1
 853 046a 06       		.uleb128 0x6
 854 046b 00000000 		.4byte	.LASF56
 855 046f 0A       		.byte	0xa
 856 0470 65       		.byte	0x65
 857 0471 000004B1 		.4byte	0x4b1
 858 0475 02       		.byte	0x2
 859 0476 23       		.byte	0x23
 860 0477 00       		.uleb128 0
 861 0478 06       		.uleb128 0x6
 862 0479 00000000 		.4byte	.LASF57
 863 047d 0A       		.byte	0xa
 864 047e 67       		.byte	0x67
 865 047f 000004B1 		.4byte	0x4b1
 866 0483 02       		.byte	0x2
 867 0484 23       		.byte	0x23
 868 0485 04       		.uleb128 0x4
 869 0486 06       		.uleb128 0x6
 870 0487 00000000 		.4byte	.LASF58
 871 048b 0A       		.byte	0xa
 872 048c 69       		.byte	0x69
 873 048d 0000011B 		.4byte	0x11b
 874 0491 02       		.byte	0x2
 875 0492 23       		.byte	0x23
 876 0493 08       		.uleb128 0x8
 877 0494 06       		.uleb128 0x6
 878 0495 00000000 		.4byte	.LASF59
 879 0499 0A       		.byte	0xa
 880 049a 6A       		.byte	0x6a
 881 049b 00000436 		.4byte	0x436
 882 049f 02       		.byte	0x2
 883 04a0 23       		.byte	0x23
 884 04a1 0C       		.uleb128 0xc
 885 04a2 06       		.uleb128 0x6
 886 04a3 00000000 		.4byte	.LASF60
 887 04a7 0A       		.byte	0xa
 888 04a8 6C       		.byte	0x6c
 889 04a9 000002F0 		.4byte	0x2f0
 890 04ad 02       		.byte	0x2
 891 04ae 23       		.byte	0x23
GAS LISTING C:\Users\jean\AppData\Local\Temp\ccY7yYuY.s 			page 17


 892 04af 10       		.uleb128 0x10
 893 04b0 00       		.byte	0
 894 04b1 09       		.uleb128 0x9
 895 04b2 04       		.byte	0x4
 896 04b3 00000453 		.4byte	0x453
 897 04b7 08       		.uleb128 0x8
 898 04b8 10       		.byte	0x10
 899 04b9 0A       		.byte	0xa
 900 04ba 76       		.byte	0x76
 901 04bb 000004F8 		.4byte	0x4f8
 902 04bf 06       		.uleb128 0x6
 903 04c0 00000000 		.4byte	.LASF56
 904 04c4 0A       		.byte	0xa
 905 04c5 77       		.byte	0x77
 906 04c6 000004B1 		.4byte	0x4b1
 907 04ca 02       		.byte	0x2
 908 04cb 23       		.byte	0x23
 909 04cc 00       		.uleb128 0
 910 04cd 06       		.uleb128 0x6
 911 04ce 00000000 		.4byte	.LASF57
 912 04d2 0A       		.byte	0xa
 913 04d3 79       		.byte	0x79
 914 04d4 000004B1 		.4byte	0x4b1
 915 04d8 02       		.byte	0x2
 916 04d9 23       		.byte	0x23
 917 04da 04       		.uleb128 0x4
 918 04db 06       		.uleb128 0x6
 919 04dc 00000000 		.4byte	.LASF58
 920 04e0 0A       		.byte	0xa
 921 04e1 7B       		.byte	0x7b
 922 04e2 0000011B 		.4byte	0x11b
 923 04e6 02       		.byte	0x2
 924 04e7 23       		.byte	0x23
 925 04e8 08       		.uleb128 0x8
 926 04e9 06       		.uleb128 0x6
 927 04ea 00000000 		.4byte	.LASF61
 928 04ee 0A       		.byte	0xa
 929 04ef 7C       		.byte	0x7c
 930 04f0 000004F8 		.4byte	0x4f8
 931 04f4 02       		.byte	0x2
 932 04f5 23       		.byte	0x23
 933 04f6 0C       		.uleb128 0xc
 934 04f7 00       		.byte	0
 935 04f8 0F       		.uleb128 0xf
 936 04f9 0000011B 		.4byte	0x11b
 937 04fd 03       		.uleb128 0x3
 938 04fe 00000000 		.4byte	.LASF62
 939 0502 0A       		.byte	0xa
 940 0503 7D       		.byte	0x7d
 941 0504 000004B7 		.4byte	0x4b7
 942 0508 08       		.uleb128 0x8
 943 0509 1C       		.byte	0x1c
 944 050a 0B       		.byte	0xb
 945 050b 5E       		.byte	0x5e
 946 050c 00000565 		.4byte	0x565
 947 0510 06       		.uleb128 0x6
 948 0511 00000000 		.4byte	.LASF63
GAS LISTING C:\Users\jean\AppData\Local\Temp\ccY7yYuY.s 			page 18


 949 0515 0B       		.byte	0xb
 950 0516 5F       		.byte	0x5f
 951 0517 00000281 		.4byte	0x281
 952 051b 02       		.byte	0x2
 953 051c 23       		.byte	0x23
 954 051d 00       		.uleb128 0
 955 051e 06       		.uleb128 0x6
 956 051f 00000000 		.4byte	.LASF64
 957 0523 0B       		.byte	0xb
 958 0524 60       		.byte	0x60
 959 0525 000000FA 		.4byte	0xfa
 960 0529 02       		.byte	0x2
 961 052a 23       		.byte	0x23
 962 052b 08       		.uleb128 0x8
 963 052c 06       		.uleb128 0x6
 964 052d 00000000 		.4byte	.LASF65
 965 0531 0B       		.byte	0xb
 966 0532 62       		.byte	0x62
 967 0533 00000416 		.4byte	0x416
 968 0537 02       		.byte	0x2
 969 0538 23       		.byte	0x23
 970 0539 0C       		.uleb128 0xc
 971 053a 06       		.uleb128 0x6
 972 053b 00000000 		.4byte	.LASF66
 973 053f 0B       		.byte	0xb
 974 0540 65       		.byte	0x65
 975 0541 0000027B 		.4byte	0x27b
 976 0545 02       		.byte	0x2
 977 0546 23       		.byte	0x23
 978 0547 10       		.uleb128 0x10
 979 0548 06       		.uleb128 0x6
 980 0549 00000000 		.4byte	.LASF67
 981 054d 0B       		.byte	0xb
 982 054e 66       		.byte	0x66
 983 054f 0000027B 		.4byte	0x27b
 984 0553 02       		.byte	0x2
 985 0554 23       		.byte	0x23
 986 0555 14       		.uleb128 0x14
 987 0556 06       		.uleb128 0x6
 988 0557 00000000 		.4byte	.LASF68
 989 055b 0B       		.byte	0xb
 990 055c 69       		.byte	0x69
 991 055d 0000027B 		.4byte	0x27b
 992 0561 02       		.byte	0x2
 993 0562 23       		.byte	0x23
 994 0563 18       		.uleb128 0x18
 995 0564 00       		.byte	0
 996 0565 03       		.uleb128 0x3
 997 0566 00000000 		.4byte	.LASF69
 998 056a 0B       		.byte	0xb
 999 056b 6B       		.byte	0x6b
 1000 056c 00000508 		.4byte	0x508
 1001 0570 05       		.uleb128 0x5
 1002 0571 00000000 		.4byte	.LASF70
 1003 0575 10       		.byte	0x10
 1004 0576 0C       		.byte	0xc
 1005 0577 2C       		.byte	0x2c
GAS LISTING C:\Users\jean\AppData\Local\Temp\ccY7yYuY.s 			page 19


 1006 0578 000005A7 		.4byte	0x5a7
 1007 057c 06       		.uleb128 0x6
 1008 057d 00000000 		.4byte	.LASF71
 1009 0581 0C       		.byte	0xc
 1010 0582 2D       		.byte	0x2d
 1011 0583 00000281 		.4byte	0x281
 1012 0587 02       		.byte	0x2
 1013 0588 23       		.byte	0x23
 1014 0589 00       		.uleb128 0
 1015 058a 06       		.uleb128 0x6
 1016 058b 00000000 		.4byte	.LASF72
 1017 058f 0C       		.byte	0xc
 1018 0590 2F       		.byte	0x2f
 1019 0591 0000027B 		.4byte	0x27b
 1020 0595 02       		.byte	0x2
 1021 0596 23       		.byte	0x23
 1022 0597 08       		.uleb128 0x8
 1023 0598 06       		.uleb128 0x6
 1024 0599 00000000 		.4byte	.LASF73
 1025 059d 0C       		.byte	0xc
 1026 059e 31       		.byte	0x31
 1027 059f 000005A7 		.4byte	0x5a7
 1028 05a3 02       		.byte	0x2
 1029 05a4 23       		.byte	0x23
 1030 05a5 0C       		.uleb128 0xc
 1031 05a6 00       		.byte	0
 1032 05a7 09       		.uleb128 0x9
 1033 05a8 04       		.byte	0x4
 1034 05a9 00000570 		.4byte	0x570
 1035 05ad 03       		.uleb128 0x3
 1036 05ae 00000000 		.4byte	.LASF70
 1037 05b2 0C       		.byte	0xc
 1038 05b3 33       		.byte	0x33
 1039 05b4 00000570 		.4byte	0x570
 1040 05b8 10       		.uleb128 0x10
 1041 05b9 04       		.byte	0x4
 1042 05ba 08       		.byte	0x8
 1043 05bb 96       		.byte	0x96
 1044 05bc 000005ED 		.4byte	0x5ed
 1045 05c0 11       		.uleb128 0x11
 1046 05c1 00000000 		.4byte	.LASF74
 1047 05c5 08       		.byte	0x8
 1048 05c6 9D       		.byte	0x9d
 1049 05c7 00000105 		.4byte	0x105
 1050 05cb 11       		.uleb128 0x11
 1051 05cc 00000000 		.4byte	.LASF75
 1052 05d0 08       		.byte	0x8
 1053 05d1 A4       		.byte	0xa4
 1054 05d2 00000105 		.4byte	0x105
 1055 05d6 11       		.uleb128 0x11
 1056 05d7 00000000 		.4byte	.LASF76
 1057 05db 08       		.byte	0x8
 1058 05dc AB       		.byte	0xab
 1059 05dd 000002F0 		.4byte	0x2f0
 1060 05e1 11       		.uleb128 0x11
 1061 05e2 00000000 		.4byte	.LASF77
 1062 05e6 08       		.byte	0x8
GAS LISTING C:\Users\jean\AppData\Local\Temp\ccY7yYuY.s 			page 20


 1063 05e7 B2       		.byte	0xb2
 1064 05e8 00000110 		.4byte	0x110
 1065 05ec 00       		.byte	0
 1066 05ed 09       		.uleb128 0x9
 1067 05ee 04       		.byte	0x4
 1068 05ef 000005F3 		.4byte	0x5f3
 1069 05f3 12       		.uleb128 0x12
 1070 05f4 000005F8 		.4byte	0x5f8
 1071 05f8 04       		.uleb128 0x4
 1072 05f9 01       		.byte	0x1
 1073 05fa 08       		.byte	0x8
 1074 05fb 00000000 		.4byte	.LASF78
 1075 05ff 09       		.uleb128 0x9
 1076 0600 04       		.byte	0x4
 1077 0601 000005AD 		.4byte	0x5ad
 1078 0605 09       		.uleb128 0x9
 1079 0606 04       		.byte	0x4
 1080 0607 0000060B 		.4byte	0x60b
 1081 060b 13       		.uleb128 0x13
 1082 060c 01       		.byte	0x1
 1083 060d 00000105 		.4byte	0x105
 1084 0611 0000061B 		.4byte	0x61b
 1085 0615 0E       		.uleb128 0xe
 1086 0616 000002F0 		.4byte	0x2f0
 1087 061a 00       		.byte	0
 1088 061b 09       		.uleb128 0x9
 1089 061c 04       		.byte	0x4
 1090 061d 0000009B 		.4byte	0x9b
 1091 0621 05       		.uleb128 0x5
 1092 0622 00000000 		.4byte	.LASF79
 1093 0626 10       		.byte	0x10
 1094 0627 0D       		.byte	0xd
 1095 0628 48       		.byte	0x48
 1096 0629 00000666 		.4byte	0x666
 1097 062d 06       		.uleb128 0x6
 1098 062e 00000000 		.4byte	.LASF80
 1099 0632 0D       		.byte	0xd
 1100 0633 49       		.byte	0x49
 1101 0634 0000068B 		.4byte	0x68b
 1102 0638 02       		.byte	0x2
 1103 0639 23       		.byte	0x23
 1104 063a 00       		.uleb128 0
 1105 063b 06       		.uleb128 0x6
 1106 063c 00000000 		.4byte	.LASF81
 1107 0640 0D       		.byte	0xd
 1108 0641 49       		.byte	0x49
 1109 0642 000006AB 		.4byte	0x6ab
 1110 0646 02       		.byte	0x2
 1111 0647 23       		.byte	0x23
 1112 0648 04       		.uleb128 0x4
 1113 0649 07       		.uleb128 0x7
 1114 064a 70757400 		.string	"put"
 1115 064e 0D       		.byte	0xd
 1116 064f 49       		.byte	0x49
 1117 0650 000006C6 		.4byte	0x6c6
 1118 0654 02       		.byte	0x2
 1119 0655 23       		.byte	0x23
GAS LISTING C:\Users\jean\AppData\Local\Temp\ccY7yYuY.s 			page 21


 1120 0656 08       		.uleb128 0x8
 1121 0657 07       		.uleb128 0x7
 1122 0658 67657400 		.string	"get"
 1123 065c 0D       		.byte	0xd
 1124 065d 49       		.byte	0x49
 1125 065e 00000605 		.4byte	0x605
 1126 0662 02       		.byte	0x2
 1127 0663 23       		.byte	0x23
 1128 0664 0C       		.uleb128 0xc
 1129 0665 00       		.byte	0
 1130 0666 13       		.uleb128 0x13
 1131 0667 01       		.byte	0x1
 1132 0668 00000030 		.4byte	0x30
 1133 066c 00000680 		.4byte	0x680
 1134 0670 0E       		.uleb128 0xe
 1135 0671 000002F0 		.4byte	0x2f0
 1136 0675 0E       		.uleb128 0xe
 1137 0676 00000680 		.4byte	0x680
 1138 067a 0E       		.uleb128 0xe
 1139 067b 00000030 		.4byte	0x30
 1140 067f 00       		.byte	0
 1141 0680 09       		.uleb128 0x9
 1142 0681 04       		.byte	0x4
 1143 0682 00000686 		.4byte	0x686
 1144 0686 12       		.uleb128 0x12
 1145 0687 0000009B 		.4byte	0x9b
 1146 068b 09       		.uleb128 0x9
 1147 068c 04       		.byte	0x4
 1148 068d 00000666 		.4byte	0x666
 1149 0691 13       		.uleb128 0x13
 1150 0692 01       		.byte	0x1
 1151 0693 00000030 		.4byte	0x30
 1152 0697 000006AB 		.4byte	0x6ab
 1153 069b 0E       		.uleb128 0xe
 1154 069c 000002F0 		.4byte	0x2f0
 1155 06a0 0E       		.uleb128 0xe
 1156 06a1 0000061B 		.4byte	0x61b
 1157 06a5 0E       		.uleb128 0xe
 1158 06a6 00000030 		.4byte	0x30
 1159 06aa 00       		.byte	0
 1160 06ab 09       		.uleb128 0x9
 1161 06ac 04       		.byte	0x4
 1162 06ad 00000691 		.4byte	0x691
 1163 06b1 13       		.uleb128 0x13
 1164 06b2 01       		.byte	0x1
 1165 06b3 00000105 		.4byte	0x105
 1166 06b7 000006C6 		.4byte	0x6c6
 1167 06bb 0E       		.uleb128 0xe
 1168 06bc 000002F0 		.4byte	0x2f0
 1169 06c0 0E       		.uleb128 0xe
 1170 06c1 0000009B 		.4byte	0x9b
 1171 06c5 00       		.byte	0
 1172 06c6 09       		.uleb128 0x9
 1173 06c7 04       		.byte	0x4
 1174 06c8 000006B1 		.4byte	0x6b1
 1175 06cc 08       		.uleb128 0x8
 1176 06cd 04       		.byte	0x4
GAS LISTING C:\Users\jean\AppData\Local\Temp\ccY7yYuY.s 			page 22


 1177 06ce 0D       		.byte	0xd
 1178 06cf 51       		.byte	0x51
 1179 06d0 000006E3 		.4byte	0x6e3
 1180 06d4 07       		.uleb128 0x7
 1181 06d5 766D7400 		.string	"vmt"
 1182 06d9 0D       		.byte	0xd
 1183 06da 53       		.byte	0x53
 1184 06db 000006E3 		.4byte	0x6e3
 1185 06df 02       		.byte	0x2
 1186 06e0 23       		.byte	0x23
 1187 06e1 00       		.uleb128 0
 1188 06e2 00       		.byte	0
 1189 06e3 09       		.uleb128 0x9
 1190 06e4 04       		.byte	0x4
 1191 06e5 000006E9 		.4byte	0x6e9
 1192 06e9 12       		.uleb128 0x12
 1193 06ea 00000621 		.4byte	0x621
 1194 06ee 03       		.uleb128 0x3
 1195 06ef 00000000 		.4byte	.LASF82
 1196 06f3 0D       		.byte	0xd
 1197 06f4 55       		.byte	0x55
 1198 06f5 000006CC 		.4byte	0x6cc
 1199 06f9 03       		.uleb128 0x3
 1200 06fa 00000000 		.4byte	.LASF83
 1201 06fe 0E       		.byte	0xe
 1202 06ff 2D       		.byte	0x2d
 1203 0700 00000704 		.4byte	0x704
 1204 0704 09       		.uleb128 0x9
 1205 0705 04       		.byte	0x4
 1206 0706 0000070A 		.4byte	0x70a
 1207 070a 0D       		.uleb128 0xd
 1208 070b 01       		.byte	0x1
 1209 070c 00000720 		.4byte	0x720
 1210 0710 0E       		.uleb128 0xe
 1211 0711 00000720 		.4byte	0x720
 1212 0715 0E       		.uleb128 0xe
 1213 0716 00000029 		.4byte	0x29
 1214 071a 0E       		.uleb128 0xe
 1215 071b 00000726 		.4byte	0x726
 1216 071f 00       		.byte	0
 1217 0720 09       		.uleb128 0x9
 1218 0721 04       		.byte	0x4
 1219 0722 000006EE 		.4byte	0x6ee
 1220 0726 09       		.uleb128 0x9
 1221 0727 04       		.byte	0x4
 1222 0728 0000072C 		.4byte	0x72c
 1223 072c 09       		.uleb128 0x9
 1224 072d 04       		.byte	0x4
 1225 072e 000005F8 		.4byte	0x5f8
 1226 0732 08       		.uleb128 0x8
 1227 0733 08       		.byte	0x8
 1228 0734 0E       		.byte	0xe
 1229 0735 32       		.byte	0x32
 1230 0736 00000757 		.4byte	0x757
 1231 073a 06       		.uleb128 0x6
 1232 073b 00000000 		.4byte	.LASF84
 1233 073f 0E       		.byte	0xe
GAS LISTING C:\Users\jean\AppData\Local\Temp\ccY7yYuY.s 			page 23


 1234 0740 33       		.byte	0x33
 1235 0741 000005ED 		.4byte	0x5ed
 1236 0745 02       		.byte	0x2
 1237 0746 23       		.byte	0x23
 1238 0747 00       		.uleb128 0
 1239 0748 06       		.uleb128 0x6
 1240 0749 00000000 		.4byte	.LASF85
 1241 074d 0E       		.byte	0xe
 1242 074e 34       		.byte	0x34
 1243 074f 000006F9 		.4byte	0x6f9
 1244 0753 02       		.byte	0x2
 1245 0754 23       		.byte	0x23
 1246 0755 04       		.uleb128 0x4
 1247 0756 00       		.byte	0
 1248 0757 03       		.uleb128 0x3
 1249 0758 00000000 		.4byte	.LASF86
 1250 075c 0E       		.byte	0xe
 1251 075d 35       		.byte	0x35
 1252 075e 00000732 		.4byte	0x732
 1253 0762 03       		.uleb128 0x3
 1254 0763 00000000 		.4byte	.LASF87
 1255 0767 0F       		.byte	0xf
 1256 0768 28       		.byte	0x28
 1257 0769 0000076D 		.4byte	0x76d
 1258 076d 0A       		.uleb128 0xa
 1259 076e 0000077D 		.4byte	0x77d
 1260 0772 0000077D 		.4byte	0x77d
 1261 0776 0B       		.uleb128 0xb
 1262 0777 000002D3 		.4byte	0x2d3
 1263 077b 00       		.byte	0
 1264 077c 00       		.byte	0
 1265 077d 05       		.uleb128 0x5
 1266 077e 00000000 		.4byte	.LASF88
 1267 0782 0C       		.byte	0xc
 1268 0783 10       		.byte	0x10
 1269 0784 00       		.byte	0
 1270 0785 000007D0 		.4byte	0x7d0
 1271 0789 07       		.uleb128 0x7
 1272 078a 67707200 		.string	"gpr"
 1273 078e 10       		.byte	0x10
 1274 078f 00       		.byte	0
 1275 0790 0000005B 		.4byte	0x5b
 1276 0794 02       		.byte	0x2
 1277 0795 23       		.byte	0x23
 1278 0796 00       		.uleb128 0
 1279 0797 07       		.uleb128 0x7
 1280 0798 66707200 		.string	"fpr"
 1281 079c 10       		.byte	0x10
 1282 079d 00       		.byte	0
 1283 079e 0000005B 		.4byte	0x5b
 1284 07a2 02       		.byte	0x2
 1285 07a3 23       		.byte	0x23
 1286 07a4 01       		.uleb128 0x1
 1287 07a5 06       		.uleb128 0x6
 1288 07a6 00000000 		.4byte	.LASF89
 1289 07aa 10       		.byte	0x10
 1290 07ab 00       		.byte	0
GAS LISTING C:\Users\jean\AppData\Local\Temp\ccY7yYuY.s 			page 24


 1291 07ac 00000069 		.4byte	0x69
 1292 07b0 02       		.byte	0x2
 1293 07b1 23       		.byte	0x23
 1294 07b2 02       		.uleb128 0x2
 1295 07b3 06       		.uleb128 0x6
 1296 07b4 00000000 		.4byte	.LASF90
 1297 07b8 10       		.byte	0x10
 1298 07b9 00       		.byte	0
 1299 07ba 000002F0 		.4byte	0x2f0
 1300 07be 02       		.byte	0x2
 1301 07bf 23       		.byte	0x23
 1302 07c0 04       		.uleb128 0x4
 1303 07c1 06       		.uleb128 0x6
 1304 07c2 00000000 		.4byte	.LASF91
 1305 07c6 10       		.byte	0x10
 1306 07c7 00       		.byte	0
 1307 07c8 000002F0 		.4byte	0x2f0
 1308 07cc 02       		.byte	0x2
 1309 07cd 23       		.byte	0x23
 1310 07ce 08       		.uleb128 0x8
 1311 07cf 00       		.byte	0
 1312 07d0 03       		.uleb128 0x3
 1313 07d1 00000000 		.4byte	.LASF92
 1314 07d5 0F       		.byte	0xf
 1315 07d6 62       		.byte	0x62
 1316 07d7 00000762 		.4byte	0x762
 1317 07db 14       		.uleb128 0x14
 1318 07dc 00000000 		.4byte	.LASF104
 1319 07e0 01       		.byte	0x1
 1320 07e1 45       		.byte	0x45
 1321 07e2 01       		.byte	0x1
 1322 07e3 03       		.byte	0x3
 1323 07e4 0000080A 		.4byte	0x80a
 1324 07e8 15       		.uleb128 0x15
 1325 07e9 63687000 		.string	"chp"
 1326 07ed 01       		.byte	0x1
 1327 07ee 45       		.byte	0x45
 1328 07ef 00000720 		.4byte	0x720
 1329 07f3 15       		.uleb128 0x15
 1330 07f4 666D7400 		.string	"fmt"
 1331 07f8 01       		.byte	0x1
 1332 07f9 45       		.byte	0x45
 1333 07fa 000005ED 		.4byte	0x5ed
 1334 07fe 16       		.uleb128 0x16
 1335 07ff 17       		.uleb128 0x17
 1336 0800 617000   		.string	"ap"
 1337 0803 01       		.byte	0x1
 1338 0804 46       		.byte	0x46
 1339 0805 000007D0 		.4byte	0x7d0
 1340 0809 00       		.byte	0
 1341 080a 18       		.uleb128 0x18
 1342 080b 000007DB 		.4byte	0x7db
 1343 080f 00000000 		.4byte	.LFB47
 1344 0813 00000000 		.4byte	.LFE47
 1345 0817 00000000 		.4byte	.LLST0
 1346 081b 01       		.byte	0x1
 1347 081c 00000868 		.4byte	0x868
GAS LISTING C:\Users\jean\AppData\Local\Temp\ccY7yYuY.s 			page 25


 1348 0820 19       		.uleb128 0x19
 1349 0821 000007E8 		.4byte	0x7e8
 1350 0825 00000000 		.4byte	.LLST1
 1351 0829 19       		.uleb128 0x19
 1352 082a 000007F3 		.4byte	0x7f3
 1353 082e 00000000 		.4byte	.LLST2
 1354 0832 16       		.uleb128 0x16
 1355 0833 1A       		.uleb128 0x1a
 1356 0834 000007FF 		.4byte	0x7ff
 1357 0838 02       		.byte	0x2
 1358 0839 91       		.byte	0x91
 1359 083a 58       		.sleb128 -40
 1360 083b 1B       		.uleb128 0x1b
 1361 083c 000007F3 		.4byte	0x7f3
 1362 0840 06       		.byte	0x6
 1363 0841 03       		.byte	0x3
 1364 0842 00000000 		.4byte	.LC0
 1365 0846 9F       		.byte	0x9f
 1366 0847 1C       		.uleb128 0x1c
 1367 0848 00000000 		.4byte	.LVL2
 1368 084c 0000096D 		.4byte	0x96d
 1369 0850 1D       		.uleb128 0x1d
 1370 0851 01       		.byte	0x1
 1371 0852 55       		.byte	0x55
 1372 0853 02       		.byte	0x2
 1373 0854 91       		.byte	0x91
 1374 0855 58       		.sleb128 -40
 1375 0856 1D       		.uleb128 0x1d
 1376 0857 01       		.byte	0x1
 1377 0858 54       		.byte	0x54
 1378 0859 05       		.byte	0x5
 1379 085a 03       		.byte	0x3
 1380 085b 00000000 		.4byte	.LC0
 1381 085f 1D       		.uleb128 0x1d
 1382 0860 01       		.byte	0x1
 1383 0861 53       		.byte	0x53
 1384 0862 03       		.byte	0x3
 1385 0863 F3       		.byte	0xf3
 1386 0864 01       		.uleb128 0x1
 1387 0865 53       		.byte	0x53
 1388 0866 00       		.byte	0
 1389 0867 00       		.byte	0
 1390 0868 1E       		.uleb128 0x1e
 1391 0869 01       		.byte	0x1
 1392 086a 00000000 		.4byte	.LASF105
 1393 086e 02       		.byte	0x2
 1394 086f 22       		.byte	0x22
 1395 0870 01       		.byte	0x1
 1396 0871 00000105 		.4byte	0x105
 1397 0875 00000000 		.4byte	.LFB46
 1398 0879 00000000 		.4byte	.LFE46
 1399 087d 00000000 		.4byte	.LLST3
 1400 0881 01       		.byte	0x1
 1401 0882 000008E6 		.4byte	0x8e6
 1402 0886 1F       		.uleb128 0x1f
 1403 0887 61726700 		.string	"arg"
 1404 088b 02       		.byte	0x2
GAS LISTING C:\Users\jean\AppData\Local\Temp\ccY7yYuY.s 			page 26


 1405 088c 22       		.byte	0x22
 1406 088d 000002F0 		.4byte	0x2f0
 1407 0891 00000000 		.4byte	.LLST4
 1408 0895 20       		.uleb128 0x20
 1409 0896 6900     		.string	"i"
 1410 0898 02       		.byte	0x2
 1411 0899 25       		.byte	0x25
 1412 089a 00000029 		.4byte	0x29
 1413 089e 00000000 		.4byte	.LLST5
 1414 08a2 21       		.uleb128 0x21
 1415 08a3 00000000 		.4byte	.LVL6
 1416 08a7 0000080A 		.4byte	0x80a
 1417 08ab 000008C2 		.4byte	0x8c2
 1418 08af 1D       		.uleb128 0x1d
 1419 08b0 01       		.byte	0x1
 1420 08b1 55       		.byte	0x55
 1421 08b2 02       		.byte	0x2
 1422 08b3 8F       		.byte	0x8f
 1423 08b4 7F       		.sleb128 -1
 1424 08b5 1D       		.uleb128 0x1d
 1425 08b6 01       		.byte	0x1
 1426 08b7 54       		.byte	0x54
 1427 08b8 02       		.byte	0x2
 1428 08b9 8D       		.byte	0x8d
 1429 08ba 00       		.sleb128 0
 1430 08bb 1D       		.uleb128 0x1d
 1431 08bc 01       		.byte	0x1
 1432 08bd 53       		.byte	0x53
 1433 08be 02       		.byte	0x2
 1434 08bf 8C       		.byte	0x8c
 1435 08c0 00       		.sleb128 0
 1436 08c1 00       		.byte	0
 1437 08c2 21       		.uleb128 0x21
 1438 08c3 00000000 		.4byte	.LVL7
 1439 08c7 00000991 		.4byte	0x991
 1440 08cb 000008D6 		.4byte	0x8d6
 1441 08cf 1D       		.uleb128 0x1d
 1442 08d0 01       		.byte	0x1
 1443 08d1 53       		.byte	0x53
 1444 08d2 02       		.byte	0x2
 1445 08d3 08       		.byte	0x8
 1446 08d4 64       		.byte	0x64
 1447 08d5 00       		.byte	0
 1448 08d6 1C       		.uleb128 0x1c
 1449 08d7 00000000 		.4byte	.LVL9
 1450 08db 000009A6 		.4byte	0x9a6
 1451 08df 1D       		.uleb128 0x1d
 1452 08e0 01       		.byte	0x1
 1453 08e1 53       		.byte	0x53
 1454 08e2 01       		.byte	0x1
 1455 08e3 30       		.byte	0x30
 1456 08e4 00       		.byte	0
 1457 08e5 00       		.byte	0
 1458 08e6 22       		.uleb128 0x22
 1459 08e7 00000000 		.4byte	.LASF93
 1460 08eb 0A       		.byte	0xa
 1461 08ec F5       		.byte	0xf5
GAS LISTING C:\Users\jean\AppData\Local\Temp\ccY7yYuY.s 			page 27


 1462 08ed 000004FD 		.4byte	0x4fd
 1463 08f1 01       		.byte	0x1
 1464 08f2 01       		.byte	0x1
 1465 08f3 22       		.uleb128 0x22
 1466 08f4 00000000 		.4byte	.LASF94
 1467 08f8 0B       		.byte	0xb
 1468 08f9 6F       		.byte	0x6f
 1469 08fa 00000565 		.4byte	0x565
 1470 08fe 01       		.byte	0x1
 1471 08ff 01       		.byte	0x1
 1472 0900 0A       		.uleb128 0xa
 1473 0901 00000757 		.4byte	0x757
 1474 0905 00000910 		.4byte	0x910
 1475 0909 0B       		.uleb128 0xb
 1476 090a 000002D3 		.4byte	0x2d3
 1477 090e 08       		.byte	0x8
 1478 090f 00       		.byte	0
 1479 0910 23       		.uleb128 0x23
 1480 0911 00000000 		.4byte	.LASF95
 1481 0915 02       		.byte	0x2
 1482 0916 37       		.byte	0x37
 1483 0917 00000922 		.4byte	0x922
 1484 091b 01       		.byte	0x1
 1485 091c 05       		.byte	0x5
 1486 091d 03       		.byte	0x3
 1487 091e 00000000 		.4byte	shell_commands_car
 1488 0922 12       		.uleb128 0x12
 1489 0923 00000900 		.4byte	0x900
 1490 0927 23       		.uleb128 0x23
 1491 0928 00000000 		.4byte	.LASF96
 1492 092c 02       		.byte	0x2
 1493 092d 1B       		.byte	0x1b
 1494 092e 0000027B 		.4byte	0x27b
 1495 0932 01       		.byte	0x1
 1496 0933 05       		.byte	0x5
 1497 0934 03       		.byte	0x3
 1498 0935 00000000 		.4byte	tpgps
 1499 0939 23       		.uleb128 0x23
 1500 093a 00000000 		.4byte	.LASF97
 1501 093e 02       		.byte	0x2
 1502 093f 1C       		.byte	0x1c
 1503 0940 000000BC 		.4byte	0xbc
 1504 0944 01       		.byte	0x1
 1505 0945 05       		.byte	0x5
 1506 0946 03       		.byte	0x3
 1507 0947 00000000 		.4byte	bGpsRunning
 1508 094b 0A       		.uleb128 0xa
 1509 094c 000002DA 		.4byte	0x2da
 1510 0950 0000095B 		.4byte	0x95b
 1511 0954 0B       		.uleb128 0xb
 1512 0955 000002D3 		.4byte	0x2d3
 1513 0959 4C       		.byte	0x4c
 1514 095a 00       		.byte	0
 1515 095b 23       		.uleb128 0x23
 1516 095c 00000000 		.4byte	.LASF98
 1517 0960 02       		.byte	0x2
 1518 0961 21       		.byte	0x21
GAS LISTING C:\Users\jean\AppData\Local\Temp\ccY7yYuY.s 			page 28


 1519 0962 0000094B 		.4byte	0x94b
 1520 0966 01       		.byte	0x1
 1521 0967 05       		.byte	0x5
 1522 0968 03       		.byte	0x3
 1523 0969 00000000 		.4byte	waThreadGPS
 1524 096d 24       		.uleb128 0x24
 1525 096e 01       		.byte	0x1
 1526 096f 00000000 		.4byte	.LASF99
 1527 0973 01       		.byte	0x1
 1528 0974 28       		.byte	0x28
 1529 0975 01       		.byte	0x1
 1530 0976 01       		.byte	0x1
 1531 0977 0000098B 		.4byte	0x98b
 1532 097b 0E       		.uleb128 0xe
 1533 097c 00000720 		.4byte	0x720
 1534 0980 0E       		.uleb128 0xe
 1535 0981 000005ED 		.4byte	0x5ed
 1536 0985 0E       		.uleb128 0xe
 1537 0986 0000098B 		.4byte	0x98b
 1538 098a 00       		.byte	0
 1539 098b 09       		.uleb128 0x9
 1540 098c 04       		.byte	0x4
 1541 098d 0000077D 		.4byte	0x77d
 1542 0991 25       		.uleb128 0x25
 1543 0992 01       		.byte	0x1
 1544 0993 00000000 		.4byte	.LASF100
 1545 0997 08       		.byte	0x8
 1546 0998 0175     		.2byte	0x175
 1547 099a 01       		.byte	0x1
 1548 099b 01       		.byte	0x1
 1549 099c 000009A6 		.4byte	0x9a6
 1550 09a0 0E       		.uleb128 0xe
 1551 09a1 0000011B 		.4byte	0x11b
 1552 09a5 00       		.byte	0
 1553 09a6 26       		.uleb128 0x26
 1554 09a7 01       		.byte	0x1
 1555 09a8 00000000 		.4byte	.LASF106
 1556 09ac 08       		.byte	0x8
 1557 09ad 0178     		.2byte	0x178
 1558 09af 01       		.byte	0x1
 1559 09b0 01       		.byte	0x1
 1560 09b1 0E       		.uleb128 0xe
 1561 09b2 00000105 		.4byte	0x105
 1562 09b6 00       		.byte	0
 1563 09b7 00       		.byte	0
 1564              		.section	.debug_abbrev,"",@progbits
 1565              	.Ldebug_abbrev0:
 1566 0000 01       		.uleb128 0x1
 1567 0001 11       		.uleb128 0x11
 1568 0002 01       		.byte	0x1
 1569 0003 25       		.uleb128 0x25
 1570 0004 0E       		.uleb128 0xe
 1571 0005 13       		.uleb128 0x13
 1572 0006 0B       		.uleb128 0xb
 1573 0007 03       		.uleb128 0x3
 1574 0008 0E       		.uleb128 0xe
 1575 0009 1B       		.uleb128 0x1b
GAS LISTING C:\Users\jean\AppData\Local\Temp\ccY7yYuY.s 			page 29


 1576 000a 0E       		.uleb128 0xe
 1577 000b 55       		.uleb128 0x55
 1578 000c 06       		.uleb128 0x6
 1579 000d 11       		.uleb128 0x11
 1580 000e 01       		.uleb128 0x1
 1581 000f 52       		.uleb128 0x52
 1582 0010 01       		.uleb128 0x1
 1583 0011 10       		.uleb128 0x10
 1584 0012 06       		.uleb128 0x6
 1585 0013 00       		.byte	0
 1586 0014 00       		.byte	0
 1587 0015 02       		.uleb128 0x2
 1588 0016 24       		.uleb128 0x24
 1589 0017 00       		.byte	0
 1590 0018 0B       		.uleb128 0xb
 1591 0019 0B       		.uleb128 0xb
 1592 001a 3E       		.uleb128 0x3e
 1593 001b 0B       		.uleb128 0xb
 1594 001c 03       		.uleb128 0x3
 1595 001d 08       		.uleb128 0x8
 1596 001e 00       		.byte	0
 1597 001f 00       		.byte	0
 1598 0020 03       		.uleb128 0x3
 1599 0021 16       		.uleb128 0x16
 1600 0022 00       		.byte	0
 1601 0023 03       		.uleb128 0x3
 1602 0024 0E       		.uleb128 0xe
 1603 0025 3A       		.uleb128 0x3a
 1604 0026 0B       		.uleb128 0xb
 1605 0027 3B       		.uleb128 0x3b
 1606 0028 0B       		.uleb128 0xb
 1607 0029 49       		.uleb128 0x49
 1608 002a 13       		.uleb128 0x13
 1609 002b 00       		.byte	0
 1610 002c 00       		.byte	0
 1611 002d 04       		.uleb128 0x4
 1612 002e 24       		.uleb128 0x24
 1613 002f 00       		.byte	0
 1614 0030 0B       		.uleb128 0xb
 1615 0031 0B       		.uleb128 0xb
 1616 0032 3E       		.uleb128 0x3e
 1617 0033 0B       		.uleb128 0xb
 1618 0034 03       		.uleb128 0x3
 1619 0035 0E       		.uleb128 0xe
 1620 0036 00       		.byte	0
 1621 0037 00       		.byte	0
 1622 0038 05       		.uleb128 0x5
 1623 0039 13       		.uleb128 0x13
 1624 003a 01       		.byte	0x1
 1625 003b 03       		.uleb128 0x3
 1626 003c 0E       		.uleb128 0xe
 1627 003d 0B       		.uleb128 0xb
 1628 003e 0B       		.uleb128 0xb
 1629 003f 3A       		.uleb128 0x3a
 1630 0040 0B       		.uleb128 0xb
 1631 0041 3B       		.uleb128 0x3b
 1632 0042 0B       		.uleb128 0xb
GAS LISTING C:\Users\jean\AppData\Local\Temp\ccY7yYuY.s 			page 30


 1633 0043 01       		.uleb128 0x1
 1634 0044 13       		.uleb128 0x13
 1635 0045 00       		.byte	0
 1636 0046 00       		.byte	0
 1637 0047 06       		.uleb128 0x6
 1638 0048 0D       		.uleb128 0xd
 1639 0049 00       		.byte	0
 1640 004a 03       		.uleb128 0x3
 1641 004b 0E       		.uleb128 0xe
 1642 004c 3A       		.uleb128 0x3a
 1643 004d 0B       		.uleb128 0xb
 1644 004e 3B       		.uleb128 0x3b
 1645 004f 0B       		.uleb128 0xb
 1646 0050 49       		.uleb128 0x49
 1647 0051 13       		.uleb128 0x13
 1648 0052 38       		.uleb128 0x38
 1649 0053 0A       		.uleb128 0xa
 1650 0054 00       		.byte	0
 1651 0055 00       		.byte	0
 1652 0056 07       		.uleb128 0x7
 1653 0057 0D       		.uleb128 0xd
 1654 0058 00       		.byte	0
 1655 0059 03       		.uleb128 0x3
 1656 005a 08       		.uleb128 0x8
 1657 005b 3A       		.uleb128 0x3a
 1658 005c 0B       		.uleb128 0xb
 1659 005d 3B       		.uleb128 0x3b
 1660 005e 0B       		.uleb128 0xb
 1661 005f 49       		.uleb128 0x49
 1662 0060 13       		.uleb128 0x13
 1663 0061 38       		.uleb128 0x38
 1664 0062 0A       		.uleb128 0xa
 1665 0063 00       		.byte	0
 1666 0064 00       		.byte	0
 1667 0065 08       		.uleb128 0x8
 1668 0066 13       		.uleb128 0x13
 1669 0067 01       		.byte	0x1
 1670 0068 0B       		.uleb128 0xb
 1671 0069 0B       		.uleb128 0xb
 1672 006a 3A       		.uleb128 0x3a
 1673 006b 0B       		.uleb128 0xb
 1674 006c 3B       		.uleb128 0x3b
 1675 006d 0B       		.uleb128 0xb
 1676 006e 01       		.uleb128 0x1
 1677 006f 13       		.uleb128 0x13
 1678 0070 00       		.byte	0
 1679 0071 00       		.byte	0
 1680 0072 09       		.uleb128 0x9
 1681 0073 0F       		.uleb128 0xf
 1682 0074 00       		.byte	0
 1683 0075 0B       		.uleb128 0xb
 1684 0076 0B       		.uleb128 0xb
 1685 0077 49       		.uleb128 0x49
 1686 0078 13       		.uleb128 0x13
 1687 0079 00       		.byte	0
 1688 007a 00       		.byte	0
 1689 007b 0A       		.uleb128 0xa
GAS LISTING C:\Users\jean\AppData\Local\Temp\ccY7yYuY.s 			page 31


 1690 007c 01       		.uleb128 0x1
 1691 007d 01       		.byte	0x1
 1692 007e 49       		.uleb128 0x49
 1693 007f 13       		.uleb128 0x13
 1694 0080 01       		.uleb128 0x1
 1695 0081 13       		.uleb128 0x13
 1696 0082 00       		.byte	0
 1697 0083 00       		.byte	0
 1698 0084 0B       		.uleb128 0xb
 1699 0085 21       		.uleb128 0x21
 1700 0086 00       		.byte	0
 1701 0087 49       		.uleb128 0x49
 1702 0088 13       		.uleb128 0x13
 1703 0089 2F       		.uleb128 0x2f
 1704 008a 0B       		.uleb128 0xb
 1705 008b 00       		.byte	0
 1706 008c 00       		.byte	0
 1707 008d 0C       		.uleb128 0xc
 1708 008e 0F       		.uleb128 0xf
 1709 008f 00       		.byte	0
 1710 0090 0B       		.uleb128 0xb
 1711 0091 0B       		.uleb128 0xb
 1712 0092 00       		.byte	0
 1713 0093 00       		.byte	0
 1714 0094 0D       		.uleb128 0xd
 1715 0095 15       		.uleb128 0x15
 1716 0096 01       		.byte	0x1
 1717 0097 27       		.uleb128 0x27
 1718 0098 0C       		.uleb128 0xc
 1719 0099 01       		.uleb128 0x1
 1720 009a 13       		.uleb128 0x13
 1721 009b 00       		.byte	0
 1722 009c 00       		.byte	0
 1723 009d 0E       		.uleb128 0xe
 1724 009e 05       		.uleb128 0x5
 1725 009f 00       		.byte	0
 1726 00a0 49       		.uleb128 0x49
 1727 00a1 13       		.uleb128 0x13
 1728 00a2 00       		.byte	0
 1729 00a3 00       		.byte	0
 1730 00a4 0F       		.uleb128 0xf
 1731 00a5 35       		.uleb128 0x35
 1732 00a6 00       		.byte	0
 1733 00a7 49       		.uleb128 0x49
 1734 00a8 13       		.uleb128 0x13
 1735 00a9 00       		.byte	0
 1736 00aa 00       		.byte	0
 1737 00ab 10       		.uleb128 0x10
 1738 00ac 17       		.uleb128 0x17
 1739 00ad 01       		.byte	0x1
 1740 00ae 0B       		.uleb128 0xb
 1741 00af 0B       		.uleb128 0xb
 1742 00b0 3A       		.uleb128 0x3a
 1743 00b1 0B       		.uleb128 0xb
 1744 00b2 3B       		.uleb128 0x3b
 1745 00b3 0B       		.uleb128 0xb
 1746 00b4 01       		.uleb128 0x1
GAS LISTING C:\Users\jean\AppData\Local\Temp\ccY7yYuY.s 			page 32


 1747 00b5 13       		.uleb128 0x13
 1748 00b6 00       		.byte	0
 1749 00b7 00       		.byte	0
 1750 00b8 11       		.uleb128 0x11
 1751 00b9 0D       		.uleb128 0xd
 1752 00ba 00       		.byte	0
 1753 00bb 03       		.uleb128 0x3
 1754 00bc 0E       		.uleb128 0xe
 1755 00bd 3A       		.uleb128 0x3a
 1756 00be 0B       		.uleb128 0xb
 1757 00bf 3B       		.uleb128 0x3b
 1758 00c0 0B       		.uleb128 0xb
 1759 00c1 49       		.uleb128 0x49
 1760 00c2 13       		.uleb128 0x13
 1761 00c3 00       		.byte	0
 1762 00c4 00       		.byte	0
 1763 00c5 12       		.uleb128 0x12
 1764 00c6 26       		.uleb128 0x26
 1765 00c7 00       		.byte	0
 1766 00c8 49       		.uleb128 0x49
 1767 00c9 13       		.uleb128 0x13
 1768 00ca 00       		.byte	0
 1769 00cb 00       		.byte	0
 1770 00cc 13       		.uleb128 0x13
 1771 00cd 15       		.uleb128 0x15
 1772 00ce 01       		.byte	0x1
 1773 00cf 27       		.uleb128 0x27
 1774 00d0 0C       		.uleb128 0xc
 1775 00d1 49       		.uleb128 0x49
 1776 00d2 13       		.uleb128 0x13
 1777 00d3 01       		.uleb128 0x1
 1778 00d4 13       		.uleb128 0x13
 1779 00d5 00       		.byte	0
 1780 00d6 00       		.byte	0
 1781 00d7 14       		.uleb128 0x14
 1782 00d8 2E       		.uleb128 0x2e
 1783 00d9 01       		.byte	0x1
 1784 00da 03       		.uleb128 0x3
 1785 00db 0E       		.uleb128 0xe
 1786 00dc 3A       		.uleb128 0x3a
 1787 00dd 0B       		.uleb128 0xb
 1788 00de 3B       		.uleb128 0x3b
 1789 00df 0B       		.uleb128 0xb
 1790 00e0 27       		.uleb128 0x27
 1791 00e1 0C       		.uleb128 0xc
 1792 00e2 20       		.uleb128 0x20
 1793 00e3 0B       		.uleb128 0xb
 1794 00e4 01       		.uleb128 0x1
 1795 00e5 13       		.uleb128 0x13
 1796 00e6 00       		.byte	0
 1797 00e7 00       		.byte	0
 1798 00e8 15       		.uleb128 0x15
 1799 00e9 05       		.uleb128 0x5
 1800 00ea 00       		.byte	0
 1801 00eb 03       		.uleb128 0x3
 1802 00ec 08       		.uleb128 0x8
 1803 00ed 3A       		.uleb128 0x3a
GAS LISTING C:\Users\jean\AppData\Local\Temp\ccY7yYuY.s 			page 33


 1804 00ee 0B       		.uleb128 0xb
 1805 00ef 3B       		.uleb128 0x3b
 1806 00f0 0B       		.uleb128 0xb
 1807 00f1 49       		.uleb128 0x49
 1808 00f2 13       		.uleb128 0x13
 1809 00f3 00       		.byte	0
 1810 00f4 00       		.byte	0
 1811 00f5 16       		.uleb128 0x16
 1812 00f6 18       		.uleb128 0x18
 1813 00f7 00       		.byte	0
 1814 00f8 00       		.byte	0
 1815 00f9 00       		.byte	0
 1816 00fa 17       		.uleb128 0x17
 1817 00fb 34       		.uleb128 0x34
 1818 00fc 00       		.byte	0
 1819 00fd 03       		.uleb128 0x3
 1820 00fe 08       		.uleb128 0x8
 1821 00ff 3A       		.uleb128 0x3a
 1822 0100 0B       		.uleb128 0xb
 1823 0101 3B       		.uleb128 0x3b
 1824 0102 0B       		.uleb128 0xb
 1825 0103 49       		.uleb128 0x49
 1826 0104 13       		.uleb128 0x13
 1827 0105 00       		.byte	0
 1828 0106 00       		.byte	0
 1829 0107 18       		.uleb128 0x18
 1830 0108 2E       		.uleb128 0x2e
 1831 0109 01       		.byte	0x1
 1832 010a 31       		.uleb128 0x31
 1833 010b 13       		.uleb128 0x13
 1834 010c 11       		.uleb128 0x11
 1835 010d 01       		.uleb128 0x1
 1836 010e 12       		.uleb128 0x12
 1837 010f 01       		.uleb128 0x1
 1838 0110 40       		.uleb128 0x40
 1839 0111 06       		.uleb128 0x6
 1840 0112 9742     		.uleb128 0x2117
 1841 0114 0C       		.uleb128 0xc
 1842 0115 01       		.uleb128 0x1
 1843 0116 13       		.uleb128 0x13
 1844 0117 00       		.byte	0
 1845 0118 00       		.byte	0
 1846 0119 19       		.uleb128 0x19
 1847 011a 05       		.uleb128 0x5
 1848 011b 00       		.byte	0
 1849 011c 31       		.uleb128 0x31
 1850 011d 13       		.uleb128 0x13
 1851 011e 02       		.uleb128 0x2
 1852 011f 06       		.uleb128 0x6
 1853 0120 00       		.byte	0
 1854 0121 00       		.byte	0
 1855 0122 1A       		.uleb128 0x1a
 1856 0123 34       		.uleb128 0x34
 1857 0124 00       		.byte	0
 1858 0125 31       		.uleb128 0x31
 1859 0126 13       		.uleb128 0x13
 1860 0127 02       		.uleb128 0x2
GAS LISTING C:\Users\jean\AppData\Local\Temp\ccY7yYuY.s 			page 34


 1861 0128 0A       		.uleb128 0xa
 1862 0129 00       		.byte	0
 1863 012a 00       		.byte	0
 1864 012b 1B       		.uleb128 0x1b
 1865 012c 05       		.uleb128 0x5
 1866 012d 00       		.byte	0
 1867 012e 31       		.uleb128 0x31
 1868 012f 13       		.uleb128 0x13
 1869 0130 02       		.uleb128 0x2
 1870 0131 0A       		.uleb128 0xa
 1871 0132 00       		.byte	0
 1872 0133 00       		.byte	0
 1873 0134 1C       		.uleb128 0x1c
 1874 0135 898201   		.uleb128 0x4109
 1875 0138 01       		.byte	0x1
 1876 0139 11       		.uleb128 0x11
 1877 013a 01       		.uleb128 0x1
 1878 013b 31       		.uleb128 0x31
 1879 013c 13       		.uleb128 0x13
 1880 013d 00       		.byte	0
 1881 013e 00       		.byte	0
 1882 013f 1D       		.uleb128 0x1d
 1883 0140 8A8201   		.uleb128 0x410a
 1884 0143 00       		.byte	0
 1885 0144 02       		.uleb128 0x2
 1886 0145 0A       		.uleb128 0xa
 1887 0146 9142     		.uleb128 0x2111
 1888 0148 0A       		.uleb128 0xa
 1889 0149 00       		.byte	0
 1890 014a 00       		.byte	0
 1891 014b 1E       		.uleb128 0x1e
 1892 014c 2E       		.uleb128 0x2e
 1893 014d 01       		.byte	0x1
 1894 014e 3F       		.uleb128 0x3f
 1895 014f 0C       		.uleb128 0xc
 1896 0150 03       		.uleb128 0x3
 1897 0151 0E       		.uleb128 0xe
 1898 0152 3A       		.uleb128 0x3a
 1899 0153 0B       		.uleb128 0xb
 1900 0154 3B       		.uleb128 0x3b
 1901 0155 0B       		.uleb128 0xb
 1902 0156 27       		.uleb128 0x27
 1903 0157 0C       		.uleb128 0xc
 1904 0158 49       		.uleb128 0x49
 1905 0159 13       		.uleb128 0x13
 1906 015a 11       		.uleb128 0x11
 1907 015b 01       		.uleb128 0x1
 1908 015c 12       		.uleb128 0x12
 1909 015d 01       		.uleb128 0x1
 1910 015e 40       		.uleb128 0x40
 1911 015f 06       		.uleb128 0x6
 1912 0160 9742     		.uleb128 0x2117
 1913 0162 0C       		.uleb128 0xc
 1914 0163 01       		.uleb128 0x1
 1915 0164 13       		.uleb128 0x13
 1916 0165 00       		.byte	0
 1917 0166 00       		.byte	0
GAS LISTING C:\Users\jean\AppData\Local\Temp\ccY7yYuY.s 			page 35


 1918 0167 1F       		.uleb128 0x1f
 1919 0168 05       		.uleb128 0x5
 1920 0169 00       		.byte	0
 1921 016a 03       		.uleb128 0x3
 1922 016b 08       		.uleb128 0x8
 1923 016c 3A       		.uleb128 0x3a
 1924 016d 0B       		.uleb128 0xb
 1925 016e 3B       		.uleb128 0x3b
 1926 016f 0B       		.uleb128 0xb
 1927 0170 49       		.uleb128 0x49
 1928 0171 13       		.uleb128 0x13
 1929 0172 02       		.uleb128 0x2
 1930 0173 06       		.uleb128 0x6
 1931 0174 00       		.byte	0
 1932 0175 00       		.byte	0
 1933 0176 20       		.uleb128 0x20
 1934 0177 34       		.uleb128 0x34
 1935 0178 00       		.byte	0
 1936 0179 03       		.uleb128 0x3
 1937 017a 08       		.uleb128 0x8
 1938 017b 3A       		.uleb128 0x3a
 1939 017c 0B       		.uleb128 0xb
 1940 017d 3B       		.uleb128 0x3b
 1941 017e 0B       		.uleb128 0xb
 1942 017f 49       		.uleb128 0x49
 1943 0180 13       		.uleb128 0x13
 1944 0181 02       		.uleb128 0x2
 1945 0182 06       		.uleb128 0x6
 1946 0183 00       		.byte	0
 1947 0184 00       		.byte	0
 1948 0185 21       		.uleb128 0x21
 1949 0186 898201   		.uleb128 0x4109
 1950 0189 01       		.byte	0x1
 1951 018a 11       		.uleb128 0x11
 1952 018b 01       		.uleb128 0x1
 1953 018c 31       		.uleb128 0x31
 1954 018d 13       		.uleb128 0x13
 1955 018e 01       		.uleb128 0x1
 1956 018f 13       		.uleb128 0x13
 1957 0190 00       		.byte	0
 1958 0191 00       		.byte	0
 1959 0192 22       		.uleb128 0x22
 1960 0193 34       		.uleb128 0x34
 1961 0194 00       		.byte	0
 1962 0195 03       		.uleb128 0x3
 1963 0196 0E       		.uleb128 0xe
 1964 0197 3A       		.uleb128 0x3a
 1965 0198 0B       		.uleb128 0xb
 1966 0199 3B       		.uleb128 0x3b
 1967 019a 0B       		.uleb128 0xb
 1968 019b 49       		.uleb128 0x49
 1969 019c 13       		.uleb128 0x13
 1970 019d 3F       		.uleb128 0x3f
 1971 019e 0C       		.uleb128 0xc
 1972 019f 3C       		.uleb128 0x3c
 1973 01a0 0C       		.uleb128 0xc
 1974 01a1 00       		.byte	0
GAS LISTING C:\Users\jean\AppData\Local\Temp\ccY7yYuY.s 			page 36


 1975 01a2 00       		.byte	0
 1976 01a3 23       		.uleb128 0x23
 1977 01a4 34       		.uleb128 0x34
 1978 01a5 00       		.byte	0
 1979 01a6 03       		.uleb128 0x3
 1980 01a7 0E       		.uleb128 0xe
 1981 01a8 3A       		.uleb128 0x3a
 1982 01a9 0B       		.uleb128 0xb
 1983 01aa 3B       		.uleb128 0x3b
 1984 01ab 0B       		.uleb128 0xb
 1985 01ac 49       		.uleb128 0x49
 1986 01ad 13       		.uleb128 0x13
 1987 01ae 3F       		.uleb128 0x3f
 1988 01af 0C       		.uleb128 0xc
 1989 01b0 02       		.uleb128 0x2
 1990 01b1 0A       		.uleb128 0xa
 1991 01b2 00       		.byte	0
 1992 01b3 00       		.byte	0
 1993 01b4 24       		.uleb128 0x24
 1994 01b5 2E       		.uleb128 0x2e
 1995 01b6 01       		.byte	0x1
 1996 01b7 3F       		.uleb128 0x3f
 1997 01b8 0C       		.uleb128 0xc
 1998 01b9 03       		.uleb128 0x3
 1999 01ba 0E       		.uleb128 0xe
 2000 01bb 3A       		.uleb128 0x3a
 2001 01bc 0B       		.uleb128 0xb
 2002 01bd 3B       		.uleb128 0x3b
 2003 01be 0B       		.uleb128 0xb
 2004 01bf 27       		.uleb128 0x27
 2005 01c0 0C       		.uleb128 0xc
 2006 01c1 3C       		.uleb128 0x3c
 2007 01c2 0C       		.uleb128 0xc
 2008 01c3 01       		.uleb128 0x1
 2009 01c4 13       		.uleb128 0x13
 2010 01c5 00       		.byte	0
 2011 01c6 00       		.byte	0
 2012 01c7 25       		.uleb128 0x25
 2013 01c8 2E       		.uleb128 0x2e
 2014 01c9 01       		.byte	0x1
 2015 01ca 3F       		.uleb128 0x3f
 2016 01cb 0C       		.uleb128 0xc
 2017 01cc 03       		.uleb128 0x3
 2018 01cd 0E       		.uleb128 0xe
 2019 01ce 3A       		.uleb128 0x3a
 2020 01cf 0B       		.uleb128 0xb
 2021 01d0 3B       		.uleb128 0x3b
 2022 01d1 05       		.uleb128 0x5
 2023 01d2 27       		.uleb128 0x27
 2024 01d3 0C       		.uleb128 0xc
 2025 01d4 3C       		.uleb128 0x3c
 2026 01d5 0C       		.uleb128 0xc
 2027 01d6 01       		.uleb128 0x1
 2028 01d7 13       		.uleb128 0x13
 2029 01d8 00       		.byte	0
 2030 01d9 00       		.byte	0
 2031 01da 26       		.uleb128 0x26
GAS LISTING C:\Users\jean\AppData\Local\Temp\ccY7yYuY.s 			page 37


 2032 01db 2E       		.uleb128 0x2e
 2033 01dc 01       		.byte	0x1
 2034 01dd 3F       		.uleb128 0x3f
 2035 01de 0C       		.uleb128 0xc
 2036 01df 03       		.uleb128 0x3
 2037 01e0 0E       		.uleb128 0xe
 2038 01e1 3A       		.uleb128 0x3a
 2039 01e2 0B       		.uleb128 0xb
 2040 01e3 3B       		.uleb128 0x3b
 2041 01e4 05       		.uleb128 0x5
 2042 01e5 27       		.uleb128 0x27
 2043 01e6 0C       		.uleb128 0xc
 2044 01e7 3C       		.uleb128 0x3c
 2045 01e8 0C       		.uleb128 0xc
 2046 01e9 00       		.byte	0
 2047 01ea 00       		.byte	0
 2048 01eb 00       		.byte	0
 2049              		.section	.debug_loc,"",@progbits
 2050              	.Ldebug_loc0:
 2051              	.LLST0:
 2052 0000 00000000 		.4byte	.LFB47
 2053 0004 00000000 		.4byte	.LCFI0
 2054 0008 0002     		.2byte	0x2
 2055 000a 71       		.byte	0x71
 2056 000b 00       		.sleb128 0
 2057 000c 00000000 		.4byte	.LCFI0
 2058 0010 00000000 		.4byte	.LCFI1
 2059 0014 0002     		.2byte	0x2
 2060 0016 71       		.byte	0x71
 2061 0017 30       		.sleb128 48
 2062 0018 00000000 		.4byte	.LCFI1
 2063 001c 00000000 		.4byte	.LFE47
 2064 0020 0002     		.2byte	0x2
 2065 0022 71       		.byte	0x71
 2066 0023 00       		.sleb128 0
 2067 0024 00000000 		.4byte	0
 2068 0028 00000000 		.4byte	0
 2069              	.LLST1:
 2070 002c 00000000 		.4byte	.LVL0
 2071 0030 00000000 		.4byte	.LVL2-1
 2072 0034 0001     		.2byte	0x1
 2073 0036 53       		.byte	0x53
 2074 0037 00000000 		.4byte	.LVL2-1
 2075 003b 00000000 		.4byte	.LFE47
 2076 003f 0004     		.2byte	0x4
 2077 0041 F3       		.byte	0xf3
 2078 0042 01       		.uleb128 0x1
 2079 0043 53       		.byte	0x53
 2080 0044 9F       		.byte	0x9f
 2081 0045 00000000 		.4byte	0
 2082 0049 00000000 		.4byte	0
 2083              	.LLST2:
 2084 004d 00000000 		.4byte	.LVL0
 2085 0051 00000000 		.4byte	.LVL1
 2086 0055 0001     		.2byte	0x1
 2087 0057 54       		.byte	0x54
 2088 0058 00000000 		.4byte	.LVL1
GAS LISTING C:\Users\jean\AppData\Local\Temp\ccY7yYuY.s 			page 38


 2089 005c 00000000 		.4byte	.LFE47
 2090 0060 0004     		.2byte	0x4
 2091 0062 F3       		.byte	0xf3
 2092 0063 01       		.uleb128 0x1
 2093 0064 54       		.byte	0x54
 2094 0065 9F       		.byte	0x9f
 2095 0066 00000000 		.4byte	0
 2096 006a 00000000 		.4byte	0
 2097              	.LLST3:
 2098 006e 00000000 		.4byte	.LFB46
 2099 0072 00000000 		.4byte	.LCFI2
 2100 0076 0002     		.2byte	0x2
 2101 0078 71       		.byte	0x71
 2102 0079 00       		.sleb128 0
 2103 007a 00000000 		.4byte	.LCFI2
 2104 007e 00000000 		.4byte	.LCFI3
 2105 0082 0002     		.2byte	0x2
 2106 0084 71       		.byte	0x71
 2107 0085 18       		.sleb128 24
 2108 0086 00000000 		.4byte	.LCFI3
 2109 008a 00000000 		.4byte	.LFE46
 2110 008e 0002     		.2byte	0x2
 2111 0090 71       		.byte	0x71
 2112 0091 00       		.sleb128 0
 2113 0092 00000000 		.4byte	0
 2114 0096 00000000 		.4byte	0
 2115              	.LLST4:
 2116 009a 00000000 		.4byte	.LVL3
 2117 009e 00000000 		.4byte	.LVL4
 2118 00a2 0001     		.2byte	0x1
 2119 00a4 53       		.byte	0x53
 2120 00a5 00000000 		.4byte	.LVL4
 2121 00a9 00000000 		.4byte	.LVL10
 2122 00ad 0001     		.2byte	0x1
 2123 00af 6C       		.byte	0x6c
 2124 00b0 00000000 		.4byte	.LVL10
 2125 00b4 00000000 		.4byte	.LFE46
 2126 00b8 0004     		.2byte	0x4
 2127 00ba F3       		.byte	0xf3
 2128 00bb 01       		.uleb128 0x1
 2129 00bc 53       		.byte	0x53
 2130 00bd 9F       		.byte	0x9f
 2131 00be 00000000 		.4byte	0
 2132 00c2 00000000 		.4byte	0
 2133              	.LLST5:
 2134 00c6 00000000 		.4byte	.LVL3
 2135 00ca 00000000 		.4byte	.LVL4
 2136 00ce 0002     		.2byte	0x2
 2137 00d0 30       		.byte	0x30
 2138 00d1 9F       		.byte	0x9f
 2139 00d2 00000000 		.4byte	.LVL4
 2140 00d6 00000000 		.4byte	.LVL5
 2141 00da 0001     		.2byte	0x1
 2142 00dc 6F       		.byte	0x6f
 2143 00dd 00000000 		.4byte	.LVL5
 2144 00e1 00000000 		.4byte	.LVL6-1
 2145 00e5 0001     		.2byte	0x1
GAS LISTING C:\Users\jean\AppData\Local\Temp\ccY7yYuY.s 			page 39


 2146 00e7 55       		.byte	0x55
 2147 00e8 00000000 		.4byte	.LVL6-1
 2148 00ec 00000000 		.4byte	.LVL6
 2149 00f0 0003     		.2byte	0x3
 2150 00f2 8F       		.byte	0x8f
 2151 00f3 7F       		.sleb128 -1
 2152 00f4 9F       		.byte	0x9f
 2153 00f5 00000000 		.4byte	.LVL6
 2154 00f9 00000000 		.4byte	.LVL8
 2155 00fd 0001     		.2byte	0x1
 2156 00ff 6F       		.byte	0x6f
 2157 0100 00000000 		.4byte	0
 2158 0104 00000000 		.4byte	0
 2159              		.section	.debug_aranges,"",@progbits
 2160 0000 00000024 		.4byte	0x24
 2161 0004 0002     		.2byte	0x2
 2162 0006 00000000 		.4byte	.Ldebug_info0
 2163 000a 04       		.byte	0x4
 2164 000b 00       		.byte	0
 2165 000c 0000     		.2byte	0
 2166 000e 0000     		.2byte	0
 2167 0010 00000000 		.4byte	.LFB47
 2168 0014 00000054 		.4byte	.LFE47-.LFB47
 2169 0018 00000000 		.4byte	.LFB46
 2170 001c 00000072 		.4byte	.LFE46-.LFB46
 2171 0020 00000000 		.4byte	0
 2172 0024 00000000 		.4byte	0
 2173              		.section	.debug_ranges,"",@progbits
 2174              	.Ldebug_ranges0:
 2175 0000 00000000 		.4byte	.LFB47
 2176 0004 00000000 		.4byte	.LFE47
 2177 0008 00000000 		.4byte	.LFB46
 2178 000c 00000000 		.4byte	.LFE46
 2179 0010 00000000 		.4byte	0
 2180 0014 00000000 		.4byte	0
 2181              		.section	.debug_line,"",@progbits
 2182              	.Ldebug_line0:
 2183 0000 000003D6 		.section	.debug_str,"MS",@progbits,1
 2183      00020000 
 2183      038F0201 
 2183      FB0E0D00 
 2183      01010101 
 2184              	.LASF52:
 2185 0000 70616464 		.string	"padding"
 2185      696E6700 
 2186              	.LASF41:
 2187 0008 705F6D73 		.string	"p_msg"
 2187      6700
 2188              	.LASF73:
 2189 000e 6D5F6E65 		.string	"m_next"
 2189      787400
 2190              	.LASF98:
 2191 0015 77615468 		.string	"waThreadGPS"
 2191      72656164 
 2191      47505300 
 2192              	.LASF3:
 2193 0021 73697A65 		.string	"size_t"
GAS LISTING C:\Users\jean\AppData\Local\Temp\ccY7yYuY.s 			page 40


 2193      5F7400
 2194              	.LASF74:
 2195 0028 7264796D 		.string	"rdymsg"
 2195      736700
 2196              	.LASF4:
 2197 002f 5F5F7569 		.string	"__uint8_t"
 2197      6E74385F 
 2197      7400
 2198              	.LASF92:
 2199 0039 76615F6C 		.string	"va_list"
 2199      69737400 
 2200              	.LASF93:
 2201 0041 76746C69 		.string	"vtlist"
 2201      737400
 2202              	.LASF46:
 2203 0048 54687265 		.string	"ThreadsQueue"
 2203      61647351 
 2203      75657565 
 2203      00
 2204              	.LASF75:
 2205 0055 65786974 		.string	"exitcode"
 2205      636F6465 
 2205      00
 2206              	.LASF29:
 2207 005e 705F7072 		.string	"p_prio"
 2207      696F00
 2208              	.LASF11:
 2209 0065 6C6F6E67 		.string	"long long int"
 2209      206C6F6E 
 2209      6720696E 
 2209      7400
 2210              	.LASF2:
 2211 0073 7369676E 		.string	"signed char"
 2211      65642063 
 2211      68617200 
 2212              	.LASF106:
 2213 007f 63685468 		.string	"chThdExit"
 2213      64457869 
 2213      7400
 2214              	.LASF45:
 2215 0089 705F6D70 		.string	"p_mpool"
 2215      6F6F6C00 
 2216              	.LASF16:
 2217 0091 626F6F6C 		.string	"bool_t"
 2217      5F7400
 2218              	.LASF84:
 2219 0098 73635F6E 		.string	"sc_name"
 2219      616D6500 
 2220              	.LASF95:
 2221 00a0 7368656C 		.string	"shell_commands_car"
 2221      6C5F636F 
 2221      6D6D616E 
 2221      64735F63 
 2221      617200
 2222              	.LASF76:
 2223 00b3 77746F62 		.string	"wtobjp"
 2223      6A7000
GAS LISTING C:\Users\jean\AppData\Local\Temp\ccY7yYuY.s 			page 41


 2224              	.LASF21:
 2225 00ba 74736C69 		.string	"tslices_t"
 2225      6365735F 
 2225      7400
 2226              	.LASF1:
 2227 00c4 6C6F6E67 		.string	"long int"
 2227      20696E74 
 2227      00
 2228              	.LASF86:
 2229 00cd 5368656C 		.string	"ShellCommand"
 2229      6C436F6D 
 2229      6D616E64 
 2229      00
 2230              	.LASF19:
 2231 00da 74737461 		.string	"tstate_t"
 2231      74655F74 
 2231      00
 2232              	.LASF50:
 2233 00e3 72656770 		.string	"regppc_t"
 2233      70635F74 
 2233      00
 2234              	.LASF12:
 2235 00ec 6C6F6E67 		.string	"long long unsigned int"
 2235      206C6F6E 
 2235      6720756E 
 2235      7369676E 
 2235      65642069 
 2236              	.LASF31:
 2237 0103 705F6E65 		.string	"p_newer"
 2237      77657200 
 2238              	.LASF89:
 2239 010b 72657365 		.string	"reserved"
 2239      72766564 
 2239      00
 2240              	.LASF57:
 2241 0114 76745F70 		.string	"vt_prev"
 2241      72657600 
 2242              	.LASF82:
 2243 011c 42617365 		.string	"BaseSequentialStream"
 2243      53657175 
 2243      656E7469 
 2243      616C5374 
 2243      7265616D 
 2244              	.LASF0:
 2245 0131 756E7369 		.string	"unsigned int"
 2245      676E6564 
 2245      20696E74 
 2245      00
 2246              	.LASF90:
 2247 013e 6F766572 		.string	"overflow_arg_area"
 2247      666C6F77 
 2247      5F617267 
 2247      5F617265 
 2247      6100
 2248              	.LASF56:
 2249 0150 76745F6E 		.string	"vt_next"
 2249      65787400 
GAS LISTING C:\Users\jean\AppData\Local\Temp\ccY7yYuY.s 			page 42


 2250              	.LASF53:
 2251 0158 636F6E74 		.string	"context"
 2251      65787400 
 2252              	.LASF7:
 2253 0160 73686F72 		.string	"short unsigned int"
 2253      7420756E 
 2253      7369676E 
 2253      65642069 
 2253      6E7400
 2254              	.LASF23:
 2255 0173 6D73675F 		.string	"msg_t"
 2255      7400
 2256              	.LASF18:
 2257 0179 746D6F64 		.string	"tmode_t"
 2257      655F7400 
 2258              	.LASF47:
 2259 0181 54687265 		.string	"ThreadsList"
 2259      6164734C 
 2259      69737400 
 2260              	.LASF24:
 2261 018d 6576656E 		.string	"eventmask_t"
 2261      746D6173 
 2261      6B5F7400 
 2262              	.LASF6:
 2263 0199 73686F72 		.string	"short int"
 2263      7420696E 
 2263      7400
 2264              	.LASF70:
 2265 01a3 4D757465 		.string	"Mutex"
 2265      7800
 2266              	.LASF8:
 2267 01a9 5F5F696E 		.string	"__int32_t"
 2267      7433325F 
 2267      7400
 2268              	.LASF49:
 2269 01b3 73746B61 		.string	"stkalign_t"
 2269      6C69676E 
 2269      5F7400
 2270              	.LASF80:
 2271 01be 77726974 		.string	"write"
 2271      6500
 2272              	.LASF58:
 2273 01c4 76745F74 		.string	"vt_time"
 2273      696D6500 
 2274              	.LASF105:
 2275 01cc 54687265 		.string	"ThreadGPS"
 2275      61644750 
 2275      5300
 2276              	.LASF48:
 2277 01d6 73697A65 		.string	"sizetype"
 2277      74797065 
 2277      00
 2278              	.LASF59:
 2279 01df 76745F66 		.string	"vt_func"
 2279      756E6300 
 2280              	.LASF87:
 2281 01e7 5F5F676E 		.string	"__gnuc_va_list"
GAS LISTING C:\Users\jean\AppData\Local\Temp\ccY7yYuY.s 			page 43


 2281      75635F76 
 2281      615F6C69 
 2281      737400
 2282              	.LASF62:
 2283 01f6 56544C69 		.string	"VTList"
 2283      737400
 2284              	.LASF65:
 2285 01fd 725F6374 		.string	"r_ctx"
 2285      7800
 2286              	.LASF66:
 2287 0203 725F6E65 		.string	"r_newer"
 2287      77657200 
 2288              	.LASF83:
 2289 020b 7368656C 		.string	"shellcmd_t"
 2289      6C636D64 
 2289      5F7400
 2290              	.LASF103:
 2291 0216 433A5C53 		.string	"C:\\SPC5Studio\\workspace\\ChibiOS-RT SPC560Dxx CARSIMU FW"
 2291      50433553 
 2291      74756469 
 2291      6F5C776F 
 2291      726B7370 
 2292              	.LASF68:
 2293 024e 725F6375 		.string	"r_current"
 2293      7272656E 
 2293      7400
 2294              	.LASF67:
 2295 0258 725F6F6C 		.string	"r_older"
 2295      64657200 
 2296              	.LASF20:
 2297 0260 74726566 		.string	"trefs_t"
 2297      735F7400 
 2298              	.LASF28:
 2299 0268 705F7072 		.string	"p_prev"
 2299      657600
 2300              	.LASF22:
 2301 026f 74707269 		.string	"tprio_t"
 2301      6F5F7400 
 2302              	.LASF17:
 2303 0277 5F426F6F 		.string	"_Bool"
 2303      6C00
 2304              	.LASF14:
 2305 027d 696E7433 		.string	"int32_t"
 2305      325F7400 
 2306              	.LASF5:
 2307 0285 756E7369 		.string	"unsigned char"
 2307      676E6564 
 2307      20636861 
 2307      7200
 2308              	.LASF71:
 2309 0293 6D5F7175 		.string	"m_queue"
 2309      65756500 
 2310              	.LASF43:
 2311 029b 705F6D74 		.string	"p_mtxlist"
 2311      786C6973 
 2311      7400
 2312              	.LASF34:
GAS LISTING C:\Users\jean\AppData\Local\Temp\ccY7yYuY.s 			page 44


 2313 02a5 705F7374 		.string	"p_state"
 2313      61746500 
 2314              	.LASF37:
 2315 02ad 705F7072 		.string	"p_preempt"
 2315      65656D70 
 2315      7400
 2316              	.LASF96:
 2317 02b7 74706770 		.string	"tpgps"
 2317      7300
 2318              	.LASF64:
 2319 02bd 725F7072 		.string	"r_prio"
 2319      696F00
 2320              	.LASF77:
 2321 02c4 65776D61 		.string	"ewmask"
 2321      736B00
 2322              	.LASF27:
 2323 02cb 705F6E65 		.string	"p_next"
 2323      787400
 2324              	.LASF79:
 2325 02d2 42617365 		.string	"BaseSequentialStreamVMT"
 2325      53657175 
 2325      656E7469 
 2325      616C5374 
 2325      7265616D 
 2326              	.LASF35:
 2327 02ea 705F666C 		.string	"p_flags"
 2327      61677300 
 2328              	.LASF91:
 2329 02f2 7265675F 		.string	"reg_save_area"
 2329      73617665 
 2329      5F617265 
 2329      6100
 2330              	.LASF26:
 2331 0300 54687265 		.string	"Thread"
 2331      616400
 2332              	.LASF42:
 2333 0307 705F6570 		.string	"p_epending"
 2333      656E6469 
 2333      6E6700
 2334              	.LASF15:
 2335 0312 75696E74 		.string	"uint32_t"
 2335      33325F74 
 2335      00
 2336              	.LASF63:
 2337 031b 725F7175 		.string	"r_queue"
 2337      65756500 
 2338              	.LASF61:
 2339 0323 76745F73 		.string	"vt_systime"
 2339      79737469 
 2339      6D6500
 2340              	.LASF102:
 2341 032e 2E2F736F 		.string	"./source/shellbt.c"
 2341      75726365 
 2341      2F736865 
 2341      6C6C6274 
 2341      2E6300
 2342              	.LASF10:
GAS LISTING C:\Users\jean\AppData\Local\Temp\ccY7yYuY.s 			page 45


 2343 0341 6C6F6E67 		.string	"long unsigned int"
 2343      20756E73 
 2343      69676E65 
 2343      6420696E 
 2343      7400
 2344              	.LASF78:
 2345 0353 63686172 		.string	"char"
 2345      00
 2346              	.LASF97:
 2347 0358 62477073 		.string	"bGpsRunning"
 2347      52756E6E 
 2347      696E6700 
 2348              	.LASF25:
 2349 0364 73797374 		.string	"systime_t"
 2349      696D655F 
 2349      7400
 2350              	.LASF44:
 2351 036e 705F7265 		.string	"p_realprio"
 2351      616C7072 
 2351      696F00
 2352              	.LASF54:
 2353 0379 76746675 		.string	"vtfunc_t"
 2353      6E635F74 
 2353      00
 2354              	.LASF9:
 2355 0382 5F5F7569 		.string	"__uint32_t"
 2355      6E743332 
 2355      5F7400
 2356              	.LASF32:
 2357 038d 705F6F6C 		.string	"p_older"
 2357      64657200 
 2358              	.LASF38:
 2359 0395 705F7469 		.string	"p_time"
 2359      6D6500
 2360              	.LASF51:
 2361 039c 696E7463 		.string	"intctx"
 2361      747800
 2362              	.LASF40:
 2363 03a3 705F6D73 		.string	"p_msgqueue"
 2363      67717565 
 2363      756500
 2364              	.LASF60:
 2365 03ae 76745F70 		.string	"vt_par"
 2365      617200
 2366              	.LASF100:
 2367 03b5 63685468 		.string	"chThdSleep"
 2367      64536C65 
 2367      657000
 2368              	.LASF33:
 2369 03c0 705F6E61 		.string	"p_name"
 2369      6D6500
 2370              	.LASF36:
 2371 03c7 705F7265 		.string	"p_refs"
 2371      667300
 2372              	.LASF69:
 2373 03ce 52656164 		.string	"ReadyList"
 2373      794C6973 
GAS LISTING C:\Users\jean\AppData\Local\Temp\ccY7yYuY.s 			page 46


 2373      7400
 2374              	.LASF94:
 2375 03d8 726C6973 		.string	"rlist"
 2375      7400
 2376              	.LASF72:
 2377 03de 6D5F6F77 		.string	"m_owner"
 2377      6E657200 
 2378              	.LASF13:
 2379 03e6 75696E74 		.string	"uint8_t"
 2379      385F7400 
 2380              	.LASF99:
 2381 03ee 63687670 		.string	"chvprintf"
 2381      72696E74 
 2381      6600
 2382              	.LASF55:
 2383 03f8 56697274 		.string	"VirtualTimer"
 2383      75616C54 
 2383      696D6572 
 2383      00
 2384              	.LASF85:
 2385 0405 73635F66 		.string	"sc_function"
 2385      756E6374 
 2385      696F6E00 
 2386              	.LASF81:
 2387 0411 72656164 		.string	"read"
 2387      00
 2388              	.LASF101:
 2389 0416 47       		.ascii	"G"
 2390 0417 4E552043 		.string	"NU C 4.9.2 20141030 (Wed Jun 8 08:37:55 MSK 2016         build.sh rev= ELvle) -mcall-sysv
 2390      20342E39 
 2390      2E322032 
 2390      30313431 
 2390      30333020 
 2391              	.LASF30:
 2392 0518 705F6374 		.string	"p_ctx"
 2392      7800
 2393              	.LASF88:
 2394 051e 5F5F7661 		.string	"__va_list_tag"
 2394      5F6C6973 
 2394      745F7461 
 2394      6700
 2395              	.LASF39:
 2396 052c 705F7761 		.string	"p_waiting"
 2396      6974696E 
 2396      6700
 2397              	.LASF104:
 2398 0536 63687072 		.string	"chprintf"
 2398      696E7466 
 2398      00
 2399              		.ident	"GCC: (GNU) 4.9.2 20141030 (Wed Jun 8 08:37:55 MSK 2016         build.sh rev= ELvle)"
GAS LISTING C:\Users\jean\AppData\Local\Temp\ccY7yYuY.s 			page 47


DEFINED SYMBOLS
                            *ABS*:00000000 shellbt.c
C:\Users\jean\AppData\Local\Temp\ccY7yYuY.s:9      .text.chprintf.constprop.0:00000000 chprintf.constprop.0
C:\Users\jean\AppData\Local\Temp\ccY7yYuY.s:66     .text.ThreadGPS:00000000 ThreadGPS
C:\Users\jean\AppData\Local\Temp\ccY7yYuY.s:169    .rodata.shell_commands_car:00000000 shell_commands_car
C:\Users\jean\AppData\Local\Temp\ccY7yYuY.s:222    .bss.waThreadGPS:00000000 waThreadGPS
C:\Users\jean\AppData\Local\Temp\ccY7yYuY.s:163    .bss.bGpsRunning:00000000 bGpsRunning
C:\Users\jean\AppData\Local\Temp\ccY7yYuY.s:228    .bss.tpgps:00000000 tpgps

UNDEFINED SYMBOLS
chvprintf
rlist
chThdSleep
chThdExit
startgps
stopgps
speed
drive
turn
blink
startdemo
stopdemo
